device is cuda:0
Files already downloaded and verified
Files already downloaded and verified
SGD (
Parameter Group 0
    dampening: 0
    differentiable: False
    foreach: None
    initial_lr: 0.0001
    lr: 0.0001
    maximize: False
    momentum: 0.9
    nesterov: False
    weight_decay: 0
)
Epoch 1/50 - Train Loss: 2.2700, Test Loss: 2.2694
Epoch 2/50 - Train Loss: 2.2276, Test Loss: 2.2259
Epoch 3/50 - Train Loss: 2.1571, Test Loss: 2.1536
Epoch 4/50 - Train Loss: 2.0556, Test Loss: 2.0501
Epoch 5/50 - Train Loss: 1.9425, Test Loss: 1.9361
Epoch 6/50 - Train Loss: 1.8676, Test Loss: 1.8601
Epoch 7/50 - Train Loss: 1.8038, Test Loss: 1.7959
Epoch 8/50 - Train Loss: 1.7490, Test Loss: 1.7403
Epoch 9/50 - Train Loss: 1.7143, Test Loss: 1.7058
Epoch 10/50 - Train Loss: 1.6889, Test Loss: 1.6807
Epoch 11/50 - Train Loss: 1.6729, Test Loss: 1.6662
Epoch 12/50 - Train Loss: 1.6598, Test Loss: 1.6539
Epoch 13/50 - Train Loss: 1.6551, Test Loss: 1.6502
Epoch 14/50 - Train Loss: 1.6417, Test Loss: 1.6363
Epoch 15/50 - Train Loss: 1.6340, Test Loss: 1.6295
Epoch 16/50 - Train Loss: 1.6225, Test Loss: 1.6185
Epoch 17/50 - Train Loss: 1.6252, Test Loss: 1.6222
Epoch 18/50 - Train Loss: 1.6240, Test Loss: 1.6188
Epoch 19/50 - Train Loss: 1.6145, Test Loss: 1.6106
Epoch 20/50 - Train Loss: 1.6092, Test Loss: 1.6048
Epoch 21/50 - Train Loss: 1.6045, Test Loss: 1.6016
Epoch 22/50 - Train Loss: 1.6023, Test Loss: 1.6005
Epoch 23/50 - Train Loss: 1.5992, Test Loss: 1.5952
Epoch 24/50 - Train Loss: 1.6061, Test Loss: 1.6029
Epoch 25/50 - Train Loss: 1.5976, Test Loss: 1.5960
Epoch 26/50 - Train Loss: 1.5928, Test Loss: 1.5903
Epoch 27/50 - Train Loss: 1.5932, Test Loss: 1.5908
Epoch 28/50 - Train Loss: 1.5924, Test Loss: 1.5900
Epoch 29/50 - Train Loss: 1.5923, Test Loss: 1.5900
Epoch 30/50 - Train Loss: 1.5941, Test Loss: 1.5911
Epoch 31/50 - Train Loss: 1.5914, Test Loss: 1.5890
Epoch 32/50 - Train Loss: 1.5912, Test Loss: 1.5887
Epoch 33/50 - Train Loss: 1.5912, Test Loss: 1.5888
Epoch 34/50 - Train Loss: 1.5916, Test Loss: 1.5892
Epoch 35/50 - Train Loss: 1.5912, Test Loss: 1.5890
Epoch 36/50 - Train Loss: 1.5906, Test Loss: 1.5882
Epoch 37/50 - Train Loss: 1.5904, Test Loss: 1.5878
Epoch 38/50 - Train Loss: 1.5903, Test Loss: 1.5877
Epoch 39/50 - Train Loss: 1.5902, Test Loss: 1.5877
Epoch 40/50 - Train Loss: 1.5903, Test Loss: 1.5877
Epoch 41/50 - Train Loss: 1.5903, Test Loss: 1.5878
Epoch 42/50 - Train Loss: 1.5902, Test Loss: 1.5877
Epoch 43/50 - Train Loss: 1.5902, Test Loss: 1.5877
Epoch 44/50 - Train Loss: 1.5902, Test Loss: 1.5876
Epoch 45/50 - Train Loss: 1.5901, Test Loss: 1.5877
Epoch 46/50 - Train Loss: 1.5901, Test Loss: 1.5876
Epoch 47/50 - Train Loss: 1.5901, Test Loss: 1.5876
Epoch 48/50 - Train Loss: 1.5901, Test Loss: 1.5876
Epoch 49/50 - Train Loss: 1.5901, Test Loss: 1.5876
Epoch 50/50 - Train Loss: 1.5901, Test Loss: 1.5877
total size: 42.617958068847656
