device is cuda:0
Files already downloaded and verified
Files already downloaded and verified
SGD (
Parameter Group 0
    dampening: 0
    differentiable: False
    foreach: None
    initial_lr: 0.0001
    lr: 0.0001
    maximize: False
    momentum: 0.9
    nesterov: False
    weight_decay: 0
)
Epoch 1/100 - Train Loss: 2.2711, Test Loss: 2.2705
Epoch 2/100 - Train Loss: 2.2327, Test Loss: 2.2313
Epoch 3/100 - Train Loss: 2.1714, Test Loss: 2.1683
Epoch 4/100 - Train Loss: 2.0791, Test Loss: 2.0738
Epoch 5/100 - Train Loss: 1.9648, Test Loss: 1.9585
Epoch 6/100 - Train Loss: 1.8891, Test Loss: 1.8817
Epoch 7/100 - Train Loss: 1.8285, Test Loss: 1.8206
Epoch 8/100 - Train Loss: 1.7712, Test Loss: 1.7620
Epoch 9/100 - Train Loss: 1.7326, Test Loss: 1.7234
Epoch 10/100 - Train Loss: 1.7050, Test Loss: 1.6963
Epoch 11/100 - Train Loss: 1.6892, Test Loss: 1.6817
Epoch 12/100 - Train Loss: 1.6792, Test Loss: 1.6722
Epoch 13/100 - Train Loss: 1.6739, Test Loss: 1.6676
Epoch 14/100 - Train Loss: 1.6614, Test Loss: 1.6544
Epoch 15/100 - Train Loss: 1.6505, Test Loss: 1.6441
Epoch 16/100 - Train Loss: 1.6391, Test Loss: 1.6335
Epoch 17/100 - Train Loss: 1.6411, Test Loss: 1.6357
Epoch 18/100 - Train Loss: 1.6442, Test Loss: 1.6377
Epoch 19/100 - Train Loss: 1.6303, Test Loss: 1.6251
Epoch 20/100 - Train Loss: 1.6246, Test Loss: 1.6188
Epoch 21/100 - Train Loss: 1.6177, Test Loss: 1.6133
Epoch 22/100 - Train Loss: 1.6141, Test Loss: 1.6107
Epoch 23/100 - Train Loss: 1.6104, Test Loss: 1.6053
Epoch 24/100 - Train Loss: 1.6129, Test Loss: 1.6090
Epoch 25/100 - Train Loss: 1.6045, Test Loss: 1.6014
Epoch 26/100 - Train Loss: 1.6182, Test Loss: 1.6131
Epoch 27/100 - Train Loss: 1.6123, Test Loss: 1.6085
Epoch 28/100 - Train Loss: 1.6218, Test Loss: 1.6178
Epoch 29/100 - Train Loss: 1.6009, Test Loss: 1.5981
Epoch 30/100 - Train Loss: 1.5953, Test Loss: 1.5919
Epoch 31/100 - Train Loss: 1.5988, Test Loss: 1.5956
Epoch 32/100 - Train Loss: 1.6005, Test Loss: 1.5958
Epoch 33/100 - Train Loss: 1.5937, Test Loss: 1.5907
Epoch 34/100 - Train Loss: 1.5911, Test Loss: 1.5887
Epoch 35/100 - Train Loss: 1.6085, Test Loss: 1.6058
Epoch 36/100 - Train Loss: 1.5902, Test Loss: 1.5880
Epoch 37/100 - Train Loss: 1.5978, Test Loss: 1.5966
Epoch 38/100 - Train Loss: 1.5901, Test Loss: 1.5871
Epoch 39/100 - Train Loss: 1.5902, Test Loss: 1.5887
Epoch 40/100 - Train Loss: 1.5849, Test Loss: 1.5817
Epoch 41/100 - Train Loss: 1.5832, Test Loss: 1.5807
Epoch 42/100 - Train Loss: 1.5818, Test Loss: 1.5794
Epoch 43/100 - Train Loss: 1.5885, Test Loss: 1.5875
Epoch 44/100 - Train Loss: 1.5943, Test Loss: 1.5905
Epoch 45/100 - Train Loss: 1.5791, Test Loss: 1.5758
Epoch 46/100 - Train Loss: 1.5773, Test Loss: 1.5753
Epoch 47/100 - Train Loss: 1.5797, Test Loss: 1.5785
Epoch 48/100 - Train Loss: 1.5742, Test Loss: 1.5719
Epoch 49/100 - Train Loss: 1.5731, Test Loss: 1.5714
Epoch 50/100 - Train Loss: 1.5760, Test Loss: 1.5732
Epoch 51/100 - Train Loss: 1.5680, Test Loss: 1.5658
Epoch 52/100 - Train Loss: 1.5676, Test Loss: 1.5652
Epoch 53/100 - Train Loss: 1.5675, Test Loss: 1.5653
Epoch 54/100 - Train Loss: 1.5677, Test Loss: 1.5653
Epoch 55/100 - Train Loss: 1.5665, Test Loss: 1.5643
Epoch 56/100 - Train Loss: 1.5664, Test Loss: 1.5641
Epoch 57/100 - Train Loss: 1.5672, Test Loss: 1.5647
Epoch 58/100 - Train Loss: 1.5675, Test Loss: 1.5646
Epoch 59/100 - Train Loss: 1.5656, Test Loss: 1.5634
Epoch 60/100 - Train Loss: 1.5654, Test Loss: 1.5631
Epoch 61/100 - Train Loss: 1.5670, Test Loss: 1.5652
Epoch 62/100 - Train Loss: 1.5659, Test Loss: 1.5632
Epoch 63/100 - Train Loss: 1.5651, Test Loss: 1.5623
Epoch 64/100 - Train Loss: 1.5661, Test Loss: 1.5645
Epoch 65/100 - Train Loss: 1.5641, Test Loss: 1.5619
Epoch 66/100 - Train Loss: 1.5656, Test Loss: 1.5639
Epoch 67/100 - Train Loss: 1.5646, Test Loss: 1.5624
Epoch 68/100 - Train Loss: 1.5638, Test Loss: 1.5617
Epoch 69/100 - Train Loss: 1.5633, Test Loss: 1.5609
Epoch 70/100 - Train Loss: 1.5646, Test Loss: 1.5629
Epoch 71/100 - Train Loss: 1.5637, Test Loss: 1.5610
Epoch 72/100 - Train Loss: 1.5638, Test Loss: 1.5619
Epoch 73/100 - Train Loss: 1.5624, Test Loss: 1.5602
Epoch 74/100 - Train Loss: 1.5645, Test Loss: 1.5629
Epoch 75/100 - Train Loss: 1.5633, Test Loss: 1.5613
Epoch 76/100 - Train Loss: 1.5619, Test Loss: 1.5595
Epoch 77/100 - Train Loss: 1.5619, Test Loss: 1.5596
Epoch 78/100 - Train Loss: 1.5618, Test Loss: 1.5595
Epoch 79/100 - Train Loss: 1.5618, Test Loss: 1.5595
Epoch 80/100 - Train Loss: 1.5618, Test Loss: 1.5595
Epoch 81/100 - Train Loss: 1.5619, Test Loss: 1.5595
Epoch 82/100 - Train Loss: 1.5617, Test Loss: 1.5594
Epoch 83/100 - Train Loss: 1.5617, Test Loss: 1.5594
Epoch 84/100 - Train Loss: 1.5617, Test Loss: 1.5593
Epoch 85/100 - Train Loss: 1.5617, Test Loss: 1.5593
Epoch 86/100 - Train Loss: 1.5616, Test Loss: 1.5593
Epoch 87/100 - Train Loss: 1.5616, Test Loss: 1.5593
Epoch 88/100 - Train Loss: 1.5616, Test Loss: 1.5593
Epoch 89/100 - Train Loss: 1.5616, Test Loss: 1.5593
Epoch 90/100 - Train Loss: 1.5617, Test Loss: 1.5592
Epoch 91/100 - Train Loss: 1.5615, Test Loss: 1.5593
Epoch 92/100 - Train Loss: 1.5615, Test Loss: 1.5593
Epoch 93/100 - Train Loss: 1.5615, Test Loss: 1.5592
Epoch 94/100 - Train Loss: 1.5615, Test Loss: 1.5592
Epoch 95/100 - Train Loss: 1.5614, Test Loss: 1.5591
Epoch 96/100 - Train Loss: 1.5614, Test Loss: 1.5592
Epoch 97/100 - Train Loss: 1.5614, Test Loss: 1.5592
Epoch 98/100 - Train Loss: 1.5614, Test Loss: 1.5590
Epoch 99/100 - Train Loss: 1.5613, Test Loss: 1.5591
Epoch 100/100 - Train Loss: 1.5613, Test Loss: 1.5591
