device is cuda:0
Files already downloaded and verified
Files already downloaded and verified
SGD (
Parameter Group 0
    dampening: 0
    differentiable: False
    foreach: None
    initial_lr: 0.0005
    lr: 0.0005
    maximize: False
    momentum: 0.9
    nesterov: False
    weight_decay: 0
)
Epoch 1/100 - Train Loss: 1.8920, Test Loss: 1.8849
Epoch 2/100 - Train Loss: 1.5928, Test Loss: 1.5906
Epoch 3/100 - Train Loss: 1.4912, Test Loss: 1.4972
Epoch 4/100 - Train Loss: 1.4143, Test Loss: 1.4179
Epoch 5/100 - Train Loss: 1.3570, Test Loss: 1.3664
Epoch 6/100 - Train Loss: 1.3013, Test Loss: 1.3203
Epoch 7/100 - Train Loss: 1.2766, Test Loss: 1.2955
Epoch 8/100 - Train Loss: 1.1933, Test Loss: 1.2186
Epoch 9/100 - Train Loss: 1.2113, Test Loss: 1.2370
Epoch 10/100 - Train Loss: 1.1693, Test Loss: 1.2065
Epoch 11/100 - Train Loss: 1.1139, Test Loss: 1.1576
Epoch 12/100 - Train Loss: 1.0929, Test Loss: 1.1415
Epoch 13/100 - Train Loss: 1.0804, Test Loss: 1.1281
Epoch 14/100 - Train Loss: 1.1613, Test Loss: 1.2088
Epoch 15/100 - Train Loss: 1.1257, Test Loss: 1.1772
Epoch 16/100 - Train Loss: 1.0403, Test Loss: 1.0953
Epoch 17/100 - Train Loss: 1.0333, Test Loss: 1.0885
Epoch 18/100 - Train Loss: 1.0236, Test Loss: 1.0784
Epoch 19/100 - Train Loss: 0.9940, Test Loss: 1.0521
Epoch 20/100 - Train Loss: 0.9999, Test Loss: 1.0541
Epoch 21/100 - Train Loss: 1.0127, Test Loss: 1.0680
Epoch 22/100 - Train Loss: 0.9829, Test Loss: 1.0383
Epoch 23/100 - Train Loss: 0.9720, Test Loss: 1.0281
Epoch 24/100 - Train Loss: 1.0205, Test Loss: 1.0765
Epoch 25/100 - Train Loss: 1.0157, Test Loss: 1.0743
Epoch 26/100 - Train Loss: 0.9705, Test Loss: 1.0323
Epoch 27/100 - Train Loss: 0.9959, Test Loss: 1.0590
Epoch 28/100 - Train Loss: 0.9627, Test Loss: 1.0250
Epoch 29/100 - Train Loss: 1.0155, Test Loss: 1.0735
Epoch 30/100 - Train Loss: 0.9739, Test Loss: 1.0325
Epoch 31/100 - Train Loss: 0.9804, Test Loss: 1.0383
Epoch 32/100 - Train Loss: 0.9781, Test Loss: 1.0390
Epoch 33/100 - Train Loss: 0.9689, Test Loss: 1.0260
Epoch 34/100 - Train Loss: 0.9782, Test Loss: 1.0345
Epoch 35/100 - Train Loss: 0.9836, Test Loss: 1.0466
Epoch 36/100 - Train Loss: 0.9512, Test Loss: 1.0099
Epoch 37/100 - Train Loss: 0.9431, Test Loss: 1.0015
Epoch 38/100 - Train Loss: 0.9529, Test Loss: 1.0072
Epoch 39/100 - Train Loss: 0.9462, Test Loss: 1.0031
Epoch 40/100 - Train Loss: 0.9936, Test Loss: 1.0532
Epoch 41/100 - Train Loss: 0.9409, Test Loss: 0.9992
Epoch 42/100 - Train Loss: 0.9803, Test Loss: 1.0349
Epoch 43/100 - Train Loss: 0.9504, Test Loss: 1.0064
Epoch 44/100 - Train Loss: 0.9584, Test Loss: 1.0162
Epoch 45/100 - Train Loss: 0.9610, Test Loss: 1.0147
Epoch 46/100 - Train Loss: 0.9575, Test Loss: 1.0138
Epoch 47/100 - Train Loss: 0.9539, Test Loss: 1.0104
Epoch 48/100 - Train Loss: 0.9718, Test Loss: 1.0279
Epoch 49/100 - Train Loss: 0.9450, Test Loss: 0.9986
Epoch 50/100 - Train Loss: 0.9568, Test Loss: 1.0081
Epoch 51/100 - Train Loss: 0.9141, Test Loss: 0.9700
Epoch 52/100 - Train Loss: 0.9129, Test Loss: 0.9695
Epoch 53/100 - Train Loss: 0.9127, Test Loss: 0.9702
Epoch 54/100 - Train Loss: 0.9118, Test Loss: 0.9688
Epoch 55/100 - Train Loss: 0.9109, Test Loss: 0.9676
Epoch 56/100 - Train Loss: 0.9130, Test Loss: 0.9703
Epoch 57/100 - Train Loss: 0.9115, Test Loss: 0.9681
Epoch 58/100 - Train Loss: 0.9151, Test Loss: 0.9725
Epoch 59/100 - Train Loss: 0.9094, Test Loss: 0.9672
Epoch 60/100 - Train Loss: 0.9120, Test Loss: 0.9686
Epoch 61/100 - Train Loss: 0.9101, Test Loss: 0.9668
Epoch 62/100 - Train Loss: 0.9102, Test Loss: 0.9678
Epoch 63/100 - Train Loss: 0.9107, Test Loss: 0.9675
Epoch 64/100 - Train Loss: 0.9088, Test Loss: 0.9668
Epoch 65/100 - Train Loss: 0.9063, Test Loss: 0.9636
Epoch 66/100 - Train Loss: 0.9083, Test Loss: 0.9659
Epoch 67/100 - Train Loss: 0.9105, Test Loss: 0.9666
Epoch 68/100 - Train Loss: 0.9070, Test Loss: 0.9652
Epoch 69/100 - Train Loss: 0.9059, Test Loss: 0.9636
Epoch 70/100 - Train Loss: 0.9079, Test Loss: 0.9663
Epoch 71/100 - Train Loss: 0.9050, Test Loss: 0.9628
Epoch 72/100 - Train Loss: 0.9045, Test Loss: 0.9628
Epoch 73/100 - Train Loss: 0.9063, Test Loss: 0.9655
Epoch 74/100 - Train Loss: 0.9099, Test Loss: 0.9666
Epoch 75/100 - Train Loss: 0.9091, Test Loss: 0.9682
Epoch 76/100 - Train Loss: 0.9029, Test Loss: 0.9611
Epoch 77/100 - Train Loss: 0.9026, Test Loss: 0.9606
Epoch 78/100 - Train Loss: 0.9025, Test Loss: 0.9607
Epoch 79/100 - Train Loss: 0.9025, Test Loss: 0.9609
Epoch 80/100 - Train Loss: 0.9024, Test Loss: 0.9606
Epoch 81/100 - Train Loss: 0.9027, Test Loss: 0.9613
Epoch 82/100 - Train Loss: 0.9024, Test Loss: 0.9607
Epoch 83/100 - Train Loss: 0.9023, Test Loss: 0.9606
Epoch 84/100 - Train Loss: 0.9030, Test Loss: 0.9614
Epoch 85/100 - Train Loss: 0.9023, Test Loss: 0.9608
Epoch 86/100 - Train Loss: 0.9021, Test Loss: 0.9604
Epoch 87/100 - Train Loss: 0.9020, Test Loss: 0.9603
Epoch 88/100 - Train Loss: 0.9021, Test Loss: 0.9604
Epoch 89/100 - Train Loss: 0.9021, Test Loss: 0.9604
Epoch 90/100 - Train Loss: 0.9021, Test Loss: 0.9606
Epoch 91/100 - Train Loss: 0.9020, Test Loss: 0.9603
Epoch 92/100 - Train Loss: 0.9023, Test Loss: 0.9606
Epoch 93/100 - Train Loss: 0.9020, Test Loss: 0.9606
Epoch 94/100 - Train Loss: 0.9020, Test Loss: 0.9603
Epoch 95/100 - Train Loss: 0.9018, Test Loss: 0.9603
Epoch 96/100 - Train Loss: 0.9018, Test Loss: 0.9601
Epoch 97/100 - Train Loss: 0.9020, Test Loss: 0.9603
Epoch 98/100 - Train Loss: 0.9019, Test Loss: 0.9605
Epoch 99/100 - Train Loss: 0.9016, Test Loss: 0.9601
Epoch 100/100 - Train Loss: 0.9023, Test Loss: 0.9605
total size: 42.617958068847656
