device is cuda:0
Files already downloaded and verified
Files already downloaded and verified
SGD (
Parameter Group 0
    dampening: 0
    differentiable: False
    foreach: None
    initial_lr: 0.0001
    lr: 0.0001
    maximize: False
    momentum: 0.9
    nesterov: False
    weight_decay: 0
)
Epoch 1/100 - Train Loss: 1.9866, Test Loss: 1.9872
Epoch 2/100 - Train Loss: 1.8336, Test Loss: 1.8351
Epoch 3/100 - Train Loss: 1.7537, Test Loss: 1.7562
Epoch 4/100 - Train Loss: 1.6891, Test Loss: 1.6931
Epoch 5/100 - Train Loss: 1.6294, Test Loss: 1.6352
Epoch 6/100 - Train Loss: 1.5728, Test Loss: 1.5798
Epoch 7/100 - Train Loss: 1.5191, Test Loss: 1.5281
Epoch 8/100 - Train Loss: 1.4734, Test Loss: 1.4857
Epoch 9/100 - Train Loss: 1.4395, Test Loss: 1.4530
Epoch 10/100 - Train Loss: 1.3969, Test Loss: 1.4164
Epoch 11/100 - Train Loss: 1.3697, Test Loss: 1.3900
Epoch 12/100 - Train Loss: 1.3318, Test Loss: 1.3573
Epoch 13/100 - Train Loss: 1.3006, Test Loss: 1.3304
Epoch 14/100 - Train Loss: 1.2732, Test Loss: 1.3057
Epoch 15/100 - Train Loss: 1.2614, Test Loss: 1.2975
Epoch 16/100 - Train Loss: 1.2207, Test Loss: 1.2608
Epoch 17/100 - Train Loss: 1.2238, Test Loss: 1.2669
Epoch 18/100 - Train Loss: 1.1776, Test Loss: 1.2267
Epoch 19/100 - Train Loss: 1.1548, Test Loss: 1.2078
Epoch 20/100 - Train Loss: 1.1370, Test Loss: 1.1915
Epoch 21/100 - Train Loss: 1.1286, Test Loss: 1.1821
Epoch 22/100 - Train Loss: 1.0904, Test Loss: 1.1501
Epoch 23/100 - Train Loss: 1.0841, Test Loss: 1.1511
Epoch 24/100 - Train Loss: 1.0601, Test Loss: 1.1316
Epoch 25/100 - Train Loss: 1.0329, Test Loss: 1.1082
Epoch 26/100 - Train Loss: 1.0189, Test Loss: 1.0956
Epoch 27/100 - Train Loss: 1.0025, Test Loss: 1.0847
Epoch 28/100 - Train Loss: 0.9838, Test Loss: 1.0700
Epoch 29/100 - Train Loss: 0.9723, Test Loss: 1.0634
Epoch 30/100 - Train Loss: 0.9843, Test Loss: 1.0818
Epoch 31/100 - Train Loss: 0.9625, Test Loss: 1.0592
Epoch 32/100 - Train Loss: 0.9396, Test Loss: 1.0449
Epoch 33/100 - Train Loss: 0.9289, Test Loss: 1.0321
Epoch 34/100 - Train Loss: 0.9012, Test Loss: 1.0121
Epoch 35/100 - Train Loss: 0.8938, Test Loss: 1.0067
Epoch 36/100 - Train Loss: 0.8841, Test Loss: 1.0033
Epoch 37/100 - Train Loss: 0.8944, Test Loss: 1.0234
Epoch 38/100 - Train Loss: 0.8847, Test Loss: 1.0132
Epoch 39/100 - Train Loss: 0.8421, Test Loss: 0.9774
Epoch 40/100 - Train Loss: 0.8323, Test Loss: 0.9740
Epoch 41/100 - Train Loss: 0.8244, Test Loss: 0.9671
Epoch 42/100 - Train Loss: 0.8115, Test Loss: 0.9642
Epoch 43/100 - Train Loss: 0.8021, Test Loss: 0.9581
Epoch 44/100 - Train Loss: 0.8177, Test Loss: 0.9823
Epoch 45/100 - Train Loss: 0.7729, Test Loss: 0.9430
Epoch 46/100 - Train Loss: 0.7866, Test Loss: 0.9660
Epoch 47/100 - Train Loss: 0.7758, Test Loss: 0.9644
Epoch 48/100 - Train Loss: 0.7529, Test Loss: 0.9396
Epoch 49/100 - Train Loss: 0.7457, Test Loss: 0.9422
Epoch 50/100 - Train Loss: 0.7353, Test Loss: 0.9377
Epoch 51/100 - Train Loss: 0.7071, Test Loss: 0.9194
Epoch 52/100 - Train Loss: 0.7043, Test Loss: 0.9186
Epoch 53/100 - Train Loss: 0.7031, Test Loss: 0.9180
Epoch 54/100 - Train Loss: 0.7022, Test Loss: 0.9176
Epoch 55/100 - Train Loss: 0.7017, Test Loss: 0.9197
Epoch 56/100 - Train Loss: 0.6990, Test Loss: 0.9160
Epoch 57/100 - Train Loss: 0.7009, Test Loss: 0.9179
Epoch 58/100 - Train Loss: 0.6971, Test Loss: 0.9187
Epoch 59/100 - Train Loss: 0.6972, Test Loss: 0.9171
Epoch 60/100 - Train Loss: 0.6953, Test Loss: 0.9183
Epoch 61/100 - Train Loss: 0.6940, Test Loss: 0.9183
Epoch 62/100 - Train Loss: 0.6919, Test Loss: 0.9163
Epoch 63/100 - Train Loss: 0.6898, Test Loss: 0.9183
Epoch 64/100 - Train Loss: 0.6904, Test Loss: 0.9193
Epoch 65/100 - Train Loss: 0.6885, Test Loss: 0.9178
Epoch 66/100 - Train Loss: 0.6863, Test Loss: 0.9168
Epoch 67/100 - Train Loss: 0.6865, Test Loss: 0.9184
Epoch 68/100 - Train Loss: 0.6854, Test Loss: 0.9170
Epoch 69/100 - Train Loss: 0.6849, Test Loss: 0.9180
Epoch 70/100 - Train Loss: 0.6854, Test Loss: 0.9172
Epoch 71/100 - Train Loss: 0.6808, Test Loss: 0.9175
Epoch 72/100 - Train Loss: 0.6806, Test Loss: 0.9166
Epoch 73/100 - Train Loss: 0.6786, Test Loss: 0.9174
Epoch 74/100 - Train Loss: 0.6772, Test Loss: 0.9181
Epoch 75/100 - Train Loss: 0.6795, Test Loss: 0.9188
Epoch 76/100 - Train Loss: 0.6760, Test Loss: 0.9160
Epoch 77/100 - Train Loss: 0.6757, Test Loss: 0.9168
Epoch 78/100 - Train Loss: 0.6758, Test Loss: 0.9162
Epoch 79/100 - Train Loss: 0.6819, Test Loss: 0.9222
Epoch 80/100 - Train Loss: 0.6748, Test Loss: 0.9164
Epoch 81/100 - Train Loss: 0.6764, Test Loss: 0.9169
Epoch 82/100 - Train Loss: 0.6757, Test Loss: 0.9171
Epoch 83/100 - Train Loss: 0.6741, Test Loss: 0.9156
Epoch 84/100 - Train Loss: 0.6743, Test Loss: 0.9162
Epoch 85/100 - Train Loss: 0.6748, Test Loss: 0.9157
Epoch 86/100 - Train Loss: 0.6735, Test Loss: 0.9163
Epoch 87/100 - Train Loss: 0.6741, Test Loss: 0.9156
Epoch 88/100 - Train Loss: 0.6737, Test Loss: 0.9160
Epoch 89/100 - Train Loss: 0.6755, Test Loss: 0.9158
Epoch 90/100 - Train Loss: 0.6736, Test Loss: 0.9150
Epoch 91/100 - Train Loss: 0.6735, Test Loss: 0.9164
Epoch 92/100 - Train Loss: 0.6739, Test Loss: 0.9160
Epoch 93/100 - Train Loss: 0.6749, Test Loss: 0.9164
Epoch 94/100 - Train Loss: 0.6742, Test Loss: 0.9167
Epoch 95/100 - Train Loss: 0.6724, Test Loss: 0.9151
Epoch 96/100 - Train Loss: 0.6730, Test Loss: 0.9148
Epoch 97/100 - Train Loss: 0.6751, Test Loss: 0.9173
Epoch 98/100 - Train Loss: 0.6730, Test Loss: 0.9165
Epoch 99/100 - Train Loss: 0.6754, Test Loss: 0.9207
Epoch 100/100 - Train Loss: 0.6740, Test Loss: 0.9174
total size: 1.0394058227539062
