device is cuda:0
Files already downloaded and verified
Files already downloaded and verified
SGD (
Parameter Group 0
    dampening: 0
    differentiable: False
    foreach: None
    initial_lr: 0.0001
    lr: 0.0001
    maximize: False
    momentum: 0.9
    nesterov: False
    weight_decay: 0
)
Epoch 1/50 - Train Loss: 2.2645, Test Loss: 2.2637
Epoch 2/50 - Train Loss: 2.1970, Test Loss: 2.1948
Epoch 3/50 - Train Loss: 2.0624, Test Loss: 2.0564
Epoch 4/50 - Train Loss: 1.8869, Test Loss: 1.8801
Epoch 5/50 - Train Loss: 1.7757, Test Loss: 1.7687
Epoch 6/50 - Train Loss: 1.6804, Test Loss: 1.6755
Epoch 7/50 - Train Loss: 1.6395, Test Loss: 1.6385
Epoch 8/50 - Train Loss: 1.5775, Test Loss: 1.5782
Epoch 9/50 - Train Loss: 1.5365, Test Loss: 1.5399
Epoch 10/50 - Train Loss: 1.4911, Test Loss: 1.4974
Epoch 11/50 - Train Loss: 1.4989, Test Loss: 1.5054
Epoch 12/50 - Train Loss: 1.4532, Test Loss: 1.4611
Epoch 13/50 - Train Loss: 1.4253, Test Loss: 1.4342
Epoch 14/50 - Train Loss: 1.3928, Test Loss: 1.4011
Epoch 15/50 - Train Loss: 1.3817, Test Loss: 1.3945
Epoch 16/50 - Train Loss: 1.3648, Test Loss: 1.3797
Epoch 17/50 - Train Loss: 1.3464, Test Loss: 1.3635
Epoch 18/50 - Train Loss: 1.3168, Test Loss: 1.3308
Epoch 19/50 - Train Loss: 1.2858, Test Loss: 1.3050
Epoch 20/50 - Train Loss: 1.2834, Test Loss: 1.3012
Epoch 21/50 - Train Loss: 1.2471, Test Loss: 1.2710
Epoch 22/50 - Train Loss: 1.2176, Test Loss: 1.2460
Epoch 23/50 - Train Loss: 1.2021, Test Loss: 1.2328
Epoch 24/50 - Train Loss: 1.2167, Test Loss: 1.2498
Epoch 25/50 - Train Loss: 1.2071, Test Loss: 1.2460
Epoch 26/50 - Train Loss: 1.1428, Test Loss: 1.1830
Epoch 27/50 - Train Loss: 1.1433, Test Loss: 1.1841
Epoch 28/50 - Train Loss: 1.1386, Test Loss: 1.1802
Epoch 29/50 - Train Loss: 1.1392, Test Loss: 1.1816
Epoch 30/50 - Train Loss: 1.1345, Test Loss: 1.1774
Epoch 31/50 - Train Loss: 1.1320, Test Loss: 1.1765
Epoch 32/50 - Train Loss: 1.1292, Test Loss: 1.1733
Epoch 33/50 - Train Loss: 1.1282, Test Loss: 1.1732
Epoch 34/50 - Train Loss: 1.1304, Test Loss: 1.1760
Epoch 35/50 - Train Loss: 1.1249, Test Loss: 1.1709
Epoch 36/50 - Train Loss: 1.1230, Test Loss: 1.1697
Epoch 37/50 - Train Loss: 1.1207, Test Loss: 1.1675
Epoch 38/50 - Train Loss: 1.1171, Test Loss: 1.1641
Epoch 39/50 - Train Loss: 1.1169, Test Loss: 1.1638
Epoch 40/50 - Train Loss: 1.1168, Test Loss: 1.1638
Epoch 41/50 - Train Loss: 1.1171, Test Loss: 1.1643
Epoch 42/50 - Train Loss: 1.1163, Test Loss: 1.1637
Epoch 43/50 - Train Loss: 1.1162, Test Loss: 1.1636
Epoch 44/50 - Train Loss: 1.1161, Test Loss: 1.1634
Epoch 45/50 - Train Loss: 1.1159, Test Loss: 1.1633
Epoch 46/50 - Train Loss: 1.1156, Test Loss: 1.1631
Epoch 47/50 - Train Loss: 1.1155, Test Loss: 1.1631
Epoch 48/50 - Train Loss: 1.1151, Test Loss: 1.1628
Epoch 49/50 - Train Loss: 1.1150, Test Loss: 1.1627
Epoch 50/50 - Train Loss: 1.1147, Test Loss: 1.1625
total size: 42.617958068847656
