device is cuda:0
Files already downloaded and verified
Files already downloaded and verified
SGD (
Parameter Group 0
    dampening: 0
    differentiable: False
    foreach: None
    initial_lr: 0.0005
    lr: 0.0005
    maximize: False
    momentum: 0.9
    nesterov: False
    weight_decay: 0
)
Epoch 1/100 - Train Loss: 1.8677, Test Loss: 1.8608
Epoch 2/100 - Train Loss: 1.5612, Test Loss: 1.5606
Epoch 3/100 - Train Loss: 1.4546, Test Loss: 1.4624
Epoch 4/100 - Train Loss: 1.3692, Test Loss: 1.3762
Epoch 5/100 - Train Loss: 1.2790, Test Loss: 1.2973
Epoch 6/100 - Train Loss: 1.2260, Test Loss: 1.2609
Epoch 7/100 - Train Loss: 1.1764, Test Loss: 1.2180
Epoch 8/100 - Train Loss: 1.0907, Test Loss: 1.1446
Epoch 9/100 - Train Loss: 1.0492, Test Loss: 1.1126
Epoch 10/100 - Train Loss: 1.0296, Test Loss: 1.1072
Epoch 11/100 - Train Loss: 0.9591, Test Loss: 1.0514
Epoch 12/100 - Train Loss: 0.9344, Test Loss: 1.0372
Epoch 13/100 - Train Loss: 0.9193, Test Loss: 1.0318
Epoch 14/100 - Train Loss: 0.9805, Test Loss: 1.0972
Epoch 15/100 - Train Loss: 0.9323, Test Loss: 1.0734
Epoch 16/100 - Train Loss: 0.8245, Test Loss: 0.9786
Epoch 17/100 - Train Loss: 0.8165, Test Loss: 0.9741
Epoch 18/100 - Train Loss: 0.7784, Test Loss: 0.9466
Epoch 19/100 - Train Loss: 0.7670, Test Loss: 0.9526
Epoch 20/100 - Train Loss: 0.7468, Test Loss: 0.9338
Epoch 21/100 - Train Loss: 0.7290, Test Loss: 0.9329
Epoch 22/100 - Train Loss: 0.7209, Test Loss: 0.9430
Epoch 23/100 - Train Loss: 0.6606, Test Loss: 0.9038
Epoch 24/100 - Train Loss: 0.6867, Test Loss: 0.9453
Epoch 25/100 - Train Loss: 0.6414, Test Loss: 0.9167
Epoch 26/100 - Train Loss: 0.6325, Test Loss: 0.9311
Epoch 27/100 - Train Loss: 0.5821, Test Loss: 0.8966
Epoch 28/100 - Train Loss: 0.5983, Test Loss: 0.9214
Epoch 29/100 - Train Loss: 0.6651, Test Loss: 1.0010
Epoch 30/100 - Train Loss: 0.5458, Test Loss: 0.8957
Epoch 31/100 - Train Loss: 0.5666, Test Loss: 0.9372
Epoch 32/100 - Train Loss: 0.5047, Test Loss: 0.9143
Epoch 33/100 - Train Loss: 0.5049, Test Loss: 0.9330
Epoch 34/100 - Train Loss: 0.4960, Test Loss: 0.9386
Epoch 35/100 - Train Loss: 0.4317, Test Loss: 0.9100
Epoch 36/100 - Train Loss: 0.4517, Test Loss: 0.9463
Epoch 37/100 - Train Loss: 0.4343, Test Loss: 0.9417
Epoch 38/100 - Train Loss: 0.4257, Test Loss: 0.9381
Epoch 39/100 - Train Loss: 0.4189, Test Loss: 0.9762
Epoch 40/100 - Train Loss: 0.3982, Test Loss: 1.0004
Epoch 41/100 - Train Loss: 0.3998, Test Loss: 1.0216
Epoch 42/100 - Train Loss: 0.3132, Test Loss: 0.9515
Epoch 43/100 - Train Loss: 0.3287, Test Loss: 1.0077
Epoch 44/100 - Train Loss: 0.3741, Test Loss: 1.0989
Epoch 45/100 - Train Loss: 0.2830, Test Loss: 0.9786
Epoch 46/100 - Train Loss: 0.2603, Test Loss: 1.0079
Epoch 47/100 - Train Loss: 0.2524, Test Loss: 1.0169
Epoch 48/100 - Train Loss: 0.3057, Test Loss: 1.1393
Epoch 49/100 - Train Loss: 0.2867, Test Loss: 1.1135
Epoch 50/100 - Train Loss: 0.2398, Test Loss: 1.1053
Epoch 51/100 - Train Loss: 0.1409, Test Loss: 1.0529
Epoch 52/100 - Train Loss: 0.1304, Test Loss: 1.0659
Epoch 53/100 - Train Loss: 0.1270, Test Loss: 1.0726
Epoch 54/100 - Train Loss: 0.1225, Test Loss: 1.0842
Epoch 55/100 - Train Loss: 0.1201, Test Loss: 1.0890
Epoch 56/100 - Train Loss: 0.1184, Test Loss: 1.1016
Epoch 57/100 - Train Loss: 0.1160, Test Loss: 1.1092
Epoch 58/100 - Train Loss: 0.1132, Test Loss: 1.1168
Epoch 59/100 - Train Loss: 0.1104, Test Loss: 1.1274
Epoch 60/100 - Train Loss: 0.1077, Test Loss: 1.1274
Epoch 61/100 - Train Loss: 0.1057, Test Loss: 1.1325
Epoch 62/100 - Train Loss: 0.1040, Test Loss: 1.1394
Epoch 63/100 - Train Loss: 0.1043, Test Loss: 1.1522
Epoch 64/100 - Train Loss: 0.1025, Test Loss: 1.1608
Epoch 65/100 - Train Loss: 0.0987, Test Loss: 1.1625
Epoch 66/100 - Train Loss: 0.0969, Test Loss: 1.1667
Epoch 67/100 - Train Loss: 0.0980, Test Loss: 1.1775
Epoch 68/100 - Train Loss: 0.0933, Test Loss: 1.1770
Epoch 69/100 - Train Loss: 0.0921, Test Loss: 1.1843
Epoch 70/100 - Train Loss: 0.0900, Test Loss: 1.1933
Epoch 71/100 - Train Loss: 0.0890, Test Loss: 1.1970
Epoch 72/100 - Train Loss: 0.0876, Test Loss: 1.2023
Epoch 73/100 - Train Loss: 0.0865, Test Loss: 1.2130
Epoch 74/100 - Train Loss: 0.0844, Test Loss: 1.2148
Epoch 75/100 - Train Loss: 0.0872, Test Loss: 1.2322
Epoch 76/100 - Train Loss: 0.0809, Test Loss: 1.2191
Epoch 77/100 - Train Loss: 0.0806, Test Loss: 1.2212
Epoch 78/100 - Train Loss: 0.0804, Test Loss: 1.2217
Epoch 79/100 - Train Loss: 0.0802, Test Loss: 1.2231
Epoch 80/100 - Train Loss: 0.0800, Test Loss: 1.2241
Epoch 81/100 - Train Loss: 0.0799, Test Loss: 1.2249
Epoch 82/100 - Train Loss: 0.0797, Test Loss: 1.2246
Epoch 83/100 - Train Loss: 0.0798, Test Loss: 1.2261
Epoch 84/100 - Train Loss: 0.0794, Test Loss: 1.2263
Epoch 85/100 - Train Loss: 0.0793, Test Loss: 1.2277
Epoch 86/100 - Train Loss: 0.0791, Test Loss: 1.2275
Epoch 87/100 - Train Loss: 0.0789, Test Loss: 1.2288
Epoch 88/100 - Train Loss: 0.0789, Test Loss: 1.2291
Epoch 89/100 - Train Loss: 0.0787, Test Loss: 1.2293
Epoch 90/100 - Train Loss: 0.0785, Test Loss: 1.2309
Epoch 91/100 - Train Loss: 0.0784, Test Loss: 1.2315
Epoch 92/100 - Train Loss: 0.0783, Test Loss: 1.2323
Epoch 93/100 - Train Loss: 0.0781, Test Loss: 1.2321
Epoch 94/100 - Train Loss: 0.0780, Test Loss: 1.2335
Epoch 95/100 - Train Loss: 0.0778, Test Loss: 1.2341
Epoch 96/100 - Train Loss: 0.0778, Test Loss: 1.2348
Epoch 97/100 - Train Loss: 0.0775, Test Loss: 1.2342
Epoch 98/100 - Train Loss: 0.0774, Test Loss: 1.2351
Epoch 99/100 - Train Loss: 0.0772, Test Loss: 1.2365
Epoch 100/100 - Train Loss: 0.0773, Test Loss: 1.2371
total size: 42.617958068847656
