device is cuda:0
Files already downloaded and verified
Files already downloaded and verified
SGD (
Parameter Group 0
    dampening: 0
    differentiable: False
    foreach: None
    initial_lr: 0.0005
    lr: 0.0005
    maximize: False
    momentum: 0.9
    nesterov: False
    weight_decay: 0
)
Epoch 1/100 - Train Loss: 1.9880, Test Loss: 1.9819
Epoch 2/100 - Train Loss: 1.7328, Test Loss: 1.7238
Epoch 3/100 - Train Loss: 1.6719, Test Loss: 1.6672
Epoch 4/100 - Train Loss: 1.6432, Test Loss: 1.6383
Epoch 5/100 - Train Loss: 1.6480, Test Loss: 1.6417
Epoch 6/100 - Train Loss: 1.6337, Test Loss: 1.6308
Epoch 7/100 - Train Loss: 1.6707, Test Loss: 1.6668
Epoch 8/100 - Train Loss: 1.6475, Test Loss: 1.6424
Epoch 9/100 - Train Loss: 1.6968, Test Loss: 1.6899
Epoch 10/100 - Train Loss: 1.6639, Test Loss: 1.6593
Epoch 11/100 - Train Loss: 1.6869, Test Loss: 1.6818
Epoch 12/100 - Train Loss: 1.6699, Test Loss: 1.6648
Epoch 13/100 - Train Loss: 1.6782, Test Loss: 1.6727
Epoch 14/100 - Train Loss: 1.6930, Test Loss: 1.6874
Epoch 15/100 - Train Loss: 1.7082, Test Loss: 1.7009
Epoch 16/100 - Train Loss: 1.6967, Test Loss: 1.6924
Epoch 17/100 - Train Loss: 1.6837, Test Loss: 1.6786
Epoch 18/100 - Train Loss: 1.6864, Test Loss: 1.6795
Epoch 19/100 - Train Loss: 1.6800, Test Loss: 1.6745
Epoch 20/100 - Train Loss: 1.6803, Test Loss: 1.6741
Epoch 21/100 - Train Loss: 1.6880, Test Loss: 1.6832
Epoch 22/100 - Train Loss: 1.6749, Test Loss: 1.6698
Epoch 23/100 - Train Loss: 1.6770, Test Loss: 1.6712
Epoch 24/100 - Train Loss: 1.7217, Test Loss: 1.7167
Epoch 25/100 - Train Loss: 1.6768, Test Loss: 1.6725
Epoch 26/100 - Train Loss: 1.6784, Test Loss: 1.6746
Epoch 27/100 - Train Loss: 1.6668, Test Loss: 1.6630
Epoch 28/100 - Train Loss: 1.6887, Test Loss: 1.6868
Epoch 29/100 - Train Loss: 1.6968, Test Loss: 1.6922
Epoch 30/100 - Train Loss: 1.6672, Test Loss: 1.6632
Epoch 31/100 - Train Loss: 1.6847, Test Loss: 1.6819
Epoch 32/100 - Train Loss: 1.6601, Test Loss: 1.6559
Epoch 33/100 - Train Loss: 1.6538, Test Loss: 1.6496
Epoch 34/100 - Train Loss: 1.6705, Test Loss: 1.6652
Epoch 35/100 - Train Loss: 1.6530, Test Loss: 1.6521
Epoch 36/100 - Train Loss: 1.6491, Test Loss: 1.6476
Epoch 37/100 - Train Loss: 1.6395, Test Loss: 1.6355
Epoch 38/100 - Train Loss: 1.6230, Test Loss: 1.6206
Epoch 39/100 - Train Loss: 1.6417, Test Loss: 1.6381
Epoch 40/100 - Train Loss: 1.6292, Test Loss: 1.6248
Epoch 41/100 - Train Loss: 1.6159, Test Loss: 1.6134
Epoch 42/100 - Train Loss: 1.6225, Test Loss: 1.6217
Epoch 43/100 - Train Loss: 1.6263, Test Loss: 1.6268
Epoch 44/100 - Train Loss: 1.5965, Test Loss: 1.5963
Epoch 45/100 - Train Loss: 1.6032, Test Loss: 1.6010
Epoch 46/100 - Train Loss: 1.6291, Test Loss: 1.6250
Epoch 47/100 - Train Loss: 1.5890, Test Loss: 1.5911
Epoch 48/100 - Train Loss: 1.6164, Test Loss: 1.6133
Epoch 49/100 - Train Loss: 1.5847, Test Loss: 1.5830
Epoch 50/100 - Train Loss: 1.5810, Test Loss: 1.5799
Epoch 51/100 - Train Loss: 1.5662, Test Loss: 1.5670
Epoch 52/100 - Train Loss: 1.5650, Test Loss: 1.5655
Epoch 53/100 - Train Loss: 1.5652, Test Loss: 1.5663
Epoch 54/100 - Train Loss: 1.5652, Test Loss: 1.5660
Epoch 55/100 - Train Loss: 1.5636, Test Loss: 1.5650
Epoch 56/100 - Train Loss: 1.5624, Test Loss: 1.5632
Epoch 57/100 - Train Loss: 1.5633, Test Loss: 1.5644
Epoch 58/100 - Train Loss: 1.5648, Test Loss: 1.5648
Epoch 59/100 - Train Loss: 1.5618, Test Loss: 1.5625
Epoch 60/100 - Train Loss: 1.5599, Test Loss: 1.5609
Epoch 61/100 - Train Loss: 1.5622, Test Loss: 1.5630
Epoch 62/100 - Train Loss: 1.5600, Test Loss: 1.5606
Epoch 63/100 - Train Loss: 1.5595, Test Loss: 1.5601
Epoch 64/100 - Train Loss: 1.5587, Test Loss: 1.5603
Epoch 65/100 - Train Loss: 1.5584, Test Loss: 1.5600
Epoch 66/100 - Train Loss: 1.5603, Test Loss: 1.5628
Epoch 67/100 - Train Loss: 1.5603, Test Loss: 1.5625
Epoch 68/100 - Train Loss: 1.5565, Test Loss: 1.5581
Epoch 69/100 - Train Loss: 1.5597, Test Loss: 1.5604
Epoch 70/100 - Train Loss: 1.5598, Test Loss: 1.5627
Epoch 71/100 - Train Loss: 1.5556, Test Loss: 1.5574
Epoch 72/100 - Train Loss: 1.5555, Test Loss: 1.5581
Epoch 73/100 - Train Loss: 1.5541, Test Loss: 1.5563
Epoch 74/100 - Train Loss: 1.5628, Test Loss: 1.5658
Epoch 75/100 - Train Loss: 1.5560, Test Loss: 1.5590
Epoch 76/100 - Train Loss: 1.5530, Test Loss: 1.5550
Epoch 77/100 - Train Loss: 1.5529, Test Loss: 1.5552
Epoch 78/100 - Train Loss: 1.5528, Test Loss: 1.5550
Epoch 79/100 - Train Loss: 1.5530, Test Loss: 1.5550
Epoch 80/100 - Train Loss: 1.5527, Test Loss: 1.5551
Epoch 81/100 - Train Loss: 1.5527, Test Loss: 1.5550
Epoch 82/100 - Train Loss: 1.5526, Test Loss: 1.5549
Epoch 83/100 - Train Loss: 1.5526, Test Loss: 1.5550
Epoch 84/100 - Train Loss: 1.5525, Test Loss: 1.5547
Epoch 85/100 - Train Loss: 1.5524, Test Loss: 1.5548
Epoch 86/100 - Train Loss: 1.5525, Test Loss: 1.5547
Epoch 87/100 - Train Loss: 1.5523, Test Loss: 1.5545
Epoch 88/100 - Train Loss: 1.5524, Test Loss: 1.5546
Epoch 89/100 - Train Loss: 1.5523, Test Loss: 1.5548
Epoch 90/100 - Train Loss: 1.5524, Test Loss: 1.5545
Epoch 91/100 - Train Loss: 1.5522, Test Loss: 1.5547
Epoch 92/100 - Train Loss: 1.5522, Test Loss: 1.5546
Epoch 93/100 - Train Loss: 1.5522, Test Loss: 1.5545
Epoch 94/100 - Train Loss: 1.5521, Test Loss: 1.5544
Epoch 95/100 - Train Loss: 1.5520, Test Loss: 1.5543
Epoch 96/100 - Train Loss: 1.5520, Test Loss: 1.5544
Epoch 97/100 - Train Loss: 1.5519, Test Loss: 1.5543
Epoch 98/100 - Train Loss: 1.5519, Test Loss: 1.5542
Epoch 99/100 - Train Loss: 1.5518, Test Loss: 1.5543
Epoch 100/100 - Train Loss: 1.5519, Test Loss: 1.5544
total size: 42.617958068847656
