device is cuda:0
Files already downloaded and verified
Files already downloaded and verified
SGD (
Parameter Group 0
    dampening: 0
    differentiable: False
    foreach: None
    initial_lr: 0.0001
    lr: 0.0001
    maximize: False
    momentum: 0.9
    nesterov: False
    weight_decay: 0
)
Epoch 1/100 - Train Loss: 1.9862, Test Loss: 1.9869
Epoch 2/100 - Train Loss: 1.8314, Test Loss: 1.8327
Epoch 3/100 - Train Loss: 1.7499, Test Loss: 1.7529
Epoch 4/100 - Train Loss: 1.6822, Test Loss: 1.6855
Epoch 5/100 - Train Loss: 1.6165, Test Loss: 1.6216
Epoch 6/100 - Train Loss: 1.5559, Test Loss: 1.5634
Epoch 7/100 - Train Loss: 1.4995, Test Loss: 1.5090
Epoch 8/100 - Train Loss: 1.4513, Test Loss: 1.4641
Epoch 9/100 - Train Loss: 1.4194, Test Loss: 1.4336
Epoch 10/100 - Train Loss: 1.3659, Test Loss: 1.3866
Epoch 11/100 - Train Loss: 1.3425, Test Loss: 1.3649
Epoch 12/100 - Train Loss: 1.2921, Test Loss: 1.3204
Epoch 13/100 - Train Loss: 1.2565, Test Loss: 1.2902
Epoch 14/100 - Train Loss: 1.2366, Test Loss: 1.2714
Epoch 15/100 - Train Loss: 1.2306, Test Loss: 1.2718
Epoch 16/100 - Train Loss: 1.1737, Test Loss: 1.2187
Epoch 17/100 - Train Loss: 1.1599, Test Loss: 1.2114
Epoch 18/100 - Train Loss: 1.1200, Test Loss: 1.1799
Epoch 19/100 - Train Loss: 1.0916, Test Loss: 1.1545
Epoch 20/100 - Train Loss: 1.0627, Test Loss: 1.1332
Epoch 21/100 - Train Loss: 1.0552, Test Loss: 1.1244
Epoch 22/100 - Train Loss: 1.0135, Test Loss: 1.0913
Epoch 23/100 - Train Loss: 1.0118, Test Loss: 1.1002
Epoch 24/100 - Train Loss: 0.9580, Test Loss: 1.0514
Epoch 25/100 - Train Loss: 0.9709, Test Loss: 1.0732
Epoch 26/100 - Train Loss: 0.9388, Test Loss: 1.0416
Epoch 27/100 - Train Loss: 0.8807, Test Loss: 0.9902
Epoch 28/100 - Train Loss: 0.8638, Test Loss: 0.9803
Epoch 29/100 - Train Loss: 0.8610, Test Loss: 0.9848
Epoch 30/100 - Train Loss: 0.8467, Test Loss: 0.9747
Epoch 31/100 - Train Loss: 0.8285, Test Loss: 0.9663
Epoch 32/100 - Train Loss: 0.8254, Test Loss: 0.9730
Epoch 33/100 - Train Loss: 0.8656, Test Loss: 1.0065
Epoch 34/100 - Train Loss: 0.8251, Test Loss: 0.9863
Epoch 35/100 - Train Loss: 0.8087, Test Loss: 0.9757
Epoch 36/100 - Train Loss: 0.8477, Test Loss: 1.0218
Epoch 37/100 - Train Loss: 0.7126, Test Loss: 0.8940
Epoch 38/100 - Train Loss: 0.7670, Test Loss: 0.9479
Epoch 39/100 - Train Loss: 0.7652, Test Loss: 0.9544
Epoch 40/100 - Train Loss: 0.7627, Test Loss: 0.9448
Epoch 41/100 - Train Loss: 0.9258, Test Loss: 1.1271
Epoch 42/100 - Train Loss: 0.7850, Test Loss: 0.9868
Epoch 43/100 - Train Loss: 0.7044, Test Loss: 0.9174
Epoch 44/100 - Train Loss: 0.6668, Test Loss: 0.8841
Epoch 45/100 - Train Loss: 0.7954, Test Loss: 1.0224
Epoch 46/100 - Train Loss: 0.6877, Test Loss: 0.9058
Epoch 47/100 - Train Loss: 0.6711, Test Loss: 0.8985
Epoch 48/100 - Train Loss: 0.6786, Test Loss: 0.9142
Epoch 49/100 - Train Loss: 0.6220, Test Loss: 0.8603
Epoch 50/100 - Train Loss: 0.7093, Test Loss: 0.9604
Epoch 51/100 - Train Loss: 0.4125, Test Loss: 0.7190
Epoch 52/100 - Train Loss: 0.3923, Test Loss: 0.7210
Epoch 53/100 - Train Loss: 0.3795, Test Loss: 0.7296
Epoch 54/100 - Train Loss: 0.3760, Test Loss: 0.7293
Epoch 55/100 - Train Loss: 0.3626, Test Loss: 0.7296
Epoch 56/100 - Train Loss: 0.3495, Test Loss: 0.7330
Epoch 57/100 - Train Loss: 0.3475, Test Loss: 0.7477
Epoch 58/100 - Train Loss: 0.3583, Test Loss: 0.7677
Epoch 59/100 - Train Loss: 0.3405, Test Loss: 0.7531
Epoch 60/100 - Train Loss: 0.3547, Test Loss: 0.7873
Epoch 61/100 - Train Loss: 0.3305, Test Loss: 0.7771
Epoch 62/100 - Train Loss: 0.3295, Test Loss: 0.7878
Epoch 63/100 - Train Loss: 0.3515, Test Loss: 0.8134
Epoch 64/100 - Train Loss: 0.2975, Test Loss: 0.7669
Epoch 65/100 - Train Loss: 0.3291, Test Loss: 0.8307
Epoch 66/100 - Train Loss: 0.3037, Test Loss: 0.7913
Epoch 67/100 - Train Loss: 0.3012, Test Loss: 0.8185
Epoch 68/100 - Train Loss: 0.2909, Test Loss: 0.8103
Epoch 69/100 - Train Loss: 0.3010, Test Loss: 0.8421
Epoch 70/100 - Train Loss: 0.2822, Test Loss: 0.8567
Epoch 71/100 - Train Loss: 0.2519, Test Loss: 0.8150
Epoch 72/100 - Train Loss: 0.2791, Test Loss: 0.8672
Epoch 73/100 - Train Loss: 0.2914, Test Loss: 0.8897
Epoch 74/100 - Train Loss: 0.2562, Test Loss: 0.8660
Epoch 75/100 - Train Loss: 0.2946, Test Loss: 0.9236
Epoch 76/100 - Train Loss: 0.1837, Test Loss: 0.8006
Epoch 77/100 - Train Loss: 0.1817, Test Loss: 0.8015
Epoch 78/100 - Train Loss: 0.1803, Test Loss: 0.8047
Epoch 79/100 - Train Loss: 0.1814, Test Loss: 0.8085
Epoch 80/100 - Train Loss: 0.1775, Test Loss: 0.8033
Epoch 81/100 - Train Loss: 0.1737, Test Loss: 0.8091
Epoch 82/100 - Train Loss: 0.1746, Test Loss: 0.8052
Epoch 83/100 - Train Loss: 0.1736, Test Loss: 0.8037
Epoch 84/100 - Train Loss: 0.1724, Test Loss: 0.8087
Epoch 85/100 - Train Loss: 0.1707, Test Loss: 0.8091
Epoch 86/100 - Train Loss: 0.1682, Test Loss: 0.8087
Epoch 87/100 - Train Loss: 0.1677, Test Loss: 0.8097
Epoch 88/100 - Train Loss: 0.1644, Test Loss: 0.8130
Epoch 89/100 - Train Loss: 0.1656, Test Loss: 0.8182
Epoch 90/100 - Train Loss: 0.1646, Test Loss: 0.8142
Epoch 91/100 - Train Loss: 0.1644, Test Loss: 0.8176
Epoch 92/100 - Train Loss: 0.1627, Test Loss: 0.8156
Epoch 93/100 - Train Loss: 0.1633, Test Loss: 0.8162
Epoch 94/100 - Train Loss: 0.1601, Test Loss: 0.8173
Epoch 95/100 - Train Loss: 0.1611, Test Loss: 0.8176
Epoch 96/100 - Train Loss: 0.1600, Test Loss: 0.8193
Epoch 97/100 - Train Loss: 0.1597, Test Loss: 0.8216
Epoch 98/100 - Train Loss: 0.1572, Test Loss: 0.8176
Epoch 99/100 - Train Loss: 0.1593, Test Loss: 0.8217
Epoch 100/100 - Train Loss: 0.1562, Test Loss: 0.8220
total size: 1.0394058227539062
