device is cuda:0
Files already downloaded and verified
Files already downloaded and verified
SGD (
Parameter Group 0
    dampening: 0
    differentiable: False
    foreach: None
    initial_lr: 0.0001
    lr: 0.0001
    maximize: False
    momentum: 0.9
    nesterov: False
    weight_decay: 0
)
Epoch 1/100 - Train Loss: 2.2680, Test Loss: 2.2673
Epoch 2/100 - Train Loss: 2.2171, Test Loss: 2.2153
Epoch 3/100 - Train Loss: 2.1236, Test Loss: 2.1191
Epoch 4/100 - Train Loss: 1.9803, Test Loss: 1.9742
Epoch 5/100 - Train Loss: 1.8686, Test Loss: 1.8611
Epoch 6/100 - Train Loss: 1.7851, Test Loss: 1.7768
Epoch 7/100 - Train Loss: 1.7141, Test Loss: 1.7067
Epoch 8/100 - Train Loss: 1.6693, Test Loss: 1.6629
Epoch 9/100 - Train Loss: 1.6395, Test Loss: 1.6348
Epoch 10/100 - Train Loss: 1.6038, Test Loss: 1.6008
Epoch 11/100 - Train Loss: 1.5891, Test Loss: 1.5872
Epoch 12/100 - Train Loss: 1.5644, Test Loss: 1.5628
Epoch 13/100 - Train Loss: 1.5575, Test Loss: 1.5572
Epoch 14/100 - Train Loss: 1.5278, Test Loss: 1.5276
Epoch 15/100 - Train Loss: 1.5198, Test Loss: 1.5218
Epoch 16/100 - Train Loss: 1.5044, Test Loss: 1.5065
Epoch 17/100 - Train Loss: 1.4940, Test Loss: 1.4968
Epoch 18/100 - Train Loss: 1.4773, Test Loss: 1.4773
Epoch 19/100 - Train Loss: 1.4722, Test Loss: 1.4727
Epoch 20/100 - Train Loss: 1.4691, Test Loss: 1.4679
Epoch 21/100 - Train Loss: 1.4525, Test Loss: 1.4538
Epoch 22/100 - Train Loss: 1.4435, Test Loss: 1.4459
Epoch 23/100 - Train Loss: 1.4349, Test Loss: 1.4349
Epoch 24/100 - Train Loss: 1.4415, Test Loss: 1.4417
Epoch 25/100 - Train Loss: 1.4354, Test Loss: 1.4377
Epoch 26/100 - Train Loss: 1.4333, Test Loss: 1.4338
Epoch 27/100 - Train Loss: 1.4121, Test Loss: 1.4140
Epoch 28/100 - Train Loss: 1.4383, Test Loss: 1.4392
Epoch 29/100 - Train Loss: 1.4124, Test Loss: 1.4137
Epoch 30/100 - Train Loss: 1.3905, Test Loss: 1.3916
Epoch 31/100 - Train Loss: 1.3866, Test Loss: 1.3892
Epoch 32/100 - Train Loss: 1.3867, Test Loss: 1.3860
Epoch 33/100 - Train Loss: 1.3839, Test Loss: 1.3851
Epoch 34/100 - Train Loss: 1.3866, Test Loss: 1.3895
Epoch 35/100 - Train Loss: 1.3876, Test Loss: 1.3901
Epoch 36/100 - Train Loss: 1.3604, Test Loss: 1.3621
Epoch 37/100 - Train Loss: 1.3687, Test Loss: 1.3709
Epoch 38/100 - Train Loss: 1.3571, Test Loss: 1.3582
Epoch 39/100 - Train Loss: 1.3670, Test Loss: 1.3683
Epoch 40/100 - Train Loss: 1.3476, Test Loss: 1.3485
Epoch 41/100 - Train Loss: 1.3413, Test Loss: 1.3444
Epoch 42/100 - Train Loss: 1.3533, Test Loss: 1.3548
Epoch 43/100 - Train Loss: 1.3490, Test Loss: 1.3533
Epoch 44/100 - Train Loss: 1.3592, Test Loss: 1.3649
Epoch 45/100 - Train Loss: 1.3208, Test Loss: 1.3240
Epoch 46/100 - Train Loss: 1.3293, Test Loss: 1.3315
Epoch 47/100 - Train Loss: 1.3198, Test Loss: 1.3247
Epoch 48/100 - Train Loss: 1.3258, Test Loss: 1.3307
Epoch 49/100 - Train Loss: 1.3141, Test Loss: 1.3176
Epoch 50/100 - Train Loss: 1.3084, Test Loss: 1.3141
Epoch 51/100 - Train Loss: 1.2947, Test Loss: 1.3002
Epoch 52/100 - Train Loss: 1.2937, Test Loss: 1.2990
Epoch 53/100 - Train Loss: 1.2943, Test Loss: 1.2999
Epoch 54/100 - Train Loss: 1.2963, Test Loss: 1.3018
Epoch 55/100 - Train Loss: 1.2918, Test Loss: 1.2974
Epoch 56/100 - Train Loss: 1.2912, Test Loss: 1.2962
Epoch 57/100 - Train Loss: 1.2917, Test Loss: 1.2967
Epoch 58/100 - Train Loss: 1.2934, Test Loss: 1.2973
Epoch 59/100 - Train Loss: 1.2890, Test Loss: 1.2945
Epoch 60/100 - Train Loss: 1.2886, Test Loss: 1.2936
Epoch 61/100 - Train Loss: 1.2896, Test Loss: 1.2954
Epoch 62/100 - Train Loss: 1.2874, Test Loss: 1.2923
Epoch 63/100 - Train Loss: 1.2873, Test Loss: 1.2918
Epoch 64/100 - Train Loss: 1.2876, Test Loss: 1.2937
Epoch 65/100 - Train Loss: 1.2853, Test Loss: 1.2914
Epoch 66/100 - Train Loss: 1.2852, Test Loss: 1.2914
Epoch 67/100 - Train Loss: 1.2861, Test Loss: 1.2919
Epoch 68/100 - Train Loss: 1.2844, Test Loss: 1.2903
Epoch 69/100 - Train Loss: 1.2842, Test Loss: 1.2898
Epoch 70/100 - Train Loss: 1.2842, Test Loss: 1.2909
Epoch 71/100 - Train Loss: 1.2820, Test Loss: 1.2876
Epoch 72/100 - Train Loss: 1.2807, Test Loss: 1.2869
Epoch 73/100 - Train Loss: 1.2807, Test Loss: 1.2870
Epoch 74/100 - Train Loss: 1.2833, Test Loss: 1.2895
Epoch 75/100 - Train Loss: 1.2790, Test Loss: 1.2854
Epoch 76/100 - Train Loss: 1.2789, Test Loss: 1.2850
Epoch 77/100 - Train Loss: 1.2787, Test Loss: 1.2851
Epoch 78/100 - Train Loss: 1.2787, Test Loss: 1.2849
Epoch 79/100 - Train Loss: 1.2785, Test Loss: 1.2848
Epoch 80/100 - Train Loss: 1.2785, Test Loss: 1.2847
Epoch 81/100 - Train Loss: 1.2787, Test Loss: 1.2853
Epoch 82/100 - Train Loss: 1.2785, Test Loss: 1.2848
Epoch 83/100 - Train Loss: 1.2784, Test Loss: 1.2847
Epoch 84/100 - Train Loss: 1.2787, Test Loss: 1.2847
Epoch 85/100 - Train Loss: 1.2782, Test Loss: 1.2846
Epoch 86/100 - Train Loss: 1.2782, Test Loss: 1.2844
Epoch 87/100 - Train Loss: 1.2781, Test Loss: 1.2844
Epoch 88/100 - Train Loss: 1.2780, Test Loss: 1.2845
Epoch 89/100 - Train Loss: 1.2780, Test Loss: 1.2845
Epoch 90/100 - Train Loss: 1.2781, Test Loss: 1.2844
Epoch 91/100 - Train Loss: 1.2779, Test Loss: 1.2843
Epoch 92/100 - Train Loss: 1.2779, Test Loss: 1.2843
Epoch 93/100 - Train Loss: 1.2778, Test Loss: 1.2843
Epoch 94/100 - Train Loss: 1.2777, Test Loss: 1.2841
Epoch 95/100 - Train Loss: 1.2776, Test Loss: 1.2840
Epoch 96/100 - Train Loss: 1.2775, Test Loss: 1.2840
Epoch 97/100 - Train Loss: 1.2775, Test Loss: 1.2840
Epoch 98/100 - Train Loss: 1.2775, Test Loss: 1.2838
Epoch 99/100 - Train Loss: 1.2773, Test Loss: 1.2838
Epoch 100/100 - Train Loss: 1.2775, Test Loss: 1.2839
