device is cuda:0
Files already downloaded and verified
Files already downloaded and verified
SGD (
Parameter Group 0
    dampening: 0
    differentiable: False
    foreach: None
    initial_lr: 0.0001
    lr: 0.0001
    maximize: False
    momentum: 0.9
    nesterov: False
    weight_decay: 0
)
Epoch 1/50 - Train Loss: 2.2771, Test Loss: 2.2766
Epoch 2/50 - Train Loss: 2.2588, Test Loss: 2.2578
Epoch 3/50 - Train Loss: 2.2397, Test Loss: 2.2382
Epoch 4/50 - Train Loss: 2.2231, Test Loss: 2.2211
Epoch 5/50 - Train Loss: 2.2097, Test Loss: 2.2073
Epoch 6/50 - Train Loss: 2.1999, Test Loss: 2.1973
Epoch 7/50 - Train Loss: 2.1928, Test Loss: 2.1903
Epoch 8/50 - Train Loss: 2.1886, Test Loss: 2.1861
Epoch 9/50 - Train Loss: 2.1870, Test Loss: 2.1845
Epoch 10/50 - Train Loss: 2.1879, Test Loss: 2.1854
Epoch 11/50 - Train Loss: 2.1905, Test Loss: 2.1881
Epoch 12/50 - Train Loss: 2.1946, Test Loss: 2.1922
Epoch 13/50 - Train Loss: 2.2001, Test Loss: 2.1979
Epoch 14/50 - Train Loss: 2.2062, Test Loss: 2.2041
Epoch 15/50 - Train Loss: 2.2131, Test Loss: 2.2112
Epoch 16/50 - Train Loss: 2.2202, Test Loss: 2.2184
Epoch 17/50 - Train Loss: 2.2266, Test Loss: 2.2250
Epoch 18/50 - Train Loss: 2.2324, Test Loss: 2.2308
Epoch 19/50 - Train Loss: 2.2377, Test Loss: 2.2362
Epoch 20/50 - Train Loss: 2.2423, Test Loss: 2.2408
Epoch 21/50 - Train Loss: 2.2465, Test Loss: 2.2451
Epoch 22/50 - Train Loss: 2.2505, Test Loss: 2.2492
Epoch 23/50 - Train Loss: 2.2543, Test Loss: 2.2531
Epoch 24/50 - Train Loss: 2.2582, Test Loss: 2.2571
Epoch 25/50 - Train Loss: 2.2621, Test Loss: 2.2611
Epoch 26/50 - Train Loss: 2.2625, Test Loss: 2.2615
Epoch 27/50 - Train Loss: 2.2629, Test Loss: 2.2619
Epoch 28/50 - Train Loss: 2.2633, Test Loss: 2.2623
Epoch 29/50 - Train Loss: 2.2636, Test Loss: 2.2627
Epoch 30/50 - Train Loss: 2.2640, Test Loss: 2.2631
Epoch 31/50 - Train Loss: 2.2644, Test Loss: 2.2635
Epoch 32/50 - Train Loss: 2.2648, Test Loss: 2.2639
Epoch 33/50 - Train Loss: 2.2652, Test Loss: 2.2643
Epoch 34/50 - Train Loss: 2.2656, Test Loss: 2.2647
Epoch 35/50 - Train Loss: 2.2660, Test Loss: 2.2651
Epoch 36/50 - Train Loss: 2.2664, Test Loss: 2.2655
Epoch 37/50 - Train Loss: 2.2668, Test Loss: 2.2659
Epoch 38/50 - Train Loss: 2.2668, Test Loss: 2.2660
Epoch 39/50 - Train Loss: 2.2669, Test Loss: 2.2660
Epoch 40/50 - Train Loss: 2.2669, Test Loss: 2.2661
Epoch 41/50 - Train Loss: 2.2670, Test Loss: 2.2661
Epoch 42/50 - Train Loss: 2.2670, Test Loss: 2.2661
Epoch 43/50 - Train Loss: 2.2671, Test Loss: 2.2662
Epoch 44/50 - Train Loss: 2.2671, Test Loss: 2.2662
Epoch 45/50 - Train Loss: 2.2671, Test Loss: 2.2663
Epoch 46/50 - Train Loss: 2.2672, Test Loss: 2.2663
Epoch 47/50 - Train Loss: 2.2672, Test Loss: 2.2663
Epoch 48/50 - Train Loss: 2.2673, Test Loss: 2.2664
Epoch 49/50 - Train Loss: 2.2673, Test Loss: 2.2664
Epoch 50/50 - Train Loss: 2.2673, Test Loss: 2.2665
total size: 42.617958068847656
