device is cuda:0
Files already downloaded and verified
Files already downloaded and verified
SGD (
Parameter Group 0
    dampening: 0
    differentiable: False
    foreach: None
    initial_lr: 0.0001
    lr: 0.0001
    maximize: False
    momentum: 0.9
    nesterov: False
    weight_decay: 0
)
Epoch 1/100 - Train Loss: 1.9881, Test Loss: 1.9886
Epoch 2/100 - Train Loss: 1.8355, Test Loss: 1.8371
Epoch 3/100 - Train Loss: 1.7552, Test Loss: 1.7576
Epoch 4/100 - Train Loss: 1.6910, Test Loss: 1.6948
Epoch 5/100 - Train Loss: 1.6300, Test Loss: 1.6360
Epoch 6/100 - Train Loss: 1.5737, Test Loss: 1.5804
Epoch 7/100 - Train Loss: 1.5199, Test Loss: 1.5281
Epoch 8/100 - Train Loss: 1.4753, Test Loss: 1.4864
Epoch 9/100 - Train Loss: 1.4429, Test Loss: 1.4555
Epoch 10/100 - Train Loss: 1.3986, Test Loss: 1.4174
Epoch 11/100 - Train Loss: 1.3734, Test Loss: 1.3931
Epoch 12/100 - Train Loss: 1.3352, Test Loss: 1.3595
Epoch 13/100 - Train Loss: 1.3025, Test Loss: 1.3315
Epoch 14/100 - Train Loss: 1.2731, Test Loss: 1.3044
Epoch 15/100 - Train Loss: 1.2663, Test Loss: 1.3011
Epoch 16/100 - Train Loss: 1.2223, Test Loss: 1.2610
Epoch 17/100 - Train Loss: 1.2266, Test Loss: 1.2693
Epoch 18/100 - Train Loss: 1.1793, Test Loss: 1.2270
Epoch 19/100 - Train Loss: 1.1544, Test Loss: 1.2052
Epoch 20/100 - Train Loss: 1.1367, Test Loss: 1.1889
Epoch 21/100 - Train Loss: 1.1290, Test Loss: 1.1805
Epoch 22/100 - Train Loss: 1.0887, Test Loss: 1.1476
Epoch 23/100 - Train Loss: 1.0815, Test Loss: 1.1475
Epoch 24/100 - Train Loss: 1.0597, Test Loss: 1.1296
Epoch 25/100 - Train Loss: 1.0328, Test Loss: 1.1063
Epoch 26/100 - Train Loss: 1.0102, Test Loss: 1.0842
Epoch 27/100 - Train Loss: 0.9982, Test Loss: 1.0768
Epoch 28/100 - Train Loss: 0.9778, Test Loss: 1.0611
Epoch 29/100 - Train Loss: 0.9674, Test Loss: 1.0560
Epoch 30/100 - Train Loss: 0.9872, Test Loss: 1.0801
Epoch 31/100 - Train Loss: 0.9601, Test Loss: 1.0527
Epoch 32/100 - Train Loss: 0.9433, Test Loss: 1.0466
Epoch 33/100 - Train Loss: 0.9314, Test Loss: 1.0298
Epoch 34/100 - Train Loss: 0.8904, Test Loss: 0.9974
Epoch 35/100 - Train Loss: 0.8814, Test Loss: 0.9906
Epoch 36/100 - Train Loss: 0.8707, Test Loss: 0.9844
Epoch 37/100 - Train Loss: 0.8859, Test Loss: 1.0084
Epoch 38/100 - Train Loss: 0.8893, Test Loss: 1.0130
Epoch 39/100 - Train Loss: 0.8362, Test Loss: 0.9648
Epoch 40/100 - Train Loss: 0.8215, Test Loss: 0.9582
Epoch 41/100 - Train Loss: 0.8218, Test Loss: 0.9603
Epoch 42/100 - Train Loss: 0.8065, Test Loss: 0.9506
Epoch 43/100 - Train Loss: 0.7883, Test Loss: 0.9392
Epoch 44/100 - Train Loss: 0.7905, Test Loss: 0.9466
Epoch 45/100 - Train Loss: 0.7580, Test Loss: 0.9249
Epoch 46/100 - Train Loss: 0.7757, Test Loss: 0.9498
Epoch 47/100 - Train Loss: 0.7534, Test Loss: 0.9376
Epoch 48/100 - Train Loss: 0.7524, Test Loss: 0.9341
Epoch 49/100 - Train Loss: 0.7299, Test Loss: 0.9234
Epoch 50/100 - Train Loss: 0.7247, Test Loss: 0.9233
Epoch 51/100 - Train Loss: 0.6845, Test Loss: 0.8935
Epoch 52/100 - Train Loss: 0.6802, Test Loss: 0.8923
Epoch 53/100 - Train Loss: 0.6780, Test Loss: 0.8911
Epoch 54/100 - Train Loss: 0.6765, Test Loss: 0.8897
Epoch 55/100 - Train Loss: 0.6764, Test Loss: 0.8925
Epoch 56/100 - Train Loss: 0.6734, Test Loss: 0.8881
Epoch 57/100 - Train Loss: 0.6742, Test Loss: 0.8916
Epoch 58/100 - Train Loss: 0.6714, Test Loss: 0.8916
Epoch 59/100 - Train Loss: 0.6719, Test Loss: 0.8900
Epoch 60/100 - Train Loss: 0.6689, Test Loss: 0.8908
Epoch 61/100 - Train Loss: 0.6673, Test Loss: 0.8910
Epoch 62/100 - Train Loss: 0.6654, Test Loss: 0.8887
Epoch 63/100 - Train Loss: 0.6627, Test Loss: 0.8892
Epoch 64/100 - Train Loss: 0.6638, Test Loss: 0.8916
Epoch 65/100 - Train Loss: 0.6612, Test Loss: 0.8897
Epoch 66/100 - Train Loss: 0.6585, Test Loss: 0.8893
Epoch 67/100 - Train Loss: 0.6598, Test Loss: 0.8906
Epoch 68/100 - Train Loss: 0.6570, Test Loss: 0.8888
Epoch 69/100 - Train Loss: 0.6590, Test Loss: 0.8914
Epoch 70/100 - Train Loss: 0.6575, Test Loss: 0.8897
Epoch 71/100 - Train Loss: 0.6535, Test Loss: 0.8905
Epoch 72/100 - Train Loss: 0.6526, Test Loss: 0.8885
Epoch 73/100 - Train Loss: 0.6496, Test Loss: 0.8889
Epoch 74/100 - Train Loss: 0.6503, Test Loss: 0.8905
Epoch 75/100 - Train Loss: 0.6523, Test Loss: 0.8935
Epoch 76/100 - Train Loss: 0.6467, Test Loss: 0.8880
Epoch 77/100 - Train Loss: 0.6463, Test Loss: 0.8883
Epoch 78/100 - Train Loss: 0.6463, Test Loss: 0.8885
Epoch 79/100 - Train Loss: 0.6530, Test Loss: 0.8935
Epoch 80/100 - Train Loss: 0.6453, Test Loss: 0.8879
Epoch 81/100 - Train Loss: 0.6470, Test Loss: 0.8891
Epoch 82/100 - Train Loss: 0.6464, Test Loss: 0.8886
Epoch 83/100 - Train Loss: 0.6448, Test Loss: 0.8874
Epoch 84/100 - Train Loss: 0.6448, Test Loss: 0.8878
Epoch 85/100 - Train Loss: 0.6457, Test Loss: 0.8868
Epoch 86/100 - Train Loss: 0.6439, Test Loss: 0.8878
Epoch 87/100 - Train Loss: 0.6446, Test Loss: 0.8871
Epoch 88/100 - Train Loss: 0.6441, Test Loss: 0.8871
Epoch 89/100 - Train Loss: 0.6463, Test Loss: 0.8876
Epoch 90/100 - Train Loss: 0.6440, Test Loss: 0.8867
Epoch 91/100 - Train Loss: 0.6432, Test Loss: 0.8879
Epoch 92/100 - Train Loss: 0.6443, Test Loss: 0.8887
Epoch 93/100 - Train Loss: 0.6456, Test Loss: 0.8882
Epoch 94/100 - Train Loss: 0.6446, Test Loss: 0.8889
Epoch 95/100 - Train Loss: 0.6430, Test Loss: 0.8866
Epoch 96/100 - Train Loss: 0.6436, Test Loss: 0.8867
Epoch 97/100 - Train Loss: 0.6448, Test Loss: 0.8889
Epoch 98/100 - Train Loss: 0.6435, Test Loss: 0.8879
Epoch 99/100 - Train Loss: 0.6453, Test Loss: 0.8919
Epoch 100/100 - Train Loss: 0.6445, Test Loss: 0.8889
total size: 1.0394058227539062
