device is cuda:0
Files already downloaded and verified
Files already downloaded and verified
SGD (
Parameter Group 0
    dampening: 0
    differentiable: False
    foreach: None
    initial_lr: 0.0005
    lr: 0.0005
    maximize: False
    momentum: 0.9
    nesterov: False
    weight_decay: 0
)
Epoch 1/100 - Train Loss: 1.8630, Test Loss: 1.8560
Epoch 2/100 - Train Loss: 1.5550, Test Loss: 1.5546
Epoch 3/100 - Train Loss: 1.4460, Test Loss: 1.4548
Epoch 4/100 - Train Loss: 1.3551, Test Loss: 1.3645
Epoch 5/100 - Train Loss: 1.2691, Test Loss: 1.2898
Epoch 6/100 - Train Loss: 1.2086, Test Loss: 1.2467
Epoch 7/100 - Train Loss: 1.1608, Test Loss: 1.2091
Epoch 8/100 - Train Loss: 1.0719, Test Loss: 1.1327
Epoch 9/100 - Train Loss: 1.0327, Test Loss: 1.1057
Epoch 10/100 - Train Loss: 1.0181, Test Loss: 1.1057
Epoch 11/100 - Train Loss: 0.9335, Test Loss: 1.0403
Epoch 12/100 - Train Loss: 0.9156, Test Loss: 1.0316
Epoch 13/100 - Train Loss: 0.8842, Test Loss: 1.0154
Epoch 14/100 - Train Loss: 0.9466, Test Loss: 1.0838
Epoch 15/100 - Train Loss: 0.9049, Test Loss: 1.0699
Epoch 16/100 - Train Loss: 0.7891, Test Loss: 0.9702
Epoch 17/100 - Train Loss: 0.7870, Test Loss: 0.9763
Epoch 18/100 - Train Loss: 0.7393, Test Loss: 0.9460
Epoch 19/100 - Train Loss: 0.7151, Test Loss: 0.9482
Epoch 20/100 - Train Loss: 0.6823, Test Loss: 0.9251
Epoch 21/100 - Train Loss: 0.6625, Test Loss: 0.9277
Epoch 22/100 - Train Loss: 0.6424, Test Loss: 0.9283
Epoch 23/100 - Train Loss: 0.5999, Test Loss: 0.9217
Epoch 24/100 - Train Loss: 0.6233, Test Loss: 0.9667
Epoch 25/100 - Train Loss: 0.5857, Test Loss: 0.9503
Epoch 26/100 - Train Loss: 0.5582, Test Loss: 0.9506
Epoch 27/100 - Train Loss: 0.5047, Test Loss: 0.9390
Epoch 28/100 - Train Loss: 0.4889, Test Loss: 0.9336
Epoch 29/100 - Train Loss: 0.5315, Test Loss: 1.0065
Epoch 30/100 - Train Loss: 0.4553, Test Loss: 0.9601
Epoch 31/100 - Train Loss: 0.4811, Test Loss: 1.0284
Epoch 32/100 - Train Loss: 0.3772, Test Loss: 0.9797
Epoch 33/100 - Train Loss: 0.3732, Test Loss: 1.0001
Epoch 34/100 - Train Loss: 0.3654, Test Loss: 1.0311
Epoch 35/100 - Train Loss: 0.3210, Test Loss: 1.0343
Epoch 36/100 - Train Loss: 0.3126, Test Loss: 1.0507
Epoch 37/100 - Train Loss: 0.2747, Test Loss: 1.0843
Epoch 38/100 - Train Loss: 0.2906, Test Loss: 1.1238
Epoch 39/100 - Train Loss: 0.2719, Test Loss: 1.2018
Epoch 40/100 - Train Loss: 0.2697, Test Loss: 1.2035
Epoch 41/100 - Train Loss: 0.2131, Test Loss: 1.1658
Epoch 42/100 - Train Loss: 0.2135, Test Loss: 1.2888
Epoch 43/100 - Train Loss: 0.1698, Test Loss: 1.2653
Epoch 44/100 - Train Loss: 0.2097, Test Loss: 1.3528
Epoch 45/100 - Train Loss: 0.1525, Test Loss: 1.2749
Epoch 46/100 - Train Loss: 0.1520, Test Loss: 1.3664
Epoch 47/100 - Train Loss: 0.1144, Test Loss: 1.4068
Epoch 48/100 - Train Loss: 0.1341, Test Loss: 1.5031
Epoch 49/100 - Train Loss: 0.1628, Test Loss: 1.4601
Epoch 50/100 - Train Loss: 0.0934, Test Loss: 1.5980
Epoch 51/100 - Train Loss: 0.0254, Test Loss: 1.5092
Epoch 52/100 - Train Loss: 0.0218, Test Loss: 1.5404
Epoch 53/100 - Train Loss: 0.0201, Test Loss: 1.5642
Epoch 54/100 - Train Loss: 0.0185, Test Loss: 1.5813
Epoch 55/100 - Train Loss: 0.0175, Test Loss: 1.5953
Epoch 56/100 - Train Loss: 0.0167, Test Loss: 1.6117
Epoch 57/100 - Train Loss: 0.0158, Test Loss: 1.6281
Epoch 58/100 - Train Loss: 0.0150, Test Loss: 1.6397
Epoch 59/100 - Train Loss: 0.0144, Test Loss: 1.6490
Epoch 60/100 - Train Loss: 0.0139, Test Loss: 1.6588
Epoch 61/100 - Train Loss: 0.0133, Test Loss: 1.6679
Epoch 62/100 - Train Loss: 0.0128, Test Loss: 1.6815
Epoch 63/100 - Train Loss: 0.0125, Test Loss: 1.6926
Epoch 64/100 - Train Loss: 0.0120, Test Loss: 1.6995
Epoch 65/100 - Train Loss: 0.0117, Test Loss: 1.7102
Epoch 66/100 - Train Loss: 0.0114, Test Loss: 1.7200
Epoch 67/100 - Train Loss: 0.0111, Test Loss: 1.7291
Epoch 68/100 - Train Loss: 0.0107, Test Loss: 1.7340
Epoch 69/100 - Train Loss: 0.0105, Test Loss: 1.7430
Epoch 70/100 - Train Loss: 0.0101, Test Loss: 1.7510
Epoch 71/100 - Train Loss: 0.0099, Test Loss: 1.7605
Epoch 72/100 - Train Loss: 0.0096, Test Loss: 1.7648
Epoch 73/100 - Train Loss: 0.0094, Test Loss: 1.7766
Epoch 74/100 - Train Loss: 0.0092, Test Loss: 1.7787
Epoch 75/100 - Train Loss: 0.0090, Test Loss: 1.7866
Epoch 76/100 - Train Loss: 0.0088, Test Loss: 1.7884
Epoch 77/100 - Train Loss: 0.0088, Test Loss: 1.7895
Epoch 78/100 - Train Loss: 0.0088, Test Loss: 1.7900
Epoch 79/100 - Train Loss: 0.0088, Test Loss: 1.7912
Epoch 80/100 - Train Loss: 0.0087, Test Loss: 1.7921
Epoch 81/100 - Train Loss: 0.0087, Test Loss: 1.7931
Epoch 82/100 - Train Loss: 0.0087, Test Loss: 1.7934
Epoch 83/100 - Train Loss: 0.0087, Test Loss: 1.7945
Epoch 84/100 - Train Loss: 0.0087, Test Loss: 1.7953
Epoch 85/100 - Train Loss: 0.0086, Test Loss: 1.7955
Epoch 86/100 - Train Loss: 0.0086, Test Loss: 1.7968
Epoch 87/100 - Train Loss: 0.0086, Test Loss: 1.7973
Epoch 88/100 - Train Loss: 0.0086, Test Loss: 1.7980
Epoch 89/100 - Train Loss: 0.0086, Test Loss: 1.7982
Epoch 90/100 - Train Loss: 0.0086, Test Loss: 1.7998
Epoch 91/100 - Train Loss: 0.0085, Test Loss: 1.8001
Epoch 92/100 - Train Loss: 0.0085, Test Loss: 1.8007
Epoch 93/100 - Train Loss: 0.0085, Test Loss: 1.8011
Epoch 94/100 - Train Loss: 0.0085, Test Loss: 1.8020
Epoch 95/100 - Train Loss: 0.0085, Test Loss: 1.8028
Epoch 96/100 - Train Loss: 0.0084, Test Loss: 1.8035
Epoch 97/100 - Train Loss: 0.0084, Test Loss: 1.8039
Epoch 98/100 - Train Loss: 0.0084, Test Loss: 1.8048
Epoch 99/100 - Train Loss: 0.0084, Test Loss: 1.8052
Epoch 100/100 - Train Loss: 0.0084, Test Loss: 1.8060
total size: 42.617958068847656
