device is cuda:0
Files already downloaded and verified
Files already downloaded and verified
SGD (
Parameter Group 0
    dampening: 0
    differentiable: False
    foreach: None
    initial_lr: 0.0005
    lr: 0.0005
    maximize: False
    momentum: 0.9
    nesterov: False
    weight_decay: 0
)
Epoch 1/100 - Train Loss: 1.8628, Test Loss: 1.8559
Epoch 2/100 - Train Loss: 1.5556, Test Loss: 1.5552
Epoch 3/100 - Train Loss: 1.4466, Test Loss: 1.4557
Epoch 4/100 - Train Loss: 1.3540, Test Loss: 1.3638
Epoch 5/100 - Train Loss: 1.2700, Test Loss: 1.2902
Epoch 6/100 - Train Loss: 1.2119, Test Loss: 1.2501
Epoch 7/100 - Train Loss: 1.1636, Test Loss: 1.2123
Epoch 8/100 - Train Loss: 1.0717, Test Loss: 1.1330
Epoch 9/100 - Train Loss: 1.0331, Test Loss: 1.1054
Epoch 10/100 - Train Loss: 1.0203, Test Loss: 1.1077
Epoch 11/100 - Train Loss: 0.9358, Test Loss: 1.0411
Epoch 12/100 - Train Loss: 0.9223, Test Loss: 1.0389
Epoch 13/100 - Train Loss: 0.8855, Test Loss: 1.0175
Epoch 14/100 - Train Loss: 0.9417, Test Loss: 1.0801
Epoch 15/100 - Train Loss: 0.9045, Test Loss: 1.0688
Epoch 16/100 - Train Loss: 0.7840, Test Loss: 0.9675
Epoch 17/100 - Train Loss: 0.7804, Test Loss: 0.9732
Epoch 18/100 - Train Loss: 0.7415, Test Loss: 0.9480
Epoch 19/100 - Train Loss: 0.7152, Test Loss: 0.9468
Epoch 20/100 - Train Loss: 0.6799, Test Loss: 0.9223
Epoch 21/100 - Train Loss: 0.6672, Test Loss: 0.9282
Epoch 22/100 - Train Loss: 0.6472, Test Loss: 0.9322
Epoch 23/100 - Train Loss: 0.5916, Test Loss: 0.9066
Epoch 24/100 - Train Loss: 0.6216, Test Loss: 0.9595
Epoch 25/100 - Train Loss: 0.5660, Test Loss: 0.9370
Epoch 26/100 - Train Loss: 0.5607, Test Loss: 0.9545
Epoch 27/100 - Train Loss: 0.4935, Test Loss: 0.9258
Epoch 28/100 - Train Loss: 0.4874, Test Loss: 0.9337
Epoch 29/100 - Train Loss: 0.5613, Test Loss: 1.0380
Epoch 30/100 - Train Loss: 0.4629, Test Loss: 0.9528
Epoch 31/100 - Train Loss: 0.4504, Test Loss: 0.9953
Epoch 32/100 - Train Loss: 0.3861, Test Loss: 1.0010
Epoch 33/100 - Train Loss: 0.3612, Test Loss: 0.9906
Epoch 34/100 - Train Loss: 0.3458, Test Loss: 1.0233
Epoch 35/100 - Train Loss: 0.3324, Test Loss: 1.0592
Epoch 36/100 - Train Loss: 0.3161, Test Loss: 1.0683
Epoch 37/100 - Train Loss: 0.3010, Test Loss: 1.1306
Epoch 38/100 - Train Loss: 0.2886, Test Loss: 1.1359
Epoch 39/100 - Train Loss: 0.2796, Test Loss: 1.1863
Epoch 40/100 - Train Loss: 0.2830, Test Loss: 1.2398
Epoch 41/100 - Train Loss: 0.2181, Test Loss: 1.1919
Epoch 42/100 - Train Loss: 0.1703, Test Loss: 1.2090
Epoch 43/100 - Train Loss: 0.1732, Test Loss: 1.2607
Epoch 44/100 - Train Loss: 0.2617, Test Loss: 1.4383
Epoch 45/100 - Train Loss: 0.1418, Test Loss: 1.3298
Epoch 46/100 - Train Loss: 0.2060, Test Loss: 1.4397
Epoch 47/100 - Train Loss: 0.1151, Test Loss: 1.3991
Epoch 48/100 - Train Loss: 0.1021, Test Loss: 1.4851
Epoch 49/100 - Train Loss: 0.1001, Test Loss: 1.4561
Epoch 50/100 - Train Loss: 0.0914, Test Loss: 1.5668
Epoch 51/100 - Train Loss: 0.0250, Test Loss: 1.4976
Epoch 52/100 - Train Loss: 0.0211, Test Loss: 1.5309
Epoch 53/100 - Train Loss: 0.0189, Test Loss: 1.5513
Epoch 54/100 - Train Loss: 0.0176, Test Loss: 1.5756
Epoch 55/100 - Train Loss: 0.0164, Test Loss: 1.5908
Epoch 56/100 - Train Loss: 0.0155, Test Loss: 1.6090
Epoch 57/100 - Train Loss: 0.0148, Test Loss: 1.6231
Epoch 58/100 - Train Loss: 0.0139, Test Loss: 1.6340
Epoch 59/100 - Train Loss: 0.0134, Test Loss: 1.6467
Epoch 60/100 - Train Loss: 0.0129, Test Loss: 1.6564
Epoch 61/100 - Train Loss: 0.0124, Test Loss: 1.6670
Epoch 62/100 - Train Loss: 0.0118, Test Loss: 1.6779
Epoch 63/100 - Train Loss: 0.0115, Test Loss: 1.6877
Epoch 64/100 - Train Loss: 0.0111, Test Loss: 1.6970
Epoch 65/100 - Train Loss: 0.0107, Test Loss: 1.7077
Epoch 66/100 - Train Loss: 0.0104, Test Loss: 1.7162
Epoch 67/100 - Train Loss: 0.0102, Test Loss: 1.7262
Epoch 68/100 - Train Loss: 0.0097, Test Loss: 1.7321
Epoch 69/100 - Train Loss: 0.0095, Test Loss: 1.7414
Epoch 70/100 - Train Loss: 0.0092, Test Loss: 1.7487
Epoch 71/100 - Train Loss: 0.0090, Test Loss: 1.7552
Epoch 72/100 - Train Loss: 0.0088, Test Loss: 1.7640
Epoch 73/100 - Train Loss: 0.0086, Test Loss: 1.7741
Epoch 74/100 - Train Loss: 0.0083, Test Loss: 1.7787
Epoch 75/100 - Train Loss: 0.0081, Test Loss: 1.7871
Epoch 76/100 - Train Loss: 0.0081, Test Loss: 1.7874
Epoch 77/100 - Train Loss: 0.0080, Test Loss: 1.7878
Epoch 78/100 - Train Loss: 0.0080, Test Loss: 1.7884
Epoch 79/100 - Train Loss: 0.0080, Test Loss: 1.7889
Epoch 80/100 - Train Loss: 0.0080, Test Loss: 1.7898
Epoch 81/100 - Train Loss: 0.0080, Test Loss: 1.7904
Epoch 82/100 - Train Loss: 0.0079, Test Loss: 1.7909
Epoch 83/100 - Train Loss: 0.0079, Test Loss: 1.7918
Epoch 84/100 - Train Loss: 0.0079, Test Loss: 1.7923
Epoch 85/100 - Train Loss: 0.0079, Test Loss: 1.7931
Epoch 86/100 - Train Loss: 0.0079, Test Loss: 1.7939
Epoch 87/100 - Train Loss: 0.0079, Test Loss: 1.7945
Epoch 88/100 - Train Loss: 0.0078, Test Loss: 1.7953
Epoch 89/100 - Train Loss: 0.0078, Test Loss: 1.7960
Epoch 90/100 - Train Loss: 0.0078, Test Loss: 1.7967
Epoch 91/100 - Train Loss: 0.0078, Test Loss: 1.7976
Epoch 92/100 - Train Loss: 0.0078, Test Loss: 1.7980
Epoch 93/100 - Train Loss: 0.0078, Test Loss: 1.7982
Epoch 94/100 - Train Loss: 0.0077, Test Loss: 1.7995
Epoch 95/100 - Train Loss: 0.0077, Test Loss: 1.8002
Epoch 96/100 - Train Loss: 0.0077, Test Loss: 1.8007
Epoch 97/100 - Train Loss: 0.0077, Test Loss: 1.8015
Epoch 98/100 - Train Loss: 0.0077, Test Loss: 1.8021
Epoch 99/100 - Train Loss: 0.0077, Test Loss: 1.8027
Epoch 100/100 - Train Loss: 0.0076, Test Loss: 1.8030
total size: 42.617958068847656
