device is cuda:0
Files already downloaded and verified
Files already downloaded and verified
SGD (
Parameter Group 0
    dampening: 0
    differentiable: False
    foreach: None
    initial_lr: 0.0001
    lr: 0.0001
    maximize: False
    momentum: 0.9
    nesterov: False
    weight_decay: 0
)
Epoch 1/100 - Train Loss: 2.2764, Test Loss: 2.2759
Epoch 2/100 - Train Loss: 2.2555, Test Loss: 2.2546
Epoch 3/100 - Train Loss: 2.2312, Test Loss: 2.2295
Epoch 4/100 - Train Loss: 2.2054, Test Loss: 2.2031
Epoch 5/100 - Train Loss: 2.1770, Test Loss: 2.1740
Epoch 6/100 - Train Loss: 2.1436, Test Loss: 2.1396
Epoch 7/100 - Train Loss: 2.1044, Test Loss: 2.0996
Epoch 8/100 - Train Loss: 2.0625, Test Loss: 2.0574
Epoch 9/100 - Train Loss: 2.0266, Test Loss: 2.0216
Epoch 10/100 - Train Loss: 2.0031, Test Loss: 1.9983
Epoch 11/100 - Train Loss: 1.9859, Test Loss: 1.9813
Epoch 12/100 - Train Loss: 1.9715, Test Loss: 1.9673
Epoch 13/100 - Train Loss: 1.9536, Test Loss: 1.9488
Epoch 14/100 - Train Loss: 1.9395, Test Loss: 1.9349
Epoch 15/100 - Train Loss: 1.9278, Test Loss: 1.9232
Epoch 16/100 - Train Loss: 1.9184, Test Loss: 1.9139
Epoch 17/100 - Train Loss: 1.9087, Test Loss: 1.9039
Epoch 18/100 - Train Loss: 1.9063, Test Loss: 1.9015
Epoch 19/100 - Train Loss: 1.8999, Test Loss: 1.8960
Epoch 20/100 - Train Loss: 1.8975, Test Loss: 1.8939
Epoch 21/100 - Train Loss: 1.8957, Test Loss: 1.8919
Epoch 22/100 - Train Loss: 1.8938, Test Loss: 1.8905
Epoch 23/100 - Train Loss: 1.9017, Test Loss: 1.8984
Epoch 24/100 - Train Loss: 1.8923, Test Loss: 1.8891
Epoch 25/100 - Train Loss: 1.8911, Test Loss: 1.8886
Epoch 26/100 - Train Loss: 1.8905, Test Loss: 1.8878
Epoch 27/100 - Train Loss: 1.8949, Test Loss: 1.8933
Epoch 28/100 - Train Loss: 1.8899, Test Loss: 1.8880
Epoch 29/100 - Train Loss: 1.8894, Test Loss: 1.8873
Epoch 30/100 - Train Loss: 1.8887, Test Loss: 1.8868
Epoch 31/100 - Train Loss: 1.8886, Test Loss: 1.8867
Epoch 32/100 - Train Loss: 1.8880, Test Loss: 1.8863
Epoch 33/100 - Train Loss: 1.8877, Test Loss: 1.8859
Epoch 34/100 - Train Loss: 1.8878, Test Loss: 1.8867
Epoch 35/100 - Train Loss: 1.8893, Test Loss: 1.8874
Epoch 36/100 - Train Loss: 1.8868, Test Loss: 1.8856
Epoch 37/100 - Train Loss: 1.8862, Test Loss: 1.8850
Epoch 38/100 - Train Loss: 1.8876, Test Loss: 1.8862
Epoch 39/100 - Train Loss: 1.8872, Test Loss: 1.8866
Epoch 40/100 - Train Loss: 1.8861, Test Loss: 1.8854
Epoch 41/100 - Train Loss: 1.8852, Test Loss: 1.8842
Epoch 42/100 - Train Loss: 1.8849, Test Loss: 1.8841
Epoch 43/100 - Train Loss: 1.8844, Test Loss: 1.8836
Epoch 44/100 - Train Loss: 1.8845, Test Loss: 1.8836
Epoch 45/100 - Train Loss: 1.8862, Test Loss: 1.8861
Epoch 46/100 - Train Loss: 1.8844, Test Loss: 1.8842
Epoch 47/100 - Train Loss: 1.8836, Test Loss: 1.8830
Epoch 48/100 - Train Loss: 1.8835, Test Loss: 1.8829
Epoch 49/100 - Train Loss: 1.8846, Test Loss: 1.8846
Epoch 50/100 - Train Loss: 1.8837, Test Loss: 1.8838
Epoch 51/100 - Train Loss: 1.8822, Test Loss: 1.8820
Epoch 52/100 - Train Loss: 1.8821, Test Loss: 1.8819
Epoch 53/100 - Train Loss: 1.8820, Test Loss: 1.8818
Epoch 54/100 - Train Loss: 1.8819, Test Loss: 1.8818
Epoch 55/100 - Train Loss: 1.8819, Test Loss: 1.8816
Epoch 56/100 - Train Loss: 1.8819, Test Loss: 1.8816
Epoch 57/100 - Train Loss: 1.8819, Test Loss: 1.8816
Epoch 58/100 - Train Loss: 1.8816, Test Loss: 1.8815
Epoch 59/100 - Train Loss: 1.8816, Test Loss: 1.8814
Epoch 60/100 - Train Loss: 1.8815, Test Loss: 1.8814
Epoch 61/100 - Train Loss: 1.8816, Test Loss: 1.8815
Epoch 62/100 - Train Loss: 1.8816, Test Loss: 1.8813
Epoch 63/100 - Train Loss: 1.8814, Test Loss: 1.8812
Epoch 64/100 - Train Loss: 1.8813, Test Loss: 1.8811
Epoch 65/100 - Train Loss: 1.8813, Test Loss: 1.8811
Epoch 66/100 - Train Loss: 1.8815, Test Loss: 1.8815
Epoch 67/100 - Train Loss: 1.8813, Test Loss: 1.8810
Epoch 68/100 - Train Loss: 1.8812, Test Loss: 1.8811
Epoch 69/100 - Train Loss: 1.8811, Test Loss: 1.8810
Epoch 70/100 - Train Loss: 1.8812, Test Loss: 1.8812
Epoch 71/100 - Train Loss: 1.8811, Test Loss: 1.8810
Epoch 72/100 - Train Loss: 1.8811, Test Loss: 1.8811
Epoch 73/100 - Train Loss: 1.8810, Test Loss: 1.8808
Epoch 74/100 - Train Loss: 1.8810, Test Loss: 1.8811
Epoch 75/100 - Train Loss: 1.8809, Test Loss: 1.8809
Epoch 76/100 - Train Loss: 1.8809, Test Loss: 1.8808
Epoch 77/100 - Train Loss: 1.8808, Test Loss: 1.8808
Epoch 78/100 - Train Loss: 1.8808, Test Loss: 1.8808
Epoch 79/100 - Train Loss: 1.8808, Test Loss: 1.8808
Epoch 80/100 - Train Loss: 1.8808, Test Loss: 1.8808
Epoch 81/100 - Train Loss: 1.8808, Test Loss: 1.8807
Epoch 82/100 - Train Loss: 1.8808, Test Loss: 1.8807
Epoch 83/100 - Train Loss: 1.8808, Test Loss: 1.8807
Epoch 84/100 - Train Loss: 1.8808, Test Loss: 1.8807
Epoch 85/100 - Train Loss: 1.8808, Test Loss: 1.8807
Epoch 86/100 - Train Loss: 1.8808, Test Loss: 1.8807
Epoch 87/100 - Train Loss: 1.8808, Test Loss: 1.8807
Epoch 88/100 - Train Loss: 1.8808, Test Loss: 1.8807
Epoch 89/100 - Train Loss: 1.8808, Test Loss: 1.8807
Epoch 90/100 - Train Loss: 1.8808, Test Loss: 1.8807
Epoch 91/100 - Train Loss: 1.8808, Test Loss: 1.8807
Epoch 92/100 - Train Loss: 1.8808, Test Loss: 1.8807
Epoch 93/100 - Train Loss: 1.8808, Test Loss: 1.8807
Epoch 94/100 - Train Loss: 1.8808, Test Loss: 1.8807
Epoch 95/100 - Train Loss: 1.8808, Test Loss: 1.8807
Epoch 96/100 - Train Loss: 1.8808, Test Loss: 1.8807
Epoch 97/100 - Train Loss: 1.8808, Test Loss: 1.8807
Epoch 98/100 - Train Loss: 1.8808, Test Loss: 1.8807
Epoch 99/100 - Train Loss: 1.8808, Test Loss: 1.8807
Epoch 100/100 - Train Loss: 1.8807, Test Loss: 1.8807
