device is cuda:0
Files already downloaded and verified
Files already downloaded and verified
SGD (
Parameter Group 0
    dampening: 0
    differentiable: False
    foreach: None
    initial_lr: 0.0001
    lr: 0.0001
    maximize: False
    momentum: 0.9
    nesterov: False
    weight_decay: 0
)
Epoch 1/100 - Train Loss: 2.2725, Test Loss: 2.2719
Epoch 2/100 - Train Loss: 2.2393, Test Loss: 2.2380
Epoch 3/100 - Train Loss: 2.1905, Test Loss: 2.1879
Epoch 4/100 - Train Loss: 2.1196, Test Loss: 2.1152
Epoch 5/100 - Train Loss: 2.0267, Test Loss: 2.0212
Epoch 6/100 - Train Loss: 1.9456, Test Loss: 1.9391
Epoch 7/100 - Train Loss: 1.8901, Test Loss: 1.8834
Epoch 8/100 - Train Loss: 1.8391, Test Loss: 1.8310
Epoch 9/100 - Train Loss: 1.8013, Test Loss: 1.7922
Epoch 10/100 - Train Loss: 1.7621, Test Loss: 1.7528
Epoch 11/100 - Train Loss: 1.7422, Test Loss: 1.7330
Epoch 12/100 - Train Loss: 1.7348, Test Loss: 1.7261
Epoch 13/100 - Train Loss: 1.7222, Test Loss: 1.7135
Epoch 14/100 - Train Loss: 1.7144, Test Loss: 1.7052
Epoch 15/100 - Train Loss: 1.7040, Test Loss: 1.6957
Epoch 16/100 - Train Loss: 1.6938, Test Loss: 1.6853
Epoch 17/100 - Train Loss: 1.6944, Test Loss: 1.6860
Epoch 18/100 - Train Loss: 1.6969, Test Loss: 1.6876
Epoch 19/100 - Train Loss: 1.6877, Test Loss: 1.6795
Epoch 20/100 - Train Loss: 1.6869, Test Loss: 1.6781
Epoch 21/100 - Train Loss: 1.6790, Test Loss: 1.6713
Epoch 22/100 - Train Loss: 1.6780, Test Loss: 1.6712
Epoch 23/100 - Train Loss: 1.6779, Test Loss: 1.6694
Epoch 24/100 - Train Loss: 1.6766, Test Loss: 1.6695
Epoch 25/100 - Train Loss: 1.6726, Test Loss: 1.6653
Epoch 26/100 - Train Loss: 1.6841, Test Loss: 1.6756
Epoch 27/100 - Train Loss: 1.6782, Test Loss: 1.6716
Epoch 28/100 - Train Loss: 1.6807, Test Loss: 1.6737
Epoch 29/100 - Train Loss: 1.6783, Test Loss: 1.6717
Epoch 30/100 - Train Loss: 1.6719, Test Loss: 1.6649
Epoch 31/100 - Train Loss: 1.6726, Test Loss: 1.6653
Epoch 32/100 - Train Loss: 1.6761, Test Loss: 1.6679
Epoch 33/100 - Train Loss: 1.6741, Test Loss: 1.6671
Epoch 34/100 - Train Loss: 1.6750, Test Loss: 1.6688
Epoch 35/100 - Train Loss: 1.6837, Test Loss: 1.6766
Epoch 36/100 - Train Loss: 1.6694, Test Loss: 1.6625
Epoch 37/100 - Train Loss: 1.6733, Test Loss: 1.6677
Epoch 38/100 - Train Loss: 1.6836, Test Loss: 1.6761
Epoch 39/100 - Train Loss: 1.6729, Test Loss: 1.6672
Epoch 40/100 - Train Loss: 1.6699, Test Loss: 1.6627
Epoch 41/100 - Train Loss: 1.6673, Test Loss: 1.6611
Epoch 42/100 - Train Loss: 1.6700, Test Loss: 1.6631
Epoch 43/100 - Train Loss: 1.6716, Test Loss: 1.6661
Epoch 44/100 - Train Loss: 1.6736, Test Loss: 1.6663
Epoch 45/100 - Train Loss: 1.6690, Test Loss: 1.6619
Epoch 46/100 - Train Loss: 1.6724, Test Loss: 1.6672
Epoch 47/100 - Train Loss: 1.6678, Test Loss: 1.6619
Epoch 48/100 - Train Loss: 1.6736, Test Loss: 1.6679
Epoch 49/100 - Train Loss: 1.6660, Test Loss: 1.6599
Epoch 50/100 - Train Loss: 1.6717, Test Loss: 1.6650
Epoch 51/100 - Train Loss: 1.6646, Test Loss: 1.6586
Epoch 52/100 - Train Loss: 1.6646, Test Loss: 1.6584
Epoch 53/100 - Train Loss: 1.6644, Test Loss: 1.6586
Epoch 54/100 - Train Loss: 1.6640, Test Loss: 1.6581
Epoch 55/100 - Train Loss: 1.6640, Test Loss: 1.6579
Epoch 56/100 - Train Loss: 1.6639, Test Loss: 1.6577
Epoch 57/100 - Train Loss: 1.6646, Test Loss: 1.6581
Epoch 58/100 - Train Loss: 1.6646, Test Loss: 1.6581
Epoch 59/100 - Train Loss: 1.6634, Test Loss: 1.6575
Epoch 60/100 - Train Loss: 1.6633, Test Loss: 1.6573
Epoch 61/100 - Train Loss: 1.6645, Test Loss: 1.6592
Epoch 62/100 - Train Loss: 1.6636, Test Loss: 1.6573
Epoch 63/100 - Train Loss: 1.6633, Test Loss: 1.6571
Epoch 64/100 - Train Loss: 1.6637, Test Loss: 1.6583
Epoch 65/100 - Train Loss: 1.6628, Test Loss: 1.6570
Epoch 66/100 - Train Loss: 1.6653, Test Loss: 1.6600
Epoch 67/100 - Train Loss: 1.6627, Test Loss: 1.6566
Epoch 68/100 - Train Loss: 1.6627, Test Loss: 1.6570
Epoch 69/100 - Train Loss: 1.6626, Test Loss: 1.6565
Epoch 70/100 - Train Loss: 1.6636, Test Loss: 1.6581
Epoch 71/100 - Train Loss: 1.6632, Test Loss: 1.6568
Epoch 72/100 - Train Loss: 1.6637, Test Loss: 1.6580
Epoch 73/100 - Train Loss: 1.6624, Test Loss: 1.6566
Epoch 74/100 - Train Loss: 1.6629, Test Loss: 1.6574
Epoch 75/100 - Train Loss: 1.6629, Test Loss: 1.6573
Epoch 76/100 - Train Loss: 1.6620, Test Loss: 1.6560
Epoch 77/100 - Train Loss: 1.6620, Test Loss: 1.6561
Epoch 78/100 - Train Loss: 1.6620, Test Loss: 1.6560
Epoch 79/100 - Train Loss: 1.6620, Test Loss: 1.6560
Epoch 80/100 - Train Loss: 1.6619, Test Loss: 1.6561
Epoch 81/100 - Train Loss: 1.6620, Test Loss: 1.6560
Epoch 82/100 - Train Loss: 1.6619, Test Loss: 1.6560
Epoch 83/100 - Train Loss: 1.6619, Test Loss: 1.6559
Epoch 84/100 - Train Loss: 1.6619, Test Loss: 1.6560
Epoch 85/100 - Train Loss: 1.6619, Test Loss: 1.6559
Epoch 86/100 - Train Loss: 1.6619, Test Loss: 1.6559
Epoch 87/100 - Train Loss: 1.6619, Test Loss: 1.6559
Epoch 88/100 - Train Loss: 1.6619, Test Loss: 1.6559
Epoch 89/100 - Train Loss: 1.6619, Test Loss: 1.6560
Epoch 90/100 - Train Loss: 1.6619, Test Loss: 1.6559
Epoch 91/100 - Train Loss: 1.6619, Test Loss: 1.6559
Epoch 92/100 - Train Loss: 1.6619, Test Loss: 1.6560
Epoch 93/100 - Train Loss: 1.6618, Test Loss: 1.6559
Epoch 94/100 - Train Loss: 1.6618, Test Loss: 1.6559
Epoch 95/100 - Train Loss: 1.6618, Test Loss: 1.6559
Epoch 96/100 - Train Loss: 1.6618, Test Loss: 1.6559
Epoch 97/100 - Train Loss: 1.6618, Test Loss: 1.6560
Epoch 98/100 - Train Loss: 1.6618, Test Loss: 1.6558
Epoch 99/100 - Train Loss: 1.6618, Test Loss: 1.6559
Epoch 100/100 - Train Loss: 1.6618, Test Loss: 1.6559
