device is cuda:0
Files already downloaded and verified
Files already downloaded and verified
SGD (
Parameter Group 0
    dampening: 0
    differentiable: False
    foreach: None
    initial_lr: 0.0001
    lr: 0.0001
    maximize: False
    momentum: 0.9
    nesterov: False
    weight_decay: 0
)
Epoch 1/100 - Train Loss: 1.9871, Test Loss: 1.9876
Epoch 2/100 - Train Loss: 1.8331, Test Loss: 1.8343
Epoch 3/100 - Train Loss: 1.7522, Test Loss: 1.7546
Epoch 4/100 - Train Loss: 1.6865, Test Loss: 1.6902
Epoch 5/100 - Train Loss: 1.6256, Test Loss: 1.6315
Epoch 6/100 - Train Loss: 1.5711, Test Loss: 1.5781
Epoch 7/100 - Train Loss: 1.5174, Test Loss: 1.5257
Epoch 8/100 - Train Loss: 1.4720, Test Loss: 1.4842
Epoch 9/100 - Train Loss: 1.4388, Test Loss: 1.4525
Epoch 10/100 - Train Loss: 1.3953, Test Loss: 1.4150
Epoch 11/100 - Train Loss: 1.3736, Test Loss: 1.3943
Epoch 12/100 - Train Loss: 1.3326, Test Loss: 1.3582
Epoch 13/100 - Train Loss: 1.3013, Test Loss: 1.3307
Epoch 14/100 - Train Loss: 1.2737, Test Loss: 1.3056
Epoch 15/100 - Train Loss: 1.2607, Test Loss: 1.2957
Epoch 16/100 - Train Loss: 1.2205, Test Loss: 1.2597
Epoch 17/100 - Train Loss: 1.2250, Test Loss: 1.2683
Epoch 18/100 - Train Loss: 1.1795, Test Loss: 1.2276
Epoch 19/100 - Train Loss: 1.1574, Test Loss: 1.2095
Epoch 20/100 - Train Loss: 1.1394, Test Loss: 1.1920
Epoch 21/100 - Train Loss: 1.1287, Test Loss: 1.1815
Epoch 22/100 - Train Loss: 1.0955, Test Loss: 1.1537
Epoch 23/100 - Train Loss: 1.0910, Test Loss: 1.1585
Epoch 24/100 - Train Loss: 1.0635, Test Loss: 1.1336
Epoch 25/100 - Train Loss: 1.0362, Test Loss: 1.1080
Epoch 26/100 - Train Loss: 1.0188, Test Loss: 1.0925
Epoch 27/100 - Train Loss: 1.0047, Test Loss: 1.0837
Epoch 28/100 - Train Loss: 0.9864, Test Loss: 1.0702
Epoch 29/100 - Train Loss: 0.9763, Test Loss: 1.0629
Epoch 30/100 - Train Loss: 0.9878, Test Loss: 1.0806
Epoch 31/100 - Train Loss: 0.9724, Test Loss: 1.0646
Epoch 32/100 - Train Loss: 0.9450, Test Loss: 1.0472
Epoch 33/100 - Train Loss: 0.9333, Test Loss: 1.0328
Epoch 34/100 - Train Loss: 0.9082, Test Loss: 1.0137
Epoch 35/100 - Train Loss: 0.8989, Test Loss: 1.0094
Epoch 36/100 - Train Loss: 0.8891, Test Loss: 1.0028
Epoch 37/100 - Train Loss: 0.8909, Test Loss: 1.0133
Epoch 38/100 - Train Loss: 0.8913, Test Loss: 1.0136
Epoch 39/100 - Train Loss: 0.8462, Test Loss: 0.9756
Epoch 40/100 - Train Loss: 0.8375, Test Loss: 0.9737
Epoch 41/100 - Train Loss: 0.8184, Test Loss: 0.9597
Epoch 42/100 - Train Loss: 0.8151, Test Loss: 0.9626
Epoch 43/100 - Train Loss: 0.8013, Test Loss: 0.9501
Epoch 44/100 - Train Loss: 0.8169, Test Loss: 0.9761
Epoch 45/100 - Train Loss: 0.7774, Test Loss: 0.9438
Epoch 46/100 - Train Loss: 0.7838, Test Loss: 0.9592
Epoch 47/100 - Train Loss: 0.7679, Test Loss: 0.9500
Epoch 48/100 - Train Loss: 0.7569, Test Loss: 0.9376
Epoch 49/100 - Train Loss: 0.7464, Test Loss: 0.9389
Epoch 50/100 - Train Loss: 0.7308, Test Loss: 0.9306
Epoch 51/100 - Train Loss: 0.7080, Test Loss: 0.9144
Epoch 52/100 - Train Loss: 0.7052, Test Loss: 0.9142
Epoch 53/100 - Train Loss: 0.7037, Test Loss: 0.9131
Epoch 54/100 - Train Loss: 0.7030, Test Loss: 0.9124
Epoch 55/100 - Train Loss: 0.7033, Test Loss: 0.9151
Epoch 56/100 - Train Loss: 0.6999, Test Loss: 0.9117
Epoch 57/100 - Train Loss: 0.7012, Test Loss: 0.9144
Epoch 58/100 - Train Loss: 0.6981, Test Loss: 0.9136
Epoch 59/100 - Train Loss: 0.6984, Test Loss: 0.9123
Epoch 60/100 - Train Loss: 0.6963, Test Loss: 0.9135
Epoch 61/100 - Train Loss: 0.6942, Test Loss: 0.9128
Epoch 62/100 - Train Loss: 0.6924, Test Loss: 0.9118
Epoch 63/100 - Train Loss: 0.6903, Test Loss: 0.9127
Epoch 64/100 - Train Loss: 0.6910, Test Loss: 0.9140
Epoch 65/100 - Train Loss: 0.6885, Test Loss: 0.9118
Epoch 66/100 - Train Loss: 0.6872, Test Loss: 0.9123
Epoch 67/100 - Train Loss: 0.6879, Test Loss: 0.9143
Epoch 68/100 - Train Loss: 0.6854, Test Loss: 0.9115
Epoch 69/100 - Train Loss: 0.6858, Test Loss: 0.9124
Epoch 70/100 - Train Loss: 0.6845, Test Loss: 0.9114
Epoch 71/100 - Train Loss: 0.6816, Test Loss: 0.9124
Epoch 72/100 - Train Loss: 0.6810, Test Loss: 0.9116
Epoch 73/100 - Train Loss: 0.6794, Test Loss: 0.9127
Epoch 74/100 - Train Loss: 0.6780, Test Loss: 0.9128
Epoch 75/100 - Train Loss: 0.6806, Test Loss: 0.9143
Epoch 76/100 - Train Loss: 0.6765, Test Loss: 0.9115
Epoch 77/100 - Train Loss: 0.6766, Test Loss: 0.9123
Epoch 78/100 - Train Loss: 0.6763, Test Loss: 0.9118
Epoch 79/100 - Train Loss: 0.6828, Test Loss: 0.9168
Epoch 80/100 - Train Loss: 0.6752, Test Loss: 0.9117
Epoch 81/100 - Train Loss: 0.6775, Test Loss: 0.9121
Epoch 82/100 - Train Loss: 0.6766, Test Loss: 0.9120
Epoch 83/100 - Train Loss: 0.6748, Test Loss: 0.9111
Epoch 84/100 - Train Loss: 0.6747, Test Loss: 0.9118
Epoch 85/100 - Train Loss: 0.6757, Test Loss: 0.9111
Epoch 86/100 - Train Loss: 0.6743, Test Loss: 0.9116
Epoch 87/100 - Train Loss: 0.6744, Test Loss: 0.9107
Epoch 88/100 - Train Loss: 0.6746, Test Loss: 0.9110
Epoch 89/100 - Train Loss: 0.6759, Test Loss: 0.9110
Epoch 90/100 - Train Loss: 0.6743, Test Loss: 0.9109
Epoch 91/100 - Train Loss: 0.6737, Test Loss: 0.9117
Epoch 92/100 - Train Loss: 0.6743, Test Loss: 0.9116
Epoch 93/100 - Train Loss: 0.6756, Test Loss: 0.9120
Epoch 94/100 - Train Loss: 0.6749, Test Loss: 0.9119
Epoch 95/100 - Train Loss: 0.6732, Test Loss: 0.9105
Epoch 96/100 - Train Loss: 0.6736, Test Loss: 0.9104
Epoch 97/100 - Train Loss: 0.6756, Test Loss: 0.9128
Epoch 98/100 - Train Loss: 0.6735, Test Loss: 0.9117
Epoch 99/100 - Train Loss: 0.6761, Test Loss: 0.9160
Epoch 100/100 - Train Loss: 0.6746, Test Loss: 0.9127
total size: 1.0394058227539062
