device is cuda:0
Files already downloaded and verified
Files already downloaded and verified
SGD (
Parameter Group 0
    dampening: 0
    differentiable: False
    foreach: None
    initial_lr: 0.0001
    lr: 0.0001
    maximize: False
    momentum: 0.9
    nesterov: False
    weight_decay: 0
)
Epoch 1/100 - Train Loss: 1.9867, Test Loss: 1.9874
Epoch 2/100 - Train Loss: 1.8328, Test Loss: 1.8345
Epoch 3/100 - Train Loss: 1.7521, Test Loss: 1.7550
Epoch 4/100 - Train Loss: 1.6868, Test Loss: 1.6914
Epoch 5/100 - Train Loss: 1.6260, Test Loss: 1.6320
Epoch 6/100 - Train Loss: 1.5697, Test Loss: 1.5770
Epoch 7/100 - Train Loss: 1.5162, Test Loss: 1.5256
Epoch 8/100 - Train Loss: 1.4707, Test Loss: 1.4833
Epoch 9/100 - Train Loss: 1.4371, Test Loss: 1.4512
Epoch 10/100 - Train Loss: 1.3932, Test Loss: 1.4141
Epoch 11/100 - Train Loss: 1.3659, Test Loss: 1.3880
Epoch 12/100 - Train Loss: 1.3262, Test Loss: 1.3540
Epoch 13/100 - Train Loss: 1.2951, Test Loss: 1.3277
Epoch 14/100 - Train Loss: 1.2673, Test Loss: 1.3024
Epoch 15/100 - Train Loss: 1.2613, Test Loss: 1.3001
Epoch 16/100 - Train Loss: 1.2142, Test Loss: 1.2566
Epoch 17/100 - Train Loss: 1.2119, Test Loss: 1.2583
Epoch 18/100 - Train Loss: 1.1726, Test Loss: 1.2245
Epoch 19/100 - Train Loss: 1.1472, Test Loss: 1.2029
Epoch 20/100 - Train Loss: 1.1275, Test Loss: 1.1838
Epoch 21/100 - Train Loss: 1.1223, Test Loss: 1.1790
Epoch 22/100 - Train Loss: 1.0789, Test Loss: 1.1423
Epoch 23/100 - Train Loss: 1.0773, Test Loss: 1.1477
Epoch 24/100 - Train Loss: 1.0482, Test Loss: 1.1236
Epoch 25/100 - Train Loss: 1.0218, Test Loss: 1.1012
Epoch 26/100 - Train Loss: 1.0067, Test Loss: 1.0878
Epoch 27/100 - Train Loss: 0.9902, Test Loss: 1.0769
Epoch 28/100 - Train Loss: 0.9688, Test Loss: 1.0603
Epoch 29/100 - Train Loss: 0.9600, Test Loss: 1.0574
Epoch 30/100 - Train Loss: 0.9645, Test Loss: 1.0691
Epoch 31/100 - Train Loss: 0.9512, Test Loss: 1.0534
Epoch 32/100 - Train Loss: 0.9244, Test Loss: 1.0384
Epoch 33/100 - Train Loss: 0.9134, Test Loss: 1.0246
Epoch 34/100 - Train Loss: 0.8873, Test Loss: 1.0058
Epoch 35/100 - Train Loss: 0.8716, Test Loss: 0.9951
Epoch 36/100 - Train Loss: 0.8620, Test Loss: 0.9909
Epoch 37/100 - Train Loss: 0.8726, Test Loss: 1.0127
Epoch 38/100 - Train Loss: 0.8800, Test Loss: 1.0174
Epoch 39/100 - Train Loss: 0.8265, Test Loss: 0.9732
Epoch 40/100 - Train Loss: 0.8133, Test Loss: 0.9671
Epoch 41/100 - Train Loss: 0.7994, Test Loss: 0.9579
Epoch 42/100 - Train Loss: 0.7942, Test Loss: 0.9601
Epoch 43/100 - Train Loss: 0.7783, Test Loss: 0.9497
Epoch 44/100 - Train Loss: 0.7933, Test Loss: 0.9738
Epoch 45/100 - Train Loss: 0.7496, Test Loss: 0.9408
Epoch 46/100 - Train Loss: 0.7733, Test Loss: 0.9720
Epoch 47/100 - Train Loss: 0.7578, Test Loss: 0.9670
Epoch 48/100 - Train Loss: 0.7388, Test Loss: 0.9483
Epoch 49/100 - Train Loss: 0.7252, Test Loss: 0.9449
Epoch 50/100 - Train Loss: 0.7017, Test Loss: 0.9267
Epoch 51/100 - Train Loss: 0.6724, Test Loss: 0.9117
Epoch 52/100 - Train Loss: 0.6692, Test Loss: 0.9115
Epoch 53/100 - Train Loss: 0.6675, Test Loss: 0.9104
Epoch 54/100 - Train Loss: 0.6667, Test Loss: 0.9097
Epoch 55/100 - Train Loss: 0.6658, Test Loss: 0.9128
Epoch 56/100 - Train Loss: 0.6633, Test Loss: 0.9082
Epoch 57/100 - Train Loss: 0.6644, Test Loss: 0.9123
Epoch 58/100 - Train Loss: 0.6609, Test Loss: 0.9131
Epoch 59/100 - Train Loss: 0.6597, Test Loss: 0.9100
Epoch 60/100 - Train Loss: 0.6577, Test Loss: 0.9113
Epoch 61/100 - Train Loss: 0.6566, Test Loss: 0.9116
Epoch 62/100 - Train Loss: 0.6546, Test Loss: 0.9106
Epoch 63/100 - Train Loss: 0.6525, Test Loss: 0.9118
Epoch 64/100 - Train Loss: 0.6527, Test Loss: 0.9133
Epoch 65/100 - Train Loss: 0.6501, Test Loss: 0.9113
Epoch 66/100 - Train Loss: 0.6482, Test Loss: 0.9124
Epoch 67/100 - Train Loss: 0.6477, Test Loss: 0.9123
Epoch 68/100 - Train Loss: 0.6460, Test Loss: 0.9103
Epoch 69/100 - Train Loss: 0.6465, Test Loss: 0.9128
Epoch 70/100 - Train Loss: 0.6464, Test Loss: 0.9116
Epoch 71/100 - Train Loss: 0.6412, Test Loss: 0.9122
Epoch 72/100 - Train Loss: 0.6412, Test Loss: 0.9112
Epoch 73/100 - Train Loss: 0.6384, Test Loss: 0.9117
Epoch 74/100 - Train Loss: 0.6369, Test Loss: 0.9133
Epoch 75/100 - Train Loss: 0.6392, Test Loss: 0.9145
Epoch 76/100 - Train Loss: 0.6352, Test Loss: 0.9111
Epoch 77/100 - Train Loss: 0.6346, Test Loss: 0.9122
Epoch 78/100 - Train Loss: 0.6350, Test Loss: 0.9120
Epoch 79/100 - Train Loss: 0.6416, Test Loss: 0.9174
Epoch 80/100 - Train Loss: 0.6339, Test Loss: 0.9118
Epoch 81/100 - Train Loss: 0.6361, Test Loss: 0.9126
Epoch 82/100 - Train Loss: 0.6352, Test Loss: 0.9122
Epoch 83/100 - Train Loss: 0.6335, Test Loss: 0.9111
Epoch 84/100 - Train Loss: 0.6337, Test Loss: 0.9116
Epoch 85/100 - Train Loss: 0.6342, Test Loss: 0.9106
Epoch 86/100 - Train Loss: 0.6329, Test Loss: 0.9118
Epoch 87/100 - Train Loss: 0.6336, Test Loss: 0.9112
Epoch 88/100 - Train Loss: 0.6332, Test Loss: 0.9115
Epoch 89/100 - Train Loss: 0.6348, Test Loss: 0.9108
Epoch 90/100 - Train Loss: 0.6330, Test Loss: 0.9106
Epoch 91/100 - Train Loss: 0.6327, Test Loss: 0.9124
Epoch 92/100 - Train Loss: 0.6331, Test Loss: 0.9113
Epoch 93/100 - Train Loss: 0.6341, Test Loss: 0.9118
Epoch 94/100 - Train Loss: 0.6335, Test Loss: 0.9120
Epoch 95/100 - Train Loss: 0.6317, Test Loss: 0.9108
Epoch 96/100 - Train Loss: 0.6320, Test Loss: 0.9105
Epoch 97/100 - Train Loss: 0.6341, Test Loss: 0.9124
Epoch 98/100 - Train Loss: 0.6324, Test Loss: 0.9117
Epoch 99/100 - Train Loss: 0.6346, Test Loss: 0.9171
Epoch 100/100 - Train Loss: 0.6327, Test Loss: 0.9125
total size: 1.0394058227539062
