device is cuda:0
Files already downloaded and verified
Files already downloaded and verified
SGD (
Parameter Group 0
    dampening: 0
    differentiable: False
    foreach: None
    initial_lr: 0.0005
    lr: 0.0005
    maximize: False
    momentum: 0.9
    nesterov: False
    weight_decay: 0
)
Epoch 1/100 - Train Loss: 1.9060, Test Loss: 1.8984
Epoch 2/100 - Train Loss: 1.6339, Test Loss: 1.6287
Epoch 3/100 - Train Loss: 1.5336, Test Loss: 1.5372
Epoch 4/100 - Train Loss: 1.4679, Test Loss: 1.4686
Epoch 5/100 - Train Loss: 1.4509, Test Loss: 1.4504
Epoch 6/100 - Train Loss: 1.3862, Test Loss: 1.3929
Epoch 7/100 - Train Loss: 1.4223, Test Loss: 1.4281
Epoch 8/100 - Train Loss: 1.3343, Test Loss: 1.3388
Epoch 9/100 - Train Loss: 1.3652, Test Loss: 1.3676
Epoch 10/100 - Train Loss: 1.2907, Test Loss: 1.3038
Epoch 11/100 - Train Loss: 1.2425, Test Loss: 1.2559
Epoch 12/100 - Train Loss: 1.2237, Test Loss: 1.2447
Epoch 13/100 - Train Loss: 1.2206, Test Loss: 1.2426
Epoch 14/100 - Train Loss: 1.2945, Test Loss: 1.3163
Epoch 15/100 - Train Loss: 1.2340, Test Loss: 1.2565
Epoch 16/100 - Train Loss: 1.1771, Test Loss: 1.2028
Epoch 17/100 - Train Loss: 1.1853, Test Loss: 1.2142
Epoch 18/100 - Train Loss: 1.1604, Test Loss: 1.1870
Epoch 19/100 - Train Loss: 1.1683, Test Loss: 1.1963
Epoch 20/100 - Train Loss: 1.1739, Test Loss: 1.1980
Epoch 21/100 - Train Loss: 1.1699, Test Loss: 1.1964
Epoch 22/100 - Train Loss: 1.1531, Test Loss: 1.1813
Epoch 23/100 - Train Loss: 1.1383, Test Loss: 1.1680
Epoch 24/100 - Train Loss: 1.1707, Test Loss: 1.1992
Epoch 25/100 - Train Loss: 1.1623, Test Loss: 1.1975
Epoch 26/100 - Train Loss: 1.1376, Test Loss: 1.1720
Epoch 27/100 - Train Loss: 1.1372, Test Loss: 1.1718
Epoch 28/100 - Train Loss: 1.1620, Test Loss: 1.1963
Epoch 29/100 - Train Loss: 1.1638, Test Loss: 1.1955
Epoch 30/100 - Train Loss: 1.1318, Test Loss: 1.1634
Epoch 31/100 - Train Loss: 1.1088, Test Loss: 1.1421
Epoch 32/100 - Train Loss: 1.1283, Test Loss: 1.1642
Epoch 33/100 - Train Loss: 1.1122, Test Loss: 1.1458
Epoch 34/100 - Train Loss: 1.0991, Test Loss: 1.1328
Epoch 35/100 - Train Loss: 1.0953, Test Loss: 1.1362
Epoch 36/100 - Train Loss: 1.0857, Test Loss: 1.1246
Epoch 37/100 - Train Loss: 1.0790, Test Loss: 1.1192
Epoch 38/100 - Train Loss: 1.0956, Test Loss: 1.1333
Epoch 39/100 - Train Loss: 1.0855, Test Loss: 1.1251
Epoch 40/100 - Train Loss: 1.0800, Test Loss: 1.1212
Epoch 41/100 - Train Loss: 1.0647, Test Loss: 1.1058
Epoch 42/100 - Train Loss: 1.0753, Test Loss: 1.1150
Epoch 43/100 - Train Loss: 1.0596, Test Loss: 1.1007
Epoch 44/100 - Train Loss: 1.0638, Test Loss: 1.1073
Epoch 45/100 - Train Loss: 1.0699, Test Loss: 1.1097
Epoch 46/100 - Train Loss: 1.0597, Test Loss: 1.1026
Epoch 47/100 - Train Loss: 1.0583, Test Loss: 1.1040
Epoch 48/100 - Train Loss: 1.0616, Test Loss: 1.1039
Epoch 49/100 - Train Loss: 1.0385, Test Loss: 1.0811
Epoch 50/100 - Train Loss: 1.1207, Test Loss: 1.1609
Epoch 51/100 - Train Loss: 1.0067, Test Loss: 1.0525
Epoch 52/100 - Train Loss: 1.0027, Test Loss: 1.0502
Epoch 53/100 - Train Loss: 1.0008, Test Loss: 1.0488
Epoch 54/100 - Train Loss: 0.9999, Test Loss: 1.0484
Epoch 55/100 - Train Loss: 0.9979, Test Loss: 1.0470
Epoch 56/100 - Train Loss: 1.0014, Test Loss: 1.0498
Epoch 57/100 - Train Loss: 0.9974, Test Loss: 1.0468
Epoch 58/100 - Train Loss: 0.9992, Test Loss: 1.0492
Epoch 59/100 - Train Loss: 0.9949, Test Loss: 1.0449
Epoch 60/100 - Train Loss: 0.9949, Test Loss: 1.0441
Epoch 61/100 - Train Loss: 0.9935, Test Loss: 1.0434
Epoch 62/100 - Train Loss: 0.9930, Test Loss: 1.0436
Epoch 63/100 - Train Loss: 0.9961, Test Loss: 1.0457
Epoch 64/100 - Train Loss: 0.9880, Test Loss: 1.0389
Epoch 65/100 - Train Loss: 0.9879, Test Loss: 1.0387
Epoch 66/100 - Train Loss: 0.9864, Test Loss: 1.0370
Epoch 67/100 - Train Loss: 0.9884, Test Loss: 1.0389
Epoch 68/100 - Train Loss: 0.9879, Test Loss: 1.0386
Epoch 69/100 - Train Loss: 0.9848, Test Loss: 1.0362
Epoch 70/100 - Train Loss: 0.9865, Test Loss: 1.0386
Epoch 71/100 - Train Loss: 0.9832, Test Loss: 1.0356
Epoch 72/100 - Train Loss: 0.9822, Test Loss: 1.0346
Epoch 73/100 - Train Loss: 0.9820, Test Loss: 1.0351
Epoch 74/100 - Train Loss: 0.9887, Test Loss: 1.0397
Epoch 75/100 - Train Loss: 0.9846, Test Loss: 1.0366
Epoch 76/100 - Train Loss: 0.9780, Test Loss: 1.0305
Epoch 77/100 - Train Loss: 0.9780, Test Loss: 1.0302
Epoch 78/100 - Train Loss: 0.9777, Test Loss: 1.0300
Epoch 79/100 - Train Loss: 0.9774, Test Loss: 1.0302
Epoch 80/100 - Train Loss: 0.9773, Test Loss: 1.0298
Epoch 81/100 - Train Loss: 0.9775, Test Loss: 1.0307
Epoch 82/100 - Train Loss: 0.9771, Test Loss: 1.0300
Epoch 83/100 - Train Loss: 0.9771, Test Loss: 1.0299
Epoch 84/100 - Train Loss: 0.9778, Test Loss: 1.0306
Epoch 85/100 - Train Loss: 0.9772, Test Loss: 1.0301
Epoch 86/100 - Train Loss: 0.9769, Test Loss: 1.0299
Epoch 87/100 - Train Loss: 0.9765, Test Loss: 1.0295
Epoch 88/100 - Train Loss: 0.9766, Test Loss: 1.0296
Epoch 89/100 - Train Loss: 0.9764, Test Loss: 1.0293
Epoch 90/100 - Train Loss: 0.9764, Test Loss: 1.0294
Epoch 91/100 - Train Loss: 0.9765, Test Loss: 1.0293
Epoch 92/100 - Train Loss: 0.9765, Test Loss: 1.0297
Epoch 93/100 - Train Loss: 0.9767, Test Loss: 1.0297
Epoch 94/100 - Train Loss: 0.9762, Test Loss: 1.0294
Epoch 95/100 - Train Loss: 0.9759, Test Loss: 1.0290
Epoch 96/100 - Train Loss: 0.9759, Test Loss: 1.0286
Epoch 97/100 - Train Loss: 0.9760, Test Loss: 1.0291
Epoch 98/100 - Train Loss: 0.9758, Test Loss: 1.0291
Epoch 99/100 - Train Loss: 0.9754, Test Loss: 1.0289
Epoch 100/100 - Train Loss: 0.9767, Test Loss: 1.0295
total size: 42.617958068847656
