device is cuda:0
Files already downloaded and verified
Files already downloaded and verified
SGD (
Parameter Group 0
    dampening: 0
    differentiable: False
    foreach: None
    initial_lr: 0.001
    lr: 0.001
    maximize: False
    momentum: 0.9
    nesterov: False
    weight_decay: 0
)
Epoch 1/50 - Train Loss: 1.6258, Test Loss: 1.6247
Epoch 2/50 - Train Loss: 1.4311, Test Loss: 1.4395
Epoch 3/50 - Train Loss: 1.2978, Test Loss: 1.3283
Epoch 4/50 - Train Loss: 1.1924, Test Loss: 1.2347
Epoch 5/50 - Train Loss: 1.0991, Test Loss: 1.1595
Epoch 6/50 - Train Loss: 1.0441, Test Loss: 1.1198
Epoch 7/50 - Train Loss: 1.0055, Test Loss: 1.1129
Epoch 8/50 - Train Loss: 0.8675, Test Loss: 1.0038
Epoch 9/50 - Train Loss: 0.8678, Test Loss: 1.0176
Epoch 10/50 - Train Loss: 0.8318, Test Loss: 1.0012
Epoch 11/50 - Train Loss: 0.7502, Test Loss: 0.9608
Epoch 12/50 - Train Loss: 0.6969, Test Loss: 0.9381
Epoch 13/50 - Train Loss: 0.6685, Test Loss: 0.9324
Epoch 14/50 - Train Loss: 0.6858, Test Loss: 0.9882
Epoch 15/50 - Train Loss: 0.6655, Test Loss: 1.0068
Epoch 16/50 - Train Loss: 0.5405, Test Loss: 0.9212
Epoch 17/50 - Train Loss: 0.5503, Test Loss: 0.9681
Epoch 18/50 - Train Loss: 0.4887, Test Loss: 0.9476
Epoch 19/50 - Train Loss: 0.4072, Test Loss: 0.9452
Epoch 20/50 - Train Loss: 0.4193, Test Loss: 0.9655
Epoch 21/50 - Train Loss: 0.3395, Test Loss: 0.9597
Epoch 22/50 - Train Loss: 0.3245, Test Loss: 1.0005
Epoch 23/50 - Train Loss: 0.3120, Test Loss: 1.0456
Epoch 24/50 - Train Loss: 0.2838, Test Loss: 1.0824
Epoch 25/50 - Train Loss: 0.2531, Test Loss: 1.0955
Epoch 26/50 - Train Loss: 0.1259, Test Loss: 1.1034
Epoch 27/50 - Train Loss: 0.1097, Test Loss: 1.1359
Epoch 28/50 - Train Loss: 0.1017, Test Loss: 1.1593
Epoch 29/50 - Train Loss: 0.0938, Test Loss: 1.1828
Epoch 30/50 - Train Loss: 0.0877, Test Loss: 1.2136
Epoch 31/50 - Train Loss: 0.0817, Test Loss: 1.2309
Epoch 32/50 - Train Loss: 0.0778, Test Loss: 1.2661
Epoch 33/50 - Train Loss: 0.0715, Test Loss: 1.2690
Epoch 34/50 - Train Loss: 0.0681, Test Loss: 1.2995
Epoch 35/50 - Train Loss: 0.0646, Test Loss: 1.3218
Epoch 36/50 - Train Loss: 0.0606, Test Loss: 1.3405
Epoch 37/50 - Train Loss: 0.0566, Test Loss: 1.3720
Epoch 38/50 - Train Loss: 0.0543, Test Loss: 1.3631
Epoch 39/50 - Train Loss: 0.0537, Test Loss: 1.3646
Epoch 40/50 - Train Loss: 0.0533, Test Loss: 1.3683
Epoch 41/50 - Train Loss: 0.0529, Test Loss: 1.3709
Epoch 42/50 - Train Loss: 0.0526, Test Loss: 1.3755
Epoch 43/50 - Train Loss: 0.0522, Test Loss: 1.3763
Epoch 44/50 - Train Loss: 0.0519, Test Loss: 1.3792
Epoch 45/50 - Train Loss: 0.0516, Test Loss: 1.3810
Epoch 46/50 - Train Loss: 0.0513, Test Loss: 1.3845
Epoch 47/50 - Train Loss: 0.0509, Test Loss: 1.3872
Epoch 48/50 - Train Loss: 0.0507, Test Loss: 1.3889
Epoch 49/50 - Train Loss: 0.0503, Test Loss: 1.3910
Epoch 50/50 - Train Loss: 0.0500, Test Loss: 1.3935
total size: 42.617958068847656
