device is cuda:0
Files already downloaded and verified
Files already downloaded and verified
SGD (
Parameter Group 0
    dampening: 0
    differentiable: False
    foreach: None
    initial_lr: 0.0001
    lr: 0.0001
    maximize: False
    momentum: 0.9
    nesterov: False
    weight_decay: 0
)
Epoch 1/100 - Train Loss: 1.9884, Test Loss: 1.9889
Epoch 2/100 - Train Loss: 1.8326, Test Loss: 1.8341
Epoch 3/100 - Train Loss: 1.7521, Test Loss: 1.7551
Epoch 4/100 - Train Loss: 1.6867, Test Loss: 1.6909
Epoch 5/100 - Train Loss: 1.6263, Test Loss: 1.6319
Epoch 6/100 - Train Loss: 1.5705, Test Loss: 1.5781
Epoch 7/100 - Train Loss: 1.5180, Test Loss: 1.5272
Epoch 8/100 - Train Loss: 1.4733, Test Loss: 1.4861
Epoch 9/100 - Train Loss: 1.4416, Test Loss: 1.4550
Epoch 10/100 - Train Loss: 1.3951, Test Loss: 1.4147
Epoch 11/100 - Train Loss: 1.3715, Test Loss: 1.3917
Epoch 12/100 - Train Loss: 1.3313, Test Loss: 1.3585
Epoch 13/100 - Train Loss: 1.3015, Test Loss: 1.3324
Epoch 14/100 - Train Loss: 1.2735, Test Loss: 1.3072
Epoch 15/100 - Train Loss: 1.2648, Test Loss: 1.3023
Epoch 16/100 - Train Loss: 1.2209, Test Loss: 1.2627
Epoch 17/100 - Train Loss: 1.2216, Test Loss: 1.2673
Epoch 18/100 - Train Loss: 1.1821, Test Loss: 1.2322
Epoch 19/100 - Train Loss: 1.1564, Test Loss: 1.2111
Epoch 20/100 - Train Loss: 1.1398, Test Loss: 1.1954
Epoch 21/100 - Train Loss: 1.1310, Test Loss: 1.1866
Epoch 22/100 - Train Loss: 1.0945, Test Loss: 1.1564
Epoch 23/100 - Train Loss: 1.0885, Test Loss: 1.1582
Epoch 24/100 - Train Loss: 1.0636, Test Loss: 1.1370
Epoch 25/100 - Train Loss: 1.0381, Test Loss: 1.1154
Epoch 26/100 - Train Loss: 1.0238, Test Loss: 1.1026
Epoch 27/100 - Train Loss: 1.0047, Test Loss: 1.0891
Epoch 28/100 - Train Loss: 0.9849, Test Loss: 1.0760
Epoch 29/100 - Train Loss: 0.9752, Test Loss: 1.0691
Epoch 30/100 - Train Loss: 0.9855, Test Loss: 1.0855
Epoch 31/100 - Train Loss: 0.9633, Test Loss: 1.0651
Epoch 32/100 - Train Loss: 0.9448, Test Loss: 1.0561
Epoch 33/100 - Train Loss: 0.9442, Test Loss: 1.0528
Epoch 34/100 - Train Loss: 0.9104, Test Loss: 1.0250
Epoch 35/100 - Train Loss: 0.8968, Test Loss: 1.0158
Epoch 36/100 - Train Loss: 0.8832, Test Loss: 1.0063
Epoch 37/100 - Train Loss: 0.8860, Test Loss: 1.0183
Epoch 38/100 - Train Loss: 0.8836, Test Loss: 1.0147
Epoch 39/100 - Train Loss: 0.8478, Test Loss: 0.9893
Epoch 40/100 - Train Loss: 0.8334, Test Loss: 0.9813
Epoch 41/100 - Train Loss: 0.8235, Test Loss: 0.9739
Epoch 42/100 - Train Loss: 0.8195, Test Loss: 0.9768
Epoch 43/100 - Train Loss: 0.8061, Test Loss: 0.9660
Epoch 44/100 - Train Loss: 0.8132, Test Loss: 0.9827
Epoch 45/100 - Train Loss: 0.7868, Test Loss: 0.9621
Epoch 46/100 - Train Loss: 0.7981, Test Loss: 0.9824
Epoch 47/100 - Train Loss: 0.7833, Test Loss: 0.9746
Epoch 48/100 - Train Loss: 0.7602, Test Loss: 0.9532
Epoch 49/100 - Train Loss: 0.7555, Test Loss: 0.9580
Epoch 50/100 - Train Loss: 0.7400, Test Loss: 0.9498
Epoch 51/100 - Train Loss: 0.7108, Test Loss: 0.9294
Epoch 52/100 - Train Loss: 0.7081, Test Loss: 0.9302
Epoch 53/100 - Train Loss: 0.7068, Test Loss: 0.9287
Epoch 54/100 - Train Loss: 0.7061, Test Loss: 0.9286
Epoch 55/100 - Train Loss: 0.7054, Test Loss: 0.9305
Epoch 56/100 - Train Loss: 0.7031, Test Loss: 0.9272
Epoch 57/100 - Train Loss: 0.7045, Test Loss: 0.9306
Epoch 58/100 - Train Loss: 0.7007, Test Loss: 0.9307
Epoch 59/100 - Train Loss: 0.7009, Test Loss: 0.9284
Epoch 60/100 - Train Loss: 0.6989, Test Loss: 0.9298
Epoch 61/100 - Train Loss: 0.6975, Test Loss: 0.9295
Epoch 62/100 - Train Loss: 0.6958, Test Loss: 0.9277
Epoch 63/100 - Train Loss: 0.6928, Test Loss: 0.9291
Epoch 64/100 - Train Loss: 0.6941, Test Loss: 0.9314
Epoch 65/100 - Train Loss: 0.6915, Test Loss: 0.9287
Epoch 66/100 - Train Loss: 0.6894, Test Loss: 0.9290
Epoch 67/100 - Train Loss: 0.6904, Test Loss: 0.9308
Epoch 68/100 - Train Loss: 0.6889, Test Loss: 0.9278
Epoch 69/100 - Train Loss: 0.6885, Test Loss: 0.9296
Epoch 70/100 - Train Loss: 0.6887, Test Loss: 0.9287
Epoch 71/100 - Train Loss: 0.6840, Test Loss: 0.9296
Epoch 72/100 - Train Loss: 0.6840, Test Loss: 0.9286
Epoch 73/100 - Train Loss: 0.6812, Test Loss: 0.9298
Epoch 74/100 - Train Loss: 0.6805, Test Loss: 0.9302
Epoch 75/100 - Train Loss: 0.6835, Test Loss: 0.9323
Epoch 76/100 - Train Loss: 0.6794, Test Loss: 0.9285
Epoch 77/100 - Train Loss: 0.6787, Test Loss: 0.9292
Epoch 78/100 - Train Loss: 0.6791, Test Loss: 0.9288
Epoch 79/100 - Train Loss: 0.6853, Test Loss: 0.9346
Epoch 80/100 - Train Loss: 0.6783, Test Loss: 0.9287
Epoch 81/100 - Train Loss: 0.6798, Test Loss: 0.9291
Epoch 82/100 - Train Loss: 0.6793, Test Loss: 0.9294
Epoch 83/100 - Train Loss: 0.6776, Test Loss: 0.9280
Epoch 84/100 - Train Loss: 0.6778, Test Loss: 0.9285
Epoch 85/100 - Train Loss: 0.6783, Test Loss: 0.9281
Epoch 86/100 - Train Loss: 0.6772, Test Loss: 0.9290
Epoch 87/100 - Train Loss: 0.6775, Test Loss: 0.9281
Epoch 88/100 - Train Loss: 0.6773, Test Loss: 0.9286
Epoch 89/100 - Train Loss: 0.6789, Test Loss: 0.9279
Epoch 90/100 - Train Loss: 0.6772, Test Loss: 0.9276
Epoch 91/100 - Train Loss: 0.6773, Test Loss: 0.9293
Epoch 92/100 - Train Loss: 0.6774, Test Loss: 0.9283
Epoch 93/100 - Train Loss: 0.6782, Test Loss: 0.9287
Epoch 94/100 - Train Loss: 0.6780, Test Loss: 0.9290
Epoch 95/100 - Train Loss: 0.6759, Test Loss: 0.9277
Epoch 96/100 - Train Loss: 0.6761, Test Loss: 0.9275
Epoch 97/100 - Train Loss: 0.6779, Test Loss: 0.9292
Epoch 98/100 - Train Loss: 0.6762, Test Loss: 0.9291
Epoch 99/100 - Train Loss: 0.6787, Test Loss: 0.9330
Epoch 100/100 - Train Loss: 0.6772, Test Loss: 0.9296
total size: 1.0394058227539062
