device is cuda:0
Files already downloaded and verified
Files already downloaded and verified
SGD (
Parameter Group 0
    dampening: 0
    differentiable: False
    foreach: None
    initial_lr: 0.001
    lr: 0.001
    maximize: False
    momentum: 0.9
    nesterov: False
    weight_decay: 0
)
Epoch 1/50 - Train Loss: 1.6550, Test Loss: 1.6520
Epoch 2/50 - Train Loss: 1.4630, Test Loss: 1.4647
Epoch 3/50 - Train Loss: 1.3583, Test Loss: 1.3715
Epoch 4/50 - Train Loss: 1.2782, Test Loss: 1.2967
Epoch 5/50 - Train Loss: 1.2512, Test Loss: 1.2777
Epoch 6/50 - Train Loss: 1.1591, Test Loss: 1.1975
Epoch 7/50 - Train Loss: 1.1345, Test Loss: 1.1770
Epoch 8/50 - Train Loss: 1.0496, Test Loss: 1.0941
Epoch 9/50 - Train Loss: 1.1118, Test Loss: 1.1548
Epoch 10/50 - Train Loss: 1.0284, Test Loss: 1.0844
Epoch 11/50 - Train Loss: 0.9794, Test Loss: 1.0395
Epoch 12/50 - Train Loss: 0.9460, Test Loss: 1.0091
Epoch 13/50 - Train Loss: 0.9430, Test Loss: 1.0081
Epoch 14/50 - Train Loss: 1.0342, Test Loss: 1.1017
Epoch 15/50 - Train Loss: 0.9593, Test Loss: 1.0312
Epoch 16/50 - Train Loss: 0.9035, Test Loss: 0.9789
Epoch 17/50 - Train Loss: 0.8700, Test Loss: 0.9466
Epoch 18/50 - Train Loss: 0.8998, Test Loss: 0.9755
Epoch 19/50 - Train Loss: 0.8660, Test Loss: 0.9434
Epoch 20/50 - Train Loss: 0.8618, Test Loss: 0.9350
Epoch 21/50 - Train Loss: 0.8608, Test Loss: 0.9433
Epoch 22/50 - Train Loss: 0.8516, Test Loss: 0.9319
Epoch 23/50 - Train Loss: 0.8267, Test Loss: 0.9082
Epoch 24/50 - Train Loss: 0.8570, Test Loss: 0.9433
Epoch 25/50 - Train Loss: 0.8401, Test Loss: 0.9312
Epoch 26/50 - Train Loss: 0.7708, Test Loss: 0.8680
Epoch 27/50 - Train Loss: 0.7630, Test Loss: 0.8614
Epoch 28/50 - Train Loss: 0.7660, Test Loss: 0.8640
Epoch 29/50 - Train Loss: 0.7604, Test Loss: 0.8605
Epoch 30/50 - Train Loss: 0.7567, Test Loss: 0.8568
Epoch 31/50 - Train Loss: 0.7579, Test Loss: 0.8593
Epoch 32/50 - Train Loss: 0.7606, Test Loss: 0.8636
Epoch 33/50 - Train Loss: 0.7501, Test Loss: 0.8537
Epoch 34/50 - Train Loss: 0.7511, Test Loss: 0.8542
Epoch 35/50 - Train Loss: 0.7552, Test Loss: 0.8620
Epoch 36/50 - Train Loss: 0.7469, Test Loss: 0.8520
Epoch 37/50 - Train Loss: 0.7468, Test Loss: 0.8526
Epoch 38/50 - Train Loss: 0.7407, Test Loss: 0.8462
Epoch 39/50 - Train Loss: 0.7403, Test Loss: 0.8462
Epoch 40/50 - Train Loss: 0.7402, Test Loss: 0.8466
Epoch 41/50 - Train Loss: 0.7403, Test Loss: 0.8471
Epoch 42/50 - Train Loss: 0.7396, Test Loss: 0.8465
Epoch 43/50 - Train Loss: 0.7396, Test Loss: 0.8471
Epoch 44/50 - Train Loss: 0.7392, Test Loss: 0.8459
Epoch 45/50 - Train Loss: 0.7392, Test Loss: 0.8462
Epoch 46/50 - Train Loss: 0.7394, Test Loss: 0.8463
Epoch 47/50 - Train Loss: 0.7391, Test Loss: 0.8468
Epoch 48/50 - Train Loss: 0.7387, Test Loss: 0.8457
Epoch 49/50 - Train Loss: 0.7388, Test Loss: 0.8458
Epoch 50/50 - Train Loss: 0.7384, Test Loss: 0.8461
total size: 42.617958068847656
