device is cuda:0
Files already downloaded and verified
Files already downloaded and verified
SGD (
Parameter Group 0
    dampening: 0
    differentiable: False
    foreach: None
    initial_lr: 0.0001
    lr: 0.0001
    maximize: False
    momentum: 0.9
    nesterov: False
    weight_decay: 0
)
Epoch 1/100 - Train Loss: 2.2664, Test Loss: 2.2657
Epoch 2/100 - Train Loss: 2.2084, Test Loss: 2.2064
Epoch 3/100 - Train Loss: 2.0978, Test Loss: 2.0927
Epoch 4/100 - Train Loss: 1.9369, Test Loss: 1.9305
Epoch 5/100 - Train Loss: 1.8285, Test Loss: 1.8211
Epoch 6/100 - Train Loss: 1.7358, Test Loss: 1.7285
Epoch 7/100 - Train Loss: 1.6833, Test Loss: 1.6780
Epoch 8/100 - Train Loss: 1.6327, Test Loss: 1.6293
Epoch 9/100 - Train Loss: 1.5979, Test Loss: 1.5967
Epoch 10/100 - Train Loss: 1.5522, Test Loss: 1.5539
Epoch 11/100 - Train Loss: 1.5440, Test Loss: 1.5464
Epoch 12/100 - Train Loss: 1.5129, Test Loss: 1.5157
Epoch 13/100 - Train Loss: 1.4978, Test Loss: 1.5022
Epoch 14/100 - Train Loss: 1.4675, Test Loss: 1.4709
Epoch 15/100 - Train Loss: 1.4584, Test Loss: 1.4645
Epoch 16/100 - Train Loss: 1.4470, Test Loss: 1.4537
Epoch 17/100 - Train Loss: 1.4495, Test Loss: 1.4579
Epoch 18/100 - Train Loss: 1.4080, Test Loss: 1.4122
Epoch 19/100 - Train Loss: 1.3965, Test Loss: 1.4025
Epoch 20/100 - Train Loss: 1.3975, Test Loss: 1.4016
Epoch 21/100 - Train Loss: 1.3674, Test Loss: 1.3750
Epoch 22/100 - Train Loss: 1.3528, Test Loss: 1.3610
Epoch 23/100 - Train Loss: 1.3495, Test Loss: 1.3574
Epoch 24/100 - Train Loss: 1.3694, Test Loss: 1.3756
Epoch 25/100 - Train Loss: 1.3257, Test Loss: 1.3360
Epoch 26/100 - Train Loss: 1.3273, Test Loss: 1.3366
Epoch 27/100 - Train Loss: 1.3018, Test Loss: 1.3140
Epoch 28/100 - Train Loss: 1.3194, Test Loss: 1.3291
Epoch 29/100 - Train Loss: 1.2886, Test Loss: 1.3016
Epoch 30/100 - Train Loss: 1.2696, Test Loss: 1.2834
Epoch 31/100 - Train Loss: 1.2839, Test Loss: 1.2999
Epoch 32/100 - Train Loss: 1.2476, Test Loss: 1.2637
Epoch 33/100 - Train Loss: 1.2325, Test Loss: 1.2494
Epoch 34/100 - Train Loss: 1.2361, Test Loss: 1.2555
Epoch 35/100 - Train Loss: 1.2414, Test Loss: 1.2632
Epoch 36/100 - Train Loss: 1.2065, Test Loss: 1.2292
Epoch 37/100 - Train Loss: 1.2229, Test Loss: 1.2457
Epoch 38/100 - Train Loss: 1.2032, Test Loss: 1.2271
Epoch 39/100 - Train Loss: 1.2079, Test Loss: 1.2341
Epoch 40/100 - Train Loss: 1.1881, Test Loss: 1.2135
Epoch 41/100 - Train Loss: 1.1731, Test Loss: 1.2042
Epoch 42/100 - Train Loss: 1.1848, Test Loss: 1.2151
Epoch 43/100 - Train Loss: 1.1713, Test Loss: 1.2034
Epoch 44/100 - Train Loss: 1.1749, Test Loss: 1.2097
Epoch 45/100 - Train Loss: 1.1574, Test Loss: 1.1897
Epoch 46/100 - Train Loss: 1.1648, Test Loss: 1.1955
Epoch 47/100 - Train Loss: 1.1448, Test Loss: 1.1812
Epoch 48/100 - Train Loss: 1.1438, Test Loss: 1.1804
Epoch 49/100 - Train Loss: 1.1326, Test Loss: 1.1668
Epoch 50/100 - Train Loss: 1.1467, Test Loss: 1.1815
Epoch 51/100 - Train Loss: 1.1168, Test Loss: 1.1537
Epoch 52/100 - Train Loss: 1.1165, Test Loss: 1.1538
Epoch 53/100 - Train Loss: 1.1155, Test Loss: 1.1532
Epoch 54/100 - Train Loss: 1.1188, Test Loss: 1.1574
Epoch 55/100 - Train Loss: 1.1140, Test Loss: 1.1522
Epoch 56/100 - Train Loss: 1.1131, Test Loss: 1.1504
Epoch 57/100 - Train Loss: 1.1158, Test Loss: 1.1540
Epoch 58/100 - Train Loss: 1.1154, Test Loss: 1.1524
Epoch 59/100 - Train Loss: 1.1115, Test Loss: 1.1499
Epoch 60/100 - Train Loss: 1.1110, Test Loss: 1.1481
Epoch 61/100 - Train Loss: 1.1124, Test Loss: 1.1508
Epoch 62/100 - Train Loss: 1.1095, Test Loss: 1.1476
Epoch 63/100 - Train Loss: 1.1095, Test Loss: 1.1468
Epoch 64/100 - Train Loss: 1.1112, Test Loss: 1.1502
Epoch 65/100 - Train Loss: 1.1075, Test Loss: 1.1463
Epoch 66/100 - Train Loss: 1.1077, Test Loss: 1.1461
Epoch 67/100 - Train Loss: 1.1089, Test Loss: 1.1472
Epoch 68/100 - Train Loss: 1.1086, Test Loss: 1.1466
Epoch 69/100 - Train Loss: 1.1086, Test Loss: 1.1465
Epoch 70/100 - Train Loss: 1.1078, Test Loss: 1.1471
Epoch 71/100 - Train Loss: 1.1051, Test Loss: 1.1435
Epoch 72/100 - Train Loss: 1.1044, Test Loss: 1.1430
Epoch 73/100 - Train Loss: 1.1040, Test Loss: 1.1436
Epoch 74/100 - Train Loss: 1.1090, Test Loss: 1.1470
Epoch 75/100 - Train Loss: 1.1027, Test Loss: 1.1420
Epoch 76/100 - Train Loss: 1.1024, Test Loss: 1.1415
Epoch 77/100 - Train Loss: 1.1022, Test Loss: 1.1414
Epoch 78/100 - Train Loss: 1.1022, Test Loss: 1.1412
Epoch 79/100 - Train Loss: 1.1021, Test Loss: 1.1414
Epoch 80/100 - Train Loss: 1.1020, Test Loss: 1.1411
Epoch 81/100 - Train Loss: 1.1023, Test Loss: 1.1419
Epoch 82/100 - Train Loss: 1.1019, Test Loss: 1.1411
Epoch 83/100 - Train Loss: 1.1020, Test Loss: 1.1413
Epoch 84/100 - Train Loss: 1.1022, Test Loss: 1.1411
Epoch 85/100 - Train Loss: 1.1020, Test Loss: 1.1413
Epoch 86/100 - Train Loss: 1.1019, Test Loss: 1.1409
Epoch 87/100 - Train Loss: 1.1017, Test Loss: 1.1409
Epoch 88/100 - Train Loss: 1.1016, Test Loss: 1.1409
Epoch 89/100 - Train Loss: 1.1017, Test Loss: 1.1410
Epoch 90/100 - Train Loss: 1.1017, Test Loss: 1.1411
Epoch 91/100 - Train Loss: 1.1015, Test Loss: 1.1408
Epoch 92/100 - Train Loss: 1.1016, Test Loss: 1.1409
Epoch 93/100 - Train Loss: 1.1015, Test Loss: 1.1409
Epoch 94/100 - Train Loss: 1.1014, Test Loss: 1.1406
Epoch 95/100 - Train Loss: 1.1013, Test Loss: 1.1406
Epoch 96/100 - Train Loss: 1.1013, Test Loss: 1.1405
Epoch 97/100 - Train Loss: 1.1013, Test Loss: 1.1404
Epoch 98/100 - Train Loss: 1.1014, Test Loss: 1.1406
Epoch 99/100 - Train Loss: 1.1011, Test Loss: 1.1405
Epoch 100/100 - Train Loss: 1.1015, Test Loss: 1.1405
