device is cuda:0
Files already downloaded and verified
Files already downloaded and verified
SGD (
Parameter Group 0
    dampening: 0
    differentiable: False
    foreach: None
    initial_lr: 0.0001
    lr: 0.0001
    maximize: False
    momentum: 0.9
    nesterov: False
    weight_decay: 0
)
Epoch 1/100 - Train Loss: 1.9882, Test Loss: 1.9887
Epoch 2/100 - Train Loss: 1.8338, Test Loss: 1.8352
Epoch 3/100 - Train Loss: 1.7524, Test Loss: 1.7553
Epoch 4/100 - Train Loss: 1.6871, Test Loss: 1.6912
Epoch 5/100 - Train Loss: 1.6274, Test Loss: 1.6333
Epoch 6/100 - Train Loss: 1.5722, Test Loss: 1.5792
Epoch 7/100 - Train Loss: 1.5175, Test Loss: 1.5254
Epoch 8/100 - Train Loss: 1.4722, Test Loss: 1.4840
Epoch 9/100 - Train Loss: 1.4405, Test Loss: 1.4540
Epoch 10/100 - Train Loss: 1.3957, Test Loss: 1.4153
Epoch 11/100 - Train Loss: 1.3732, Test Loss: 1.3939
Epoch 12/100 - Train Loss: 1.3313, Test Loss: 1.3569
Epoch 13/100 - Train Loss: 1.3025, Test Loss: 1.3327
Epoch 14/100 - Train Loss: 1.2740, Test Loss: 1.3063
Epoch 15/100 - Train Loss: 1.2637, Test Loss: 1.2990
Epoch 16/100 - Train Loss: 1.2187, Test Loss: 1.2582
Epoch 17/100 - Train Loss: 1.2242, Test Loss: 1.2671
Epoch 18/100 - Train Loss: 1.1778, Test Loss: 1.2259
Epoch 19/100 - Train Loss: 1.1569, Test Loss: 1.2087
Epoch 20/100 - Train Loss: 1.1375, Test Loss: 1.1897
Epoch 21/100 - Train Loss: 1.1274, Test Loss: 1.1781
Epoch 22/100 - Train Loss: 1.0914, Test Loss: 1.1494
Epoch 23/100 - Train Loss: 1.0842, Test Loss: 1.1508
Epoch 24/100 - Train Loss: 1.0628, Test Loss: 1.1326
Epoch 25/100 - Train Loss: 1.0361, Test Loss: 1.1061
Epoch 26/100 - Train Loss: 1.0169, Test Loss: 1.0902
Epoch 27/100 - Train Loss: 1.0034, Test Loss: 1.0827
Epoch 28/100 - Train Loss: 0.9822, Test Loss: 1.0657
Epoch 29/100 - Train Loss: 0.9740, Test Loss: 1.0606
Epoch 30/100 - Train Loss: 0.9805, Test Loss: 1.0750
Epoch 31/100 - Train Loss: 0.9649, Test Loss: 1.0567
Epoch 32/100 - Train Loss: 0.9389, Test Loss: 1.0411
Epoch 33/100 - Train Loss: 0.9324, Test Loss: 1.0321
Epoch 34/100 - Train Loss: 0.9057, Test Loss: 1.0130
Epoch 35/100 - Train Loss: 0.8881, Test Loss: 0.9995
Epoch 36/100 - Train Loss: 0.8834, Test Loss: 0.9998
Epoch 37/100 - Train Loss: 0.8861, Test Loss: 1.0126
Epoch 38/100 - Train Loss: 0.8843, Test Loss: 1.0109
Epoch 39/100 - Train Loss: 0.8411, Test Loss: 0.9718
Epoch 40/100 - Train Loss: 0.8328, Test Loss: 0.9724
Epoch 41/100 - Train Loss: 0.8134, Test Loss: 0.9568
Epoch 42/100 - Train Loss: 0.8121, Test Loss: 0.9641
Epoch 43/100 - Train Loss: 0.8018, Test Loss: 0.9518
Epoch 44/100 - Train Loss: 0.8072, Test Loss: 0.9659
Epoch 45/100 - Train Loss: 0.7813, Test Loss: 0.9473
Epoch 46/100 - Train Loss: 0.7852, Test Loss: 0.9631
Epoch 47/100 - Train Loss: 0.7675, Test Loss: 0.9551
Epoch 48/100 - Train Loss: 0.7496, Test Loss: 0.9336
Epoch 49/100 - Train Loss: 0.7334, Test Loss: 0.9291
Epoch 50/100 - Train Loss: 0.7244, Test Loss: 0.9268
Epoch 51/100 - Train Loss: 0.7010, Test Loss: 0.9114
Epoch 52/100 - Train Loss: 0.6982, Test Loss: 0.9114
Epoch 53/100 - Train Loss: 0.6962, Test Loss: 0.9099
Epoch 54/100 - Train Loss: 0.6954, Test Loss: 0.9093
Epoch 55/100 - Train Loss: 0.6952, Test Loss: 0.9118
Epoch 56/100 - Train Loss: 0.6924, Test Loss: 0.9078
Epoch 57/100 - Train Loss: 0.6942, Test Loss: 0.9117
Epoch 58/100 - Train Loss: 0.6905, Test Loss: 0.9109
Epoch 59/100 - Train Loss: 0.6900, Test Loss: 0.9088
Epoch 60/100 - Train Loss: 0.6884, Test Loss: 0.9104
Epoch 61/100 - Train Loss: 0.6868, Test Loss: 0.9096
Epoch 62/100 - Train Loss: 0.6852, Test Loss: 0.9084
Epoch 63/100 - Train Loss: 0.6826, Test Loss: 0.9091
Epoch 64/100 - Train Loss: 0.6829, Test Loss: 0.9101
Epoch 65/100 - Train Loss: 0.6812, Test Loss: 0.9087
Epoch 66/100 - Train Loss: 0.6794, Test Loss: 0.9096
Epoch 67/100 - Train Loss: 0.6800, Test Loss: 0.9105
Epoch 68/100 - Train Loss: 0.6775, Test Loss: 0.9081
Epoch 69/100 - Train Loss: 0.6781, Test Loss: 0.9097
Epoch 70/100 - Train Loss: 0.6773, Test Loss: 0.9091
Epoch 71/100 - Train Loss: 0.6734, Test Loss: 0.9096
Epoch 72/100 - Train Loss: 0.6736, Test Loss: 0.9080
Epoch 73/100 - Train Loss: 0.6717, Test Loss: 0.9099
Epoch 74/100 - Train Loss: 0.6701, Test Loss: 0.9102
Epoch 75/100 - Train Loss: 0.6724, Test Loss: 0.9116
Epoch 76/100 - Train Loss: 0.6687, Test Loss: 0.9084
Epoch 77/100 - Train Loss: 0.6680, Test Loss: 0.9086
Epoch 78/100 - Train Loss: 0.6681, Test Loss: 0.9081
Epoch 79/100 - Train Loss: 0.6744, Test Loss: 0.9137
Epoch 80/100 - Train Loss: 0.6672, Test Loss: 0.9077
Epoch 81/100 - Train Loss: 0.6692, Test Loss: 0.9088
Epoch 82/100 - Train Loss: 0.6686, Test Loss: 0.9092
Epoch 83/100 - Train Loss: 0.6666, Test Loss: 0.9076
Epoch 84/100 - Train Loss: 0.6667, Test Loss: 0.9086
Epoch 85/100 - Train Loss: 0.6675, Test Loss: 0.9076
Epoch 86/100 - Train Loss: 0.6663, Test Loss: 0.9082
Epoch 87/100 - Train Loss: 0.6664, Test Loss: 0.9073
Epoch 88/100 - Train Loss: 0.6665, Test Loss: 0.9073
Epoch 89/100 - Train Loss: 0.6677, Test Loss: 0.9077
Epoch 90/100 - Train Loss: 0.6664, Test Loss: 0.9070
Epoch 91/100 - Train Loss: 0.6657, Test Loss: 0.9087
Epoch 92/100 - Train Loss: 0.6664, Test Loss: 0.9087
Epoch 93/100 - Train Loss: 0.6676, Test Loss: 0.9086
Epoch 94/100 - Train Loss: 0.6670, Test Loss: 0.9087
Epoch 95/100 - Train Loss: 0.6651, Test Loss: 0.9071
Epoch 96/100 - Train Loss: 0.6657, Test Loss: 0.9072
Epoch 97/100 - Train Loss: 0.6675, Test Loss: 0.9096
Epoch 98/100 - Train Loss: 0.6653, Test Loss: 0.9082
Epoch 99/100 - Train Loss: 0.6675, Test Loss: 0.9125
Epoch 100/100 - Train Loss: 0.6665, Test Loss: 0.9090
total size: 1.0394058227539062
