device is cuda:0
Files already downloaded and verified
Files already downloaded and verified
SGD (
Parameter Group 0
    dampening: 0
    differentiable: False
    foreach: None
    initial_lr: 0.0001
    lr: 0.0001
    maximize: False
    momentum: 0.9
    nesterov: False
    weight_decay: 0
)
Epoch 1/100 - Train Loss: 2.2714, Test Loss: 2.2708
Epoch 2/100 - Train Loss: 2.2346, Test Loss: 2.2331
Epoch 3/100 - Train Loss: 2.1781, Test Loss: 2.1752
Epoch 4/100 - Train Loss: 2.0996, Test Loss: 2.0948
Epoch 5/100 - Train Loss: 2.0012, Test Loss: 1.9956
Epoch 6/100 - Train Loss: 1.9266, Test Loss: 1.9199
Epoch 7/100 - Train Loss: 1.8722, Test Loss: 1.8654
Epoch 8/100 - Train Loss: 1.8207, Test Loss: 1.8125
Epoch 9/100 - Train Loss: 1.7807, Test Loss: 1.7720
Epoch 10/100 - Train Loss: 1.7488, Test Loss: 1.7397
Epoch 11/100 - Train Loss: 1.7314, Test Loss: 1.7227
Epoch 12/100 - Train Loss: 1.7235, Test Loss: 1.7154
Epoch 13/100 - Train Loss: 1.7142, Test Loss: 1.7065
Epoch 14/100 - Train Loss: 1.7067, Test Loss: 1.6988
Epoch 15/100 - Train Loss: 1.6993, Test Loss: 1.6919
Epoch 16/100 - Train Loss: 1.6913, Test Loss: 1.6841
Epoch 17/100 - Train Loss: 1.6932, Test Loss: 1.6859
Epoch 18/100 - Train Loss: 1.6980, Test Loss: 1.6898
Epoch 19/100 - Train Loss: 1.6911, Test Loss: 1.6840
Epoch 20/100 - Train Loss: 1.6899, Test Loss: 1.6823
Epoch 21/100 - Train Loss: 1.6865, Test Loss: 1.6797
Epoch 22/100 - Train Loss: 1.6867, Test Loss: 1.6806
Epoch 23/100 - Train Loss: 1.6883, Test Loss: 1.6807
Epoch 24/100 - Train Loss: 1.6907, Test Loss: 1.6838
Epoch 25/100 - Train Loss: 1.6878, Test Loss: 1.6809
Epoch 26/100 - Train Loss: 1.7006, Test Loss: 1.6923
Epoch 27/100 - Train Loss: 1.6986, Test Loss: 1.6916
Epoch 28/100 - Train Loss: 1.7032, Test Loss: 1.6959
Epoch 29/100 - Train Loss: 1.6985, Test Loss: 1.6915
Epoch 30/100 - Train Loss: 1.6987, Test Loss: 1.6911
Epoch 31/100 - Train Loss: 1.7016, Test Loss: 1.6940
Epoch 32/100 - Train Loss: 1.7061, Test Loss: 1.6980
Epoch 33/100 - Train Loss: 1.7077, Test Loss: 1.7000
Epoch 34/100 - Train Loss: 1.7102, Test Loss: 1.7032
Epoch 35/100 - Train Loss: 1.7235, Test Loss: 1.7162
Epoch 36/100 - Train Loss: 1.7141, Test Loss: 1.7069
Epoch 37/100 - Train Loss: 1.7170, Test Loss: 1.7103
Epoch 38/100 - Train Loss: 1.7264, Test Loss: 1.7184
Epoch 39/100 - Train Loss: 1.7237, Test Loss: 1.7170
Epoch 40/100 - Train Loss: 1.7247, Test Loss: 1.7174
Epoch 41/100 - Train Loss: 1.7275, Test Loss: 1.7205
Epoch 42/100 - Train Loss: 1.7307, Test Loss: 1.7234
Epoch 43/100 - Train Loss: 1.7331, Test Loss: 1.7263
Epoch 44/100 - Train Loss: 1.7396, Test Loss: 1.7322
Epoch 45/100 - Train Loss: 1.7374, Test Loss: 1.7301
Epoch 46/100 - Train Loss: 1.7439, Test Loss: 1.7378
Epoch 47/100 - Train Loss: 1.7424, Test Loss: 1.7357
Epoch 48/100 - Train Loss: 1.7472, Test Loss: 1.7405
Epoch 49/100 - Train Loss: 1.7462, Test Loss: 1.7391
Epoch 50/100 - Train Loss: 1.7509, Test Loss: 1.7440
Epoch 51/100 - Train Loss: 1.7480, Test Loss: 1.7412
Epoch 52/100 - Train Loss: 1.7482, Test Loss: 1.7413
Epoch 53/100 - Train Loss: 1.7483, Test Loss: 1.7415
Epoch 54/100 - Train Loss: 1.7483, Test Loss: 1.7415
Epoch 55/100 - Train Loss: 1.7484, Test Loss: 1.7416
Epoch 56/100 - Train Loss: 1.7486, Test Loss: 1.7417
Epoch 57/100 - Train Loss: 1.7489, Test Loss: 1.7419
Epoch 58/100 - Train Loss: 1.7488, Test Loss: 1.7419
Epoch 59/100 - Train Loss: 1.7488, Test Loss: 1.7420
Epoch 60/100 - Train Loss: 1.7489, Test Loss: 1.7420
Epoch 61/100 - Train Loss: 1.7493, Test Loss: 1.7427
Epoch 62/100 - Train Loss: 1.7492, Test Loss: 1.7423
Epoch 63/100 - Train Loss: 1.7493, Test Loss: 1.7423
Epoch 64/100 - Train Loss: 1.7496, Test Loss: 1.7429
Epoch 65/100 - Train Loss: 1.7494, Test Loss: 1.7426
Epoch 66/100 - Train Loss: 1.7508, Test Loss: 1.7441
Epoch 67/100 - Train Loss: 1.7497, Test Loss: 1.7428
Epoch 68/100 - Train Loss: 1.7498, Test Loss: 1.7430
Epoch 69/100 - Train Loss: 1.7499, Test Loss: 1.7430
Epoch 70/100 - Train Loss: 1.7504, Test Loss: 1.7436
Epoch 71/100 - Train Loss: 1.7503, Test Loss: 1.7433
Epoch 72/100 - Train Loss: 1.7508, Test Loss: 1.7439
Epoch 73/100 - Train Loss: 1.7503, Test Loss: 1.7435
Epoch 74/100 - Train Loss: 1.7508, Test Loss: 1.7440
Epoch 75/100 - Train Loss: 1.7507, Test Loss: 1.7439
Epoch 76/100 - Train Loss: 1.7506, Test Loss: 1.7437
Epoch 77/100 - Train Loss: 1.7506, Test Loss: 1.7437
Epoch 78/100 - Train Loss: 1.7506, Test Loss: 1.7437
Epoch 79/100 - Train Loss: 1.7506, Test Loss: 1.7437
Epoch 80/100 - Train Loss: 1.7507, Test Loss: 1.7437
Epoch 81/100 - Train Loss: 1.7507, Test Loss: 1.7437
Epoch 82/100 - Train Loss: 1.7507, Test Loss: 1.7438
Epoch 83/100 - Train Loss: 1.7507, Test Loss: 1.7438
Epoch 84/100 - Train Loss: 1.7507, Test Loss: 1.7438
Epoch 85/100 - Train Loss: 1.7507, Test Loss: 1.7438
Epoch 86/100 - Train Loss: 1.7507, Test Loss: 1.7438
Epoch 87/100 - Train Loss: 1.7507, Test Loss: 1.7438
Epoch 88/100 - Train Loss: 1.7507, Test Loss: 1.7438
Epoch 89/100 - Train Loss: 1.7508, Test Loss: 1.7438
Epoch 90/100 - Train Loss: 1.7508, Test Loss: 1.7438
Epoch 91/100 - Train Loss: 1.7508, Test Loss: 1.7438
Epoch 92/100 - Train Loss: 1.7508, Test Loss: 1.7439
Epoch 93/100 - Train Loss: 1.7508, Test Loss: 1.7439
Epoch 94/100 - Train Loss: 1.7508, Test Loss: 1.7439
Epoch 95/100 - Train Loss: 1.7508, Test Loss: 1.7439
Epoch 96/100 - Train Loss: 1.7508, Test Loss: 1.7439
Epoch 97/100 - Train Loss: 1.7508, Test Loss: 1.7439
Epoch 98/100 - Train Loss: 1.7509, Test Loss: 1.7439
Epoch 99/100 - Train Loss: 1.7509, Test Loss: 1.7439
Epoch 100/100 - Train Loss: 1.7509, Test Loss: 1.7439
