device is cuda:0
Files already downloaded and verified
Files already downloaded and verified
SGD (
Parameter Group 0
    dampening: 0
    differentiable: False
    foreach: None
    initial_lr: 0.0001
    lr: 0.0001
    maximize: False
    momentum: 0.9
    nesterov: False
    weight_decay: 0
)
Epoch 1/100 - Train Loss: 1.9836, Test Loss: 1.9845
Epoch 2/100 - Train Loss: 1.8303, Test Loss: 1.8317
Epoch 3/100 - Train Loss: 1.7455, Test Loss: 1.7475
Epoch 4/100 - Train Loss: 1.6775, Test Loss: 1.6793
Epoch 5/100 - Train Loss: 1.6018, Test Loss: 1.6055
Epoch 6/100 - Train Loss: 1.5337, Test Loss: 1.5406
Epoch 7/100 - Train Loss: 1.4751, Test Loss: 1.4836
Epoch 8/100 - Train Loss: 1.4221, Test Loss: 1.4348
Epoch 9/100 - Train Loss: 1.3707, Test Loss: 1.3855
Epoch 10/100 - Train Loss: 1.3135, Test Loss: 1.3350
Epoch 11/100 - Train Loss: 1.2808, Test Loss: 1.3062
Epoch 12/100 - Train Loss: 1.2265, Test Loss: 1.2629
Epoch 13/100 - Train Loss: 1.1750, Test Loss: 1.2211
Epoch 14/100 - Train Loss: 1.1533, Test Loss: 1.2034
Epoch 15/100 - Train Loss: 1.1460, Test Loss: 1.2049
Epoch 16/100 - Train Loss: 1.0968, Test Loss: 1.1604
Epoch 17/100 - Train Loss: 1.1086, Test Loss: 1.1712
Epoch 18/100 - Train Loss: 1.1417, Test Loss: 1.2144
Epoch 19/100 - Train Loss: 1.2065, Test Loss: 1.2680
Epoch 20/100 - Train Loss: 1.1908, Test Loss: 1.2543
Epoch 21/100 - Train Loss: 1.1362, Test Loss: 1.1941
Epoch 22/100 - Train Loss: 1.2219, Test Loss: 1.2930
Epoch 23/100 - Train Loss: 1.1325, Test Loss: 1.1981
Epoch 24/100 - Train Loss: 1.3551, Test Loss: 1.4319
Epoch 25/100 - Train Loss: 0.9622, Test Loss: 1.0204
Epoch 26/100 - Train Loss: 0.9692, Test Loss: 1.0364
Epoch 27/100 - Train Loss: 1.1245, Test Loss: 1.1983
Epoch 28/100 - Train Loss: 0.9851, Test Loss: 1.0562
Epoch 29/100 - Train Loss: 1.0782, Test Loss: 1.1513
Epoch 30/100 - Train Loss: 1.0373, Test Loss: 1.0807
Epoch 31/100 - Train Loss: 0.8761, Test Loss: 0.9317
Epoch 32/100 - Train Loss: 1.0330, Test Loss: 1.0910
Epoch 33/100 - Train Loss: 1.4217, Test Loss: 1.4809
Epoch 34/100 - Train Loss: 1.3154, Test Loss: 1.3466
Epoch 35/100 - Train Loss: 1.1063, Test Loss: 1.1871
Epoch 36/100 - Train Loss: 1.2965, Test Loss: 1.3647
Epoch 37/100 - Train Loss: 1.1366, Test Loss: 1.2070
Epoch 38/100 - Train Loss: 0.8948, Test Loss: 0.9568
Epoch 39/100 - Train Loss: 1.0807, Test Loss: 1.1683
Epoch 40/100 - Train Loss: 1.3182, Test Loss: 1.3806
Epoch 41/100 - Train Loss: 1.8138, Test Loss: 1.8745
Epoch 42/100 - Train Loss: 0.8975, Test Loss: 0.9521
Epoch 43/100 - Train Loss: 1.0709, Test Loss: 1.1354
Epoch 44/100 - Train Loss: 0.7925, Test Loss: 0.8558
Epoch 45/100 - Train Loss: 1.0920, Test Loss: 1.1454
Epoch 46/100 - Train Loss: 1.5472, Test Loss: 1.6214
Epoch 47/100 - Train Loss: 0.8964, Test Loss: 0.9548
Epoch 48/100 - Train Loss: 0.8711, Test Loss: 0.9387
Epoch 49/100 - Train Loss: 1.4833, Test Loss: 1.5676
Epoch 50/100 - Train Loss: 1.1915, Test Loss: 1.2502
Epoch 51/100 - Train Loss: 0.4577, Test Loss: 0.5638
Epoch 52/100 - Train Loss: 0.4396, Test Loss: 0.5572
Epoch 53/100 - Train Loss: 0.4163, Test Loss: 0.5518
Epoch 54/100 - Train Loss: 0.4171, Test Loss: 0.5585
Epoch 55/100 - Train Loss: 0.4383, Test Loss: 0.5895
Epoch 56/100 - Train Loss: 0.4075, Test Loss: 0.5676
Epoch 57/100 - Train Loss: 0.4037, Test Loss: 0.5632
Epoch 58/100 - Train Loss: 0.4666, Test Loss: 0.6401
Epoch 59/100 - Train Loss: 0.3987, Test Loss: 0.5720
Epoch 60/100 - Train Loss: 0.4414, Test Loss: 0.6377
Epoch 61/100 - Train Loss: 0.3899, Test Loss: 0.5854
Epoch 62/100 - Train Loss: 0.4226, Test Loss: 0.6221
Epoch 63/100 - Train Loss: 0.3917, Test Loss: 0.5939
Epoch 64/100 - Train Loss: 0.3857, Test Loss: 0.5834
Epoch 65/100 - Train Loss: 0.4156, Test Loss: 0.6328
Epoch 66/100 - Train Loss: 0.4663, Test Loss: 0.6784
Epoch 67/100 - Train Loss: 0.4177, Test Loss: 0.6308
Epoch 68/100 - Train Loss: 0.4529, Test Loss: 0.6893
Epoch 69/100 - Train Loss: 0.3784, Test Loss: 0.6054
Epoch 70/100 - Train Loss: 0.4096, Test Loss: 0.6435
Epoch 71/100 - Train Loss: 0.4445, Test Loss: 0.6776
Epoch 72/100 - Train Loss: 0.4443, Test Loss: 0.6771
Epoch 73/100 - Train Loss: 0.4861, Test Loss: 0.7231
Epoch 74/100 - Train Loss: 0.4473, Test Loss: 0.6889
Epoch 75/100 - Train Loss: 0.3991, Test Loss: 0.6424
Epoch 76/100 - Train Loss: 0.2275, Test Loss: 0.5094
Epoch 77/100 - Train Loss: 0.2101, Test Loss: 0.5095
Epoch 78/100 - Train Loss: 0.2004, Test Loss: 0.5134
Epoch 79/100 - Train Loss: 0.1980, Test Loss: 0.5218
Epoch 80/100 - Train Loss: 0.1967, Test Loss: 0.5265
Epoch 81/100 - Train Loss: 0.1879, Test Loss: 0.5323
Epoch 82/100 - Train Loss: 0.1842, Test Loss: 0.5270
Epoch 83/100 - Train Loss: 0.1828, Test Loss: 0.5298
Epoch 84/100 - Train Loss: 0.1726, Test Loss: 0.5321
Epoch 85/100 - Train Loss: 0.1713, Test Loss: 0.5346
Epoch 86/100 - Train Loss: 0.1687, Test Loss: 0.5378
Epoch 87/100 - Train Loss: 0.1644, Test Loss: 0.5373
Epoch 88/100 - Train Loss: 0.1624, Test Loss: 0.5417
Epoch 89/100 - Train Loss: 0.1591, Test Loss: 0.5381
Epoch 90/100 - Train Loss: 0.1593, Test Loss: 0.5497
Epoch 91/100 - Train Loss: 0.1611, Test Loss: 0.5526
Epoch 92/100 - Train Loss: 0.1555, Test Loss: 0.5484
Epoch 93/100 - Train Loss: 0.1546, Test Loss: 0.5498
Epoch 94/100 - Train Loss: 0.1506, Test Loss: 0.5550
Epoch 95/100 - Train Loss: 0.1630, Test Loss: 0.5825
Epoch 96/100 - Train Loss: 0.1472, Test Loss: 0.5645
Epoch 97/100 - Train Loss: 0.1485, Test Loss: 0.5625
Epoch 98/100 - Train Loss: 0.1471, Test Loss: 0.5629
Epoch 99/100 - Train Loss: 0.1457, Test Loss: 0.5703
Epoch 100/100 - Train Loss: 0.1437, Test Loss: 0.5685
total size: 1.0394058227539062
