device is cuda:0
Files already downloaded and verified
Files already downloaded and verified
SGD (
Parameter Group 0
    dampening: 0
    differentiable: False
    foreach: None
    initial_lr: 0.0001
    lr: 0.0001
    maximize: False
    momentum: 0.9
    nesterov: False
    weight_decay: 0
)
Epoch 1/100 - Train Loss: 2.2682, Test Loss: 2.2675
Epoch 2/100 - Train Loss: 2.2181, Test Loss: 2.2163
Epoch 3/100 - Train Loss: 2.1281, Test Loss: 2.1239
Epoch 4/100 - Train Loss: 1.9937, Test Loss: 1.9876
Epoch 5/100 - Train Loss: 1.8822, Test Loss: 1.8752
Epoch 6/100 - Train Loss: 1.8008, Test Loss: 1.7928
Epoch 7/100 - Train Loss: 1.7274, Test Loss: 1.7197
Epoch 8/100 - Train Loss: 1.6812, Test Loss: 1.6741
Epoch 9/100 - Train Loss: 1.6543, Test Loss: 1.6487
Epoch 10/100 - Train Loss: 1.6208, Test Loss: 1.6169
Epoch 11/100 - Train Loss: 1.6051, Test Loss: 1.6031
Epoch 12/100 - Train Loss: 1.5809, Test Loss: 1.5793
Epoch 13/100 - Train Loss: 1.5769, Test Loss: 1.5767
Epoch 14/100 - Train Loss: 1.5491, Test Loss: 1.5481
Epoch 15/100 - Train Loss: 1.5440, Test Loss: 1.5450
Epoch 16/100 - Train Loss: 1.5245, Test Loss: 1.5257
Epoch 17/100 - Train Loss: 1.5177, Test Loss: 1.5205
Epoch 18/100 - Train Loss: 1.5032, Test Loss: 1.5030
Epoch 19/100 - Train Loss: 1.5014, Test Loss: 1.5017
Epoch 20/100 - Train Loss: 1.4952, Test Loss: 1.4944
Epoch 21/100 - Train Loss: 1.4818, Test Loss: 1.4832
Epoch 22/100 - Train Loss: 1.4756, Test Loss: 1.4783
Epoch 23/100 - Train Loss: 1.4697, Test Loss: 1.4701
Epoch 24/100 - Train Loss: 1.4764, Test Loss: 1.4772
Epoch 25/100 - Train Loss: 1.4745, Test Loss: 1.4770
Epoch 26/100 - Train Loss: 1.4769, Test Loss: 1.4775
Epoch 27/100 - Train Loss: 1.4578, Test Loss: 1.4599
Epoch 28/100 - Train Loss: 1.4778, Test Loss: 1.4793
Epoch 29/100 - Train Loss: 1.4603, Test Loss: 1.4616
Epoch 30/100 - Train Loss: 1.4418, Test Loss: 1.4432
Epoch 31/100 - Train Loss: 1.4415, Test Loss: 1.4436
Epoch 32/100 - Train Loss: 1.4454, Test Loss: 1.4452
Epoch 33/100 - Train Loss: 1.4407, Test Loss: 1.4418
Epoch 34/100 - Train Loss: 1.4429, Test Loss: 1.4457
Epoch 35/100 - Train Loss: 1.4562, Test Loss: 1.4580
Epoch 36/100 - Train Loss: 1.4288, Test Loss: 1.4304
Epoch 37/100 - Train Loss: 1.4363, Test Loss: 1.4393
Epoch 38/100 - Train Loss: 1.4270, Test Loss: 1.4286
Epoch 39/100 - Train Loss: 1.4290, Test Loss: 1.4309
Epoch 40/100 - Train Loss: 1.4180, Test Loss: 1.4190
Epoch 41/100 - Train Loss: 1.4236, Test Loss: 1.4263
Epoch 42/100 - Train Loss: 1.4265, Test Loss: 1.4273
Epoch 43/100 - Train Loss: 1.4286, Test Loss: 1.4315
Epoch 44/100 - Train Loss: 1.4418, Test Loss: 1.4448
Epoch 45/100 - Train Loss: 1.4118, Test Loss: 1.4137
Epoch 46/100 - Train Loss: 1.4190, Test Loss: 1.4204
Epoch 47/100 - Train Loss: 1.4215, Test Loss: 1.4244
Epoch 48/100 - Train Loss: 1.4268, Test Loss: 1.4293
Epoch 49/100 - Train Loss: 1.4196, Test Loss: 1.4210
Epoch 50/100 - Train Loss: 1.4174, Test Loss: 1.4198
Epoch 51/100 - Train Loss: 1.4093, Test Loss: 1.4114
Epoch 52/100 - Train Loss: 1.4088, Test Loss: 1.4104
Epoch 53/100 - Train Loss: 1.4093, Test Loss: 1.4113
Epoch 54/100 - Train Loss: 1.4113, Test Loss: 1.4131
Epoch 55/100 - Train Loss: 1.4083, Test Loss: 1.4103
Epoch 56/100 - Train Loss: 1.4082, Test Loss: 1.4099
Epoch 57/100 - Train Loss: 1.4091, Test Loss: 1.4105
Epoch 58/100 - Train Loss: 1.4098, Test Loss: 1.4105
Epoch 59/100 - Train Loss: 1.4077, Test Loss: 1.4095
Epoch 60/100 - Train Loss: 1.4075, Test Loss: 1.4088
Epoch 61/100 - Train Loss: 1.4094, Test Loss: 1.4116
Epoch 62/100 - Train Loss: 1.4077, Test Loss: 1.4088
Epoch 63/100 - Train Loss: 1.4075, Test Loss: 1.4084
Epoch 64/100 - Train Loss: 1.4084, Test Loss: 1.4104
Epoch 65/100 - Train Loss: 1.4065, Test Loss: 1.4083
Epoch 66/100 - Train Loss: 1.4075, Test Loss: 1.4095
Epoch 67/100 - Train Loss: 1.4079, Test Loss: 1.4096
Epoch 68/100 - Train Loss: 1.4067, Test Loss: 1.4086
Epoch 69/100 - Train Loss: 1.4064, Test Loss: 1.4078
Epoch 70/100 - Train Loss: 1.4077, Test Loss: 1.4099
Epoch 71/100 - Train Loss: 1.4064, Test Loss: 1.4076
Epoch 72/100 - Train Loss: 1.4061, Test Loss: 1.4079
Epoch 73/100 - Train Loss: 1.4060, Test Loss: 1.4075
Epoch 74/100 - Train Loss: 1.4086, Test Loss: 1.4102
Epoch 75/100 - Train Loss: 1.4062, Test Loss: 1.4079
Epoch 76/100 - Train Loss: 1.4054, Test Loss: 1.4069
Epoch 77/100 - Train Loss: 1.4054, Test Loss: 1.4070
Epoch 78/100 - Train Loss: 1.4054, Test Loss: 1.4069
Epoch 79/100 - Train Loss: 1.4054, Test Loss: 1.4069
Epoch 80/100 - Train Loss: 1.4054, Test Loss: 1.4069
Epoch 81/100 - Train Loss: 1.4055, Test Loss: 1.4070
Epoch 82/100 - Train Loss: 1.4054, Test Loss: 1.4069
Epoch 83/100 - Train Loss: 1.4054, Test Loss: 1.4069
Epoch 84/100 - Train Loss: 1.4055, Test Loss: 1.4069
Epoch 85/100 - Train Loss: 1.4053, Test Loss: 1.4068
Epoch 86/100 - Train Loss: 1.4053, Test Loss: 1.4068
Epoch 87/100 - Train Loss: 1.4053, Test Loss: 1.4068
Epoch 88/100 - Train Loss: 1.4053, Test Loss: 1.4068
Epoch 89/100 - Train Loss: 1.4053, Test Loss: 1.4069
Epoch 90/100 - Train Loss: 1.4054, Test Loss: 1.4068
Epoch 91/100 - Train Loss: 1.4053, Test Loss: 1.4068
Epoch 92/100 - Train Loss: 1.4053, Test Loss: 1.4069
Epoch 93/100 - Train Loss: 1.4053, Test Loss: 1.4068
Epoch 94/100 - Train Loss: 1.4052, Test Loss: 1.4068
Epoch 95/100 - Train Loss: 1.4052, Test Loss: 1.4067
Epoch 96/100 - Train Loss: 1.4052, Test Loss: 1.4068
Epoch 97/100 - Train Loss: 1.4052, Test Loss: 1.4068
Epoch 98/100 - Train Loss: 1.4052, Test Loss: 1.4067
Epoch 99/100 - Train Loss: 1.4052, Test Loss: 1.4067
Epoch 100/100 - Train Loss: 1.4052, Test Loss: 1.4067
