device is cuda:0
Files already downloaded and verified
Files already downloaded and verified
SGD (
Parameter Group 0
    dampening: 0
    differentiable: False
    foreach: None
    initial_lr: 0.0001
    lr: 0.0001
    maximize: False
    momentum: 0.9
    nesterov: False
    weight_decay: 0
)
Epoch 1/50 - Train Loss: 2.2649, Test Loss: 2.2642
Epoch 2/50 - Train Loss: 2.1996, Test Loss: 2.1975
Epoch 3/50 - Train Loss: 2.0708, Test Loss: 2.0650
Epoch 4/50 - Train Loss: 1.8973, Test Loss: 1.8905
Epoch 5/50 - Train Loss: 1.7875, Test Loss: 1.7804
Epoch 6/50 - Train Loss: 1.6920, Test Loss: 1.6865
Epoch 7/50 - Train Loss: 1.6513, Test Loss: 1.6495
Epoch 8/50 - Train Loss: 1.5893, Test Loss: 1.5895
Epoch 9/50 - Train Loss: 1.5497, Test Loss: 1.5523
Epoch 10/50 - Train Loss: 1.5038, Test Loss: 1.5095
Epoch 11/50 - Train Loss: 1.5087, Test Loss: 1.5144
Epoch 12/50 - Train Loss: 1.4653, Test Loss: 1.4722
Epoch 13/50 - Train Loss: 1.4414, Test Loss: 1.4495
Epoch 14/50 - Train Loss: 1.4105, Test Loss: 1.4171
Epoch 15/50 - Train Loss: 1.3990, Test Loss: 1.4100
Epoch 16/50 - Train Loss: 1.3839, Test Loss: 1.3961
Epoch 17/50 - Train Loss: 1.3769, Test Loss: 1.3916
Epoch 18/50 - Train Loss: 1.3357, Test Loss: 1.3464
Epoch 19/50 - Train Loss: 1.3107, Test Loss: 1.3252
Epoch 20/50 - Train Loss: 1.3098, Test Loss: 1.3227
Epoch 21/50 - Train Loss: 1.2788, Test Loss: 1.2966
Epoch 22/50 - Train Loss: 1.2478, Test Loss: 1.2701
Epoch 23/50 - Train Loss: 1.2317, Test Loss: 1.2553
Epoch 24/50 - Train Loss: 1.2514, Test Loss: 1.2768
Epoch 25/50 - Train Loss: 1.2313, Test Loss: 1.2621
Epoch 26/50 - Train Loss: 1.1765, Test Loss: 1.2082
Epoch 27/50 - Train Loss: 1.1774, Test Loss: 1.2098
Epoch 28/50 - Train Loss: 1.1721, Test Loss: 1.2051
Epoch 29/50 - Train Loss: 1.1725, Test Loss: 1.2061
Epoch 30/50 - Train Loss: 1.1689, Test Loss: 1.2025
Epoch 31/50 - Train Loss: 1.1658, Test Loss: 1.2009
Epoch 32/50 - Train Loss: 1.1633, Test Loss: 1.1980
Epoch 33/50 - Train Loss: 1.1627, Test Loss: 1.1984
Epoch 34/50 - Train Loss: 1.1643, Test Loss: 1.2004
Epoch 35/50 - Train Loss: 1.1590, Test Loss: 1.1954
Epoch 36/50 - Train Loss: 1.1572, Test Loss: 1.1941
Epoch 37/50 - Train Loss: 1.1547, Test Loss: 1.1916
Epoch 38/50 - Train Loss: 1.1519, Test Loss: 1.1889
Epoch 39/50 - Train Loss: 1.1517, Test Loss: 1.1886
Epoch 40/50 - Train Loss: 1.1516, Test Loss: 1.1886
Epoch 41/50 - Train Loss: 1.1518, Test Loss: 1.1890
Epoch 42/50 - Train Loss: 1.1511, Test Loss: 1.1885
Epoch 43/50 - Train Loss: 1.1509, Test Loss: 1.1883
Epoch 44/50 - Train Loss: 1.1508, Test Loss: 1.1881
Epoch 45/50 - Train Loss: 1.1507, Test Loss: 1.1879
Epoch 46/50 - Train Loss: 1.1504, Test Loss: 1.1878
Epoch 47/50 - Train Loss: 1.1503, Test Loss: 1.1878
Epoch 48/50 - Train Loss: 1.1499, Test Loss: 1.1875
Epoch 49/50 - Train Loss: 1.1499, Test Loss: 1.1874
Epoch 50/50 - Train Loss: 1.1496, Test Loss: 1.1873
total size: 42.617958068847656
