device is cuda:0
Files already downloaded and verified
Files already downloaded and verified
SGD (
Parameter Group 0
    dampening: 0
    differentiable: False
    foreach: None
    initial_lr: 0.0001
    lr: 0.0001
    maximize: False
    momentum: 0.9
    nesterov: False
    weight_decay: 0
)
Epoch 1/50 - Train Loss: 2.2644, Test Loss: 2.2636
Epoch 2/50 - Train Loss: 2.1964, Test Loss: 2.1942
Epoch 3/50 - Train Loss: 2.0608, Test Loss: 2.0547
Epoch 4/50 - Train Loss: 1.8851, Test Loss: 1.8783
Epoch 5/50 - Train Loss: 1.7736, Test Loss: 1.7666
Epoch 6/50 - Train Loss: 1.6780, Test Loss: 1.6731
Epoch 7/50 - Train Loss: 1.6380, Test Loss: 1.6370
Epoch 8/50 - Train Loss: 1.5751, Test Loss: 1.5760
Epoch 9/50 - Train Loss: 1.5339, Test Loss: 1.5374
Epoch 10/50 - Train Loss: 1.4887, Test Loss: 1.4953
Epoch 11/50 - Train Loss: 1.4970, Test Loss: 1.5042
Epoch 12/50 - Train Loss: 1.4506, Test Loss: 1.4592
Epoch 13/50 - Train Loss: 1.4218, Test Loss: 1.4310
Epoch 14/50 - Train Loss: 1.3891, Test Loss: 1.3977
Epoch 15/50 - Train Loss: 1.3779, Test Loss: 1.3912
Epoch 16/50 - Train Loss: 1.3597, Test Loss: 1.3751
Epoch 17/50 - Train Loss: 1.3422, Test Loss: 1.3594
Epoch 18/50 - Train Loss: 1.3114, Test Loss: 1.3256
Epoch 19/50 - Train Loss: 1.2805, Test Loss: 1.3000
Epoch 20/50 - Train Loss: 1.2775, Test Loss: 1.2958
Epoch 21/50 - Train Loss: 1.2400, Test Loss: 1.2640
Epoch 22/50 - Train Loss: 1.2119, Test Loss: 1.2404
Epoch 23/50 - Train Loss: 1.1976, Test Loss: 1.2286
Epoch 24/50 - Train Loss: 1.2094, Test Loss: 1.2438
Epoch 25/50 - Train Loss: 1.1994, Test Loss: 1.2395
Epoch 26/50 - Train Loss: 1.1362, Test Loss: 1.1772
Epoch 27/50 - Train Loss: 1.1363, Test Loss: 1.1780
Epoch 28/50 - Train Loss: 1.1320, Test Loss: 1.1746
Epoch 29/50 - Train Loss: 1.1321, Test Loss: 1.1754
Epoch 30/50 - Train Loss: 1.1278, Test Loss: 1.1718
Epoch 31/50 - Train Loss: 1.1249, Test Loss: 1.1707
Epoch 32/50 - Train Loss: 1.1224, Test Loss: 1.1677
Epoch 33/50 - Train Loss: 1.1215, Test Loss: 1.1677
Epoch 34/50 - Train Loss: 1.1235, Test Loss: 1.1705
Epoch 35/50 - Train Loss: 1.1185, Test Loss: 1.1659
Epoch 36/50 - Train Loss: 1.1162, Test Loss: 1.1646
Epoch 37/50 - Train Loss: 1.1137, Test Loss: 1.1622
Epoch 38/50 - Train Loss: 1.1101, Test Loss: 1.1587
Epoch 39/50 - Train Loss: 1.1098, Test Loss: 1.1584
Epoch 40/50 - Train Loss: 1.1098, Test Loss: 1.1585
Epoch 41/50 - Train Loss: 1.1100, Test Loss: 1.1589
Epoch 42/50 - Train Loss: 1.1092, Test Loss: 1.1583
Epoch 43/50 - Train Loss: 1.1091, Test Loss: 1.1583
Epoch 44/50 - Train Loss: 1.1090, Test Loss: 1.1580
Epoch 45/50 - Train Loss: 1.1089, Test Loss: 1.1579
Epoch 46/50 - Train Loss: 1.1086, Test Loss: 1.1578
Epoch 47/50 - Train Loss: 1.1084, Test Loss: 1.1578
Epoch 48/50 - Train Loss: 1.1080, Test Loss: 1.1574
Epoch 49/50 - Train Loss: 1.1079, Test Loss: 1.1574
Epoch 50/50 - Train Loss: 1.1076, Test Loss: 1.1572
total size: 42.617958068847656
