device is cuda:0
Files already downloaded and verified
Files already downloaded and verified
SGD (
Parameter Group 0
    dampening: 0
    differentiable: False
    foreach: None
    initial_lr: 0.0001
    lr: 0.0001
    maximize: False
    momentum: 0.9
    nesterov: False
    weight_decay: 0
)
Epoch 1/100 - Train Loss: 1.9807, Test Loss: 1.9818
Epoch 2/100 - Train Loss: 1.8262, Test Loss: 1.8272
Epoch 3/100 - Train Loss: 1.7377, Test Loss: 1.7385
Epoch 4/100 - Train Loss: 1.6635, Test Loss: 1.6644
Epoch 5/100 - Train Loss: 1.5641, Test Loss: 1.5673
Epoch 6/100 - Train Loss: 1.5027, Test Loss: 1.5142
Epoch 7/100 - Train Loss: 1.4272, Test Loss: 1.4414
Epoch 8/100 - Train Loss: 1.3849, Test Loss: 1.4007
Epoch 9/100 - Train Loss: 1.3575, Test Loss: 1.3799
Epoch 10/100 - Train Loss: 1.3119, Test Loss: 1.3452
Epoch 11/100 - Train Loss: 1.3745, Test Loss: 1.4060
Epoch 12/100 - Train Loss: 1.3801, Test Loss: 1.4040
Epoch 13/100 - Train Loss: 1.6863, Test Loss: 1.7148
Epoch 14/100 - Train Loss: 1.3172, Test Loss: 1.3469
Epoch 15/100 - Train Loss: 1.6791, Test Loss: 1.7084
Epoch 16/100 - Train Loss: 1.4406, Test Loss: 1.4540
Epoch 17/100 - Train Loss: 1.7071, Test Loss: 1.7215
Epoch 18/100 - Train Loss: 1.2939, Test Loss: 1.3291
Epoch 19/100 - Train Loss: 1.3734, Test Loss: 1.4060
Epoch 20/100 - Train Loss: 1.3540, Test Loss: 1.3908
Epoch 21/100 - Train Loss: 1.4672, Test Loss: 1.4902
Epoch 22/100 - Train Loss: 2.3858, Test Loss: 2.3963
Epoch 23/100 - Train Loss: 1.6379, Test Loss: 1.6524
Epoch 24/100 - Train Loss: 2.3092, Test Loss: 2.3392
Epoch 25/100 - Train Loss: 1.2337, Test Loss: 1.2678
Epoch 26/100 - Train Loss: 1.0601, Test Loss: 1.0958
Epoch 27/100 - Train Loss: 1.6774, Test Loss: 1.7128
Epoch 28/100 - Train Loss: 1.6460, Test Loss: 1.6634
Epoch 29/100 - Train Loss: 1.1599, Test Loss: 1.1714
Epoch 30/100 - Train Loss: 1.1742, Test Loss: 1.2046
Epoch 31/100 - Train Loss: 2.2857, Test Loss: 2.2904
Epoch 32/100 - Train Loss: 1.7788, Test Loss: 1.8027
Epoch 33/100 - Train Loss: 1.3876, Test Loss: 1.4271
Epoch 34/100 - Train Loss: 1.4915, Test Loss: 1.5305
Epoch 35/100 - Train Loss: 1.4231, Test Loss: 1.4473
Epoch 36/100 - Train Loss: 1.6065, Test Loss: 1.6260
Epoch 37/100 - Train Loss: 1.1850, Test Loss: 1.2105
Epoch 38/100 - Train Loss: 1.4756, Test Loss: 1.4990
Epoch 39/100 - Train Loss: 1.2414, Test Loss: 1.2669
Epoch 40/100 - Train Loss: 1.9572, Test Loss: 1.9983
Epoch 41/100 - Train Loss: 2.1647, Test Loss: 2.2073
Epoch 42/100 - Train Loss: 1.2408, Test Loss: 1.2675
Epoch 43/100 - Train Loss: 1.1540, Test Loss: 1.1878
Epoch 44/100 - Train Loss: 1.2650, Test Loss: 1.2961
Epoch 45/100 - Train Loss: 1.6659, Test Loss: 1.7091
Epoch 46/100 - Train Loss: 0.9775, Test Loss: 1.0188
Epoch 47/100 - Train Loss: 1.5925, Test Loss: 1.6108
Epoch 48/100 - Train Loss: 1.2370, Test Loss: 1.2768
Epoch 49/100 - Train Loss: 1.6474, Test Loss: 1.6880
Epoch 50/100 - Train Loss: 1.3858, Test Loss: 1.4253
Epoch 51/100 - Train Loss: 0.6220, Test Loss: 0.6802
Epoch 52/100 - Train Loss: 0.6220, Test Loss: 0.6904
Epoch 53/100 - Train Loss: 0.6093, Test Loss: 0.6887
Epoch 54/100 - Train Loss: 0.6169, Test Loss: 0.6960
Epoch 55/100 - Train Loss: 0.6763, Test Loss: 0.7606
Epoch 56/100 - Train Loss: 0.6243, Test Loss: 0.7098
Epoch 57/100 - Train Loss: 0.6974, Test Loss: 0.7722
Epoch 58/100 - Train Loss: 0.7413, Test Loss: 0.8272
Epoch 59/100 - Train Loss: 0.6510, Test Loss: 0.7379
Epoch 60/100 - Train Loss: 0.6539, Test Loss: 0.7407
Epoch 61/100 - Train Loss: 0.7218, Test Loss: 0.8157
Epoch 62/100 - Train Loss: 0.6047, Test Loss: 0.7029
Epoch 63/100 - Train Loss: 0.6963, Test Loss: 0.7962
Epoch 64/100 - Train Loss: 0.6037, Test Loss: 0.7039
Epoch 65/100 - Train Loss: 0.5830, Test Loss: 0.6867
Epoch 66/100 - Train Loss: 0.6888, Test Loss: 0.7950
Epoch 67/100 - Train Loss: 0.8373, Test Loss: 0.9322
Epoch 68/100 - Train Loss: 0.8986, Test Loss: 1.0114
Epoch 69/100 - Train Loss: 0.6463, Test Loss: 0.7513
Epoch 70/100 - Train Loss: 0.7471, Test Loss: 0.8381
Epoch 71/100 - Train Loss: 0.6295, Test Loss: 0.7332
Epoch 72/100 - Train Loss: 0.6889, Test Loss: 0.8061
Epoch 73/100 - Train Loss: 0.7073, Test Loss: 0.8151
Epoch 74/100 - Train Loss: 0.7389, Test Loss: 0.8426
Epoch 75/100 - Train Loss: 0.9868, Test Loss: 1.1000
Epoch 76/100 - Train Loss: 0.4325, Test Loss: 0.5676
Epoch 77/100 - Train Loss: 0.4272, Test Loss: 0.5749
Epoch 78/100 - Train Loss: 0.4122, Test Loss: 0.5672
Epoch 79/100 - Train Loss: 0.4071, Test Loss: 0.5738
Epoch 80/100 - Train Loss: 0.4080, Test Loss: 0.5747
Epoch 81/100 - Train Loss: 0.3926, Test Loss: 0.5746
Epoch 82/100 - Train Loss: 0.4097, Test Loss: 0.5905
Epoch 83/100 - Train Loss: 0.3865, Test Loss: 0.5744
Epoch 84/100 - Train Loss: 0.3896, Test Loss: 0.5814
Epoch 85/100 - Train Loss: 0.3808, Test Loss: 0.5818
Epoch 86/100 - Train Loss: 0.4003, Test Loss: 0.6042
Epoch 87/100 - Train Loss: 0.3718, Test Loss: 0.5790
Epoch 88/100 - Train Loss: 0.3636, Test Loss: 0.5769
Epoch 89/100 - Train Loss: 0.3728, Test Loss: 0.5871
Epoch 90/100 - Train Loss: 0.3722, Test Loss: 0.5970
Epoch 91/100 - Train Loss: 0.3691, Test Loss: 0.5978
Epoch 92/100 - Train Loss: 0.3558, Test Loss: 0.5870
Epoch 93/100 - Train Loss: 0.3641, Test Loss: 0.5969
Epoch 94/100 - Train Loss: 0.3572, Test Loss: 0.5934
Epoch 95/100 - Train Loss: 0.3656, Test Loss: 0.6152
Epoch 96/100 - Train Loss: 0.3541, Test Loss: 0.5961
Epoch 97/100 - Train Loss: 0.3648, Test Loss: 0.6186
Epoch 98/100 - Train Loss: 0.3572, Test Loss: 0.6075
Epoch 99/100 - Train Loss: 0.4044, Test Loss: 0.6622
Epoch 100/100 - Train Loss: 0.4341, Test Loss: 0.7000
total size: 1.0394058227539062
