device is cuda:0
Files already downloaded and verified
Files already downloaded and verified
SGD (
Parameter Group 0
    dampening: 0
    differentiable: False
    foreach: None
    initial_lr: 0.0005
    lr: 0.0005
    maximize: False
    momentum: 0.9
    nesterov: False
    weight_decay: 0
)
Epoch 1/100 - Train Loss: 1.8654, Test Loss: 1.8587
Epoch 2/100 - Train Loss: 1.5577, Test Loss: 1.5578
Epoch 3/100 - Train Loss: 1.4503, Test Loss: 1.4590
Epoch 4/100 - Train Loss: 1.3575, Test Loss: 1.3661
Epoch 5/100 - Train Loss: 1.2692, Test Loss: 1.2894
Epoch 6/100 - Train Loss: 1.2130, Test Loss: 1.2505
Epoch 7/100 - Train Loss: 1.1655, Test Loss: 1.2126
Epoch 8/100 - Train Loss: 1.0779, Test Loss: 1.1370
Epoch 9/100 - Train Loss: 1.0340, Test Loss: 1.1026
Epoch 10/100 - Train Loss: 1.0195, Test Loss: 1.1027
Epoch 11/100 - Train Loss: 0.9463, Test Loss: 1.0453
Epoch 12/100 - Train Loss: 0.9219, Test Loss: 1.0358
Epoch 13/100 - Train Loss: 0.8989, Test Loss: 1.0235
Epoch 14/100 - Train Loss: 0.9581, Test Loss: 1.0892
Epoch 15/100 - Train Loss: 0.9192, Test Loss: 1.0746
Epoch 16/100 - Train Loss: 0.8014, Test Loss: 0.9735
Epoch 17/100 - Train Loss: 0.7915, Test Loss: 0.9697
Epoch 18/100 - Train Loss: 0.7519, Test Loss: 0.9448
Epoch 19/100 - Train Loss: 0.7304, Test Loss: 0.9414
Epoch 20/100 - Train Loss: 0.7101, Test Loss: 0.9280
Epoch 21/100 - Train Loss: 0.6868, Test Loss: 0.9284
Epoch 22/100 - Train Loss: 0.6705, Test Loss: 0.9277
Epoch 23/100 - Train Loss: 0.6137, Test Loss: 0.9031
Epoch 24/100 - Train Loss: 0.6523, Test Loss: 0.9575
Epoch 25/100 - Train Loss: 0.5954, Test Loss: 0.9214
Epoch 26/100 - Train Loss: 0.5876, Test Loss: 0.9416
Epoch 27/100 - Train Loss: 0.5349, Test Loss: 0.9133
Epoch 28/100 - Train Loss: 0.5481, Test Loss: 0.9375
Epoch 29/100 - Train Loss: 0.5744, Test Loss: 0.9897
Epoch 30/100 - Train Loss: 0.4756, Test Loss: 0.9095
Epoch 31/100 - Train Loss: 0.5297, Test Loss: 1.0077
Epoch 32/100 - Train Loss: 0.4200, Test Loss: 0.9461
Epoch 33/100 - Train Loss: 0.3957, Test Loss: 0.9411
Epoch 34/100 - Train Loss: 0.4038, Test Loss: 0.9810
Epoch 35/100 - Train Loss: 0.3872, Test Loss: 1.0119
Epoch 36/100 - Train Loss: 0.3781, Test Loss: 1.0189
Epoch 37/100 - Train Loss: 0.3389, Test Loss: 1.0248
Epoch 38/100 - Train Loss: 0.3672, Test Loss: 1.0682
Epoch 39/100 - Train Loss: 0.3409, Test Loss: 1.1000
Epoch 40/100 - Train Loss: 0.3119, Test Loss: 1.1097
Epoch 41/100 - Train Loss: 0.2794, Test Loss: 1.1111
Epoch 42/100 - Train Loss: 0.2232, Test Loss: 1.0978
Epoch 43/100 - Train Loss: 0.2515, Test Loss: 1.1848
Epoch 44/100 - Train Loss: 0.2417, Test Loss: 1.2216
Epoch 45/100 - Train Loss: 0.1711, Test Loss: 1.1335
Epoch 46/100 - Train Loss: 0.1606, Test Loss: 1.1979
Epoch 47/100 - Train Loss: 0.1841, Test Loss: 1.2578
Epoch 48/100 - Train Loss: 0.1476, Test Loss: 1.2932
Epoch 49/100 - Train Loss: 0.1306, Test Loss: 1.2763
Epoch 50/100 - Train Loss: 0.1078, Test Loss: 1.3738
Epoch 51/100 - Train Loss: 0.0494, Test Loss: 1.3196
Epoch 52/100 - Train Loss: 0.0444, Test Loss: 1.3409
Epoch 53/100 - Train Loss: 0.0424, Test Loss: 1.3584
Epoch 54/100 - Train Loss: 0.0391, Test Loss: 1.3760
Epoch 55/100 - Train Loss: 0.0373, Test Loss: 1.3895
Epoch 56/100 - Train Loss: 0.0364, Test Loss: 1.4014
Epoch 57/100 - Train Loss: 0.0350, Test Loss: 1.4140
Epoch 58/100 - Train Loss: 0.0338, Test Loss: 1.4287
Epoch 59/100 - Train Loss: 0.0320, Test Loss: 1.4375
Epoch 60/100 - Train Loss: 0.0313, Test Loss: 1.4462
Epoch 61/100 - Train Loss: 0.0305, Test Loss: 1.4562
Epoch 62/100 - Train Loss: 0.0291, Test Loss: 1.4679
Epoch 63/100 - Train Loss: 0.0287, Test Loss: 1.4779
Epoch 64/100 - Train Loss: 0.0288, Test Loss: 1.4898
Epoch 65/100 - Train Loss: 0.0267, Test Loss: 1.4932
Epoch 66/100 - Train Loss: 0.0268, Test Loss: 1.5024
Epoch 67/100 - Train Loss: 0.0256, Test Loss: 1.5112
Epoch 68/100 - Train Loss: 0.0247, Test Loss: 1.5131
Epoch 69/100 - Train Loss: 0.0245, Test Loss: 1.5267
Epoch 70/100 - Train Loss: 0.0238, Test Loss: 1.5336
Epoch 71/100 - Train Loss: 0.0229, Test Loss: 1.5417
Epoch 72/100 - Train Loss: 0.0224, Test Loss: 1.5440
Epoch 73/100 - Train Loss: 0.0221, Test Loss: 1.5575
Epoch 74/100 - Train Loss: 0.0214, Test Loss: 1.5616
Epoch 75/100 - Train Loss: 0.0211, Test Loss: 1.5727
Epoch 76/100 - Train Loss: 0.0206, Test Loss: 1.5689
Epoch 77/100 - Train Loss: 0.0205, Test Loss: 1.5696
Epoch 78/100 - Train Loss: 0.0205, Test Loss: 1.5707
Epoch 79/100 - Train Loss: 0.0204, Test Loss: 1.5716
Epoch 80/100 - Train Loss: 0.0203, Test Loss: 1.5727
Epoch 81/100 - Train Loss: 0.0203, Test Loss: 1.5737
Epoch 82/100 - Train Loss: 0.0203, Test Loss: 1.5741
Epoch 83/100 - Train Loss: 0.0202, Test Loss: 1.5751
Epoch 84/100 - Train Loss: 0.0202, Test Loss: 1.5759
Epoch 85/100 - Train Loss: 0.0201, Test Loss: 1.5768
Epoch 86/100 - Train Loss: 0.0201, Test Loss: 1.5773
Epoch 87/100 - Train Loss: 0.0200, Test Loss: 1.5779
Epoch 88/100 - Train Loss: 0.0200, Test Loss: 1.5786
Epoch 89/100 - Train Loss: 0.0200, Test Loss: 1.5791
Epoch 90/100 - Train Loss: 0.0199, Test Loss: 1.5807
Epoch 91/100 - Train Loss: 0.0199, Test Loss: 1.5814
Epoch 92/100 - Train Loss: 0.0198, Test Loss: 1.5826
Epoch 93/100 - Train Loss: 0.0198, Test Loss: 1.5824
Epoch 94/100 - Train Loss: 0.0197, Test Loss: 1.5832
Epoch 95/100 - Train Loss: 0.0197, Test Loss: 1.5843
Epoch 96/100 - Train Loss: 0.0197, Test Loss: 1.5852
Epoch 97/100 - Train Loss: 0.0196, Test Loss: 1.5850
Epoch 98/100 - Train Loss: 0.0196, Test Loss: 1.5860
Epoch 99/100 - Train Loss: 0.0195, Test Loss: 1.5868
Epoch 100/100 - Train Loss: 0.0195, Test Loss: 1.5870
total size: 42.617958068847656
