device is cuda:0
Files already downloaded and verified
Files already downloaded and verified
SGD (
Parameter Group 0
    dampening: 0
    differentiable: False
    foreach: None
    initial_lr: 0.0001
    lr: 0.0001
    maximize: False
    momentum: 0.9
    nesterov: False
    weight_decay: 0
)
Epoch 1/50 - Train Loss: 2.2645, Test Loss: 2.2637
Epoch 2/50 - Train Loss: 2.1970, Test Loss: 2.1948
Epoch 3/50 - Train Loss: 2.0625, Test Loss: 2.0565
Epoch 4/50 - Train Loss: 1.8871, Test Loss: 1.8803
Epoch 5/50 - Train Loss: 1.7760, Test Loss: 1.7690
Epoch 6/50 - Train Loss: 1.6805, Test Loss: 1.6754
Epoch 7/50 - Train Loss: 1.6408, Test Loss: 1.6397
Epoch 8/50 - Train Loss: 1.5775, Test Loss: 1.5784
Epoch 9/50 - Train Loss: 1.5367, Test Loss: 1.5399
Epoch 10/50 - Train Loss: 1.4916, Test Loss: 1.4982
Epoch 11/50 - Train Loss: 1.5002, Test Loss: 1.5068
Epoch 12/50 - Train Loss: 1.4534, Test Loss: 1.4614
Epoch 13/50 - Train Loss: 1.4250, Test Loss: 1.4338
Epoch 14/50 - Train Loss: 1.3939, Test Loss: 1.4017
Epoch 15/50 - Train Loss: 1.3814, Test Loss: 1.3937
Epoch 16/50 - Train Loss: 1.3649, Test Loss: 1.3796
Epoch 17/50 - Train Loss: 1.3460, Test Loss: 1.3626
Epoch 18/50 - Train Loss: 1.3168, Test Loss: 1.3303
Epoch 19/50 - Train Loss: 1.2855, Test Loss: 1.3038
Epoch 20/50 - Train Loss: 1.2821, Test Loss: 1.2994
Epoch 21/50 - Train Loss: 1.2479, Test Loss: 1.2711
Epoch 22/50 - Train Loss: 1.2176, Test Loss: 1.2454
Epoch 23/50 - Train Loss: 1.2039, Test Loss: 1.2338
Epoch 24/50 - Train Loss: 1.2167, Test Loss: 1.2499
Epoch 25/50 - Train Loss: 1.2071, Test Loss: 1.2462
Epoch 26/50 - Train Loss: 1.1425, Test Loss: 1.1827
Epoch 27/50 - Train Loss: 1.1425, Test Loss: 1.1834
Epoch 28/50 - Train Loss: 1.1381, Test Loss: 1.1798
Epoch 29/50 - Train Loss: 1.1384, Test Loss: 1.1808
Epoch 30/50 - Train Loss: 1.1341, Test Loss: 1.1771
Epoch 31/50 - Train Loss: 1.1313, Test Loss: 1.1761
Epoch 32/50 - Train Loss: 1.1287, Test Loss: 1.1731
Epoch 33/50 - Train Loss: 1.1278, Test Loss: 1.1731
Epoch 34/50 - Train Loss: 1.1299, Test Loss: 1.1757
Epoch 35/50 - Train Loss: 1.1247, Test Loss: 1.1708
Epoch 36/50 - Train Loss: 1.1225, Test Loss: 1.1697
Epoch 37/50 - Train Loss: 1.1204, Test Loss: 1.1675
Epoch 38/50 - Train Loss: 1.1167, Test Loss: 1.1641
Epoch 39/50 - Train Loss: 1.1165, Test Loss: 1.1638
Epoch 40/50 - Train Loss: 1.1164, Test Loss: 1.1639
Epoch 41/50 - Train Loss: 1.1166, Test Loss: 1.1643
Epoch 42/50 - Train Loss: 1.1158, Test Loss: 1.1637
Epoch 43/50 - Train Loss: 1.1157, Test Loss: 1.1636
Epoch 44/50 - Train Loss: 1.1156, Test Loss: 1.1634
Epoch 45/50 - Train Loss: 1.1155, Test Loss: 1.1632
Epoch 46/50 - Train Loss: 1.1152, Test Loss: 1.1631
Epoch 47/50 - Train Loss: 1.1150, Test Loss: 1.1631
Epoch 48/50 - Train Loss: 1.1147, Test Loss: 1.1628
Epoch 49/50 - Train Loss: 1.1146, Test Loss: 1.1627
Epoch 50/50 - Train Loss: 1.1143, Test Loss: 1.1625
total size: 42.617958068847656
