device is cuda:0
Files already downloaded and verified
Files already downloaded and verified
SGD (
Parameter Group 0
    dampening: 0
    differentiable: False
    foreach: None
    initial_lr: 0.0005
    lr: 0.0005
    maximize: False
    momentum: 0.9
    nesterov: False
    weight_decay: 0
)
Epoch 1/100 - Train Loss: 1.8675, Test Loss: 1.8606
Epoch 2/100 - Train Loss: 1.5615, Test Loss: 1.5613
Epoch 3/100 - Train Loss: 1.4530, Test Loss: 1.4621
Epoch 4/100 - Train Loss: 1.3658, Test Loss: 1.3741
Epoch 5/100 - Train Loss: 1.2764, Test Loss: 1.2953
Epoch 6/100 - Train Loss: 1.2289, Test Loss: 1.2638
Epoch 7/100 - Train Loss: 1.1763, Test Loss: 1.2187
Epoch 8/100 - Train Loss: 1.0913, Test Loss: 1.1461
Epoch 9/100 - Train Loss: 1.0524, Test Loss: 1.1175
Epoch 10/100 - Train Loss: 1.0363, Test Loss: 1.1143
Epoch 11/100 - Train Loss: 0.9576, Test Loss: 1.0497
Epoch 12/100 - Train Loss: 0.9385, Test Loss: 1.0401
Epoch 13/100 - Train Loss: 0.9108, Test Loss: 1.0239
Epoch 14/100 - Train Loss: 0.9927, Test Loss: 1.1090
Epoch 15/100 - Train Loss: 0.9279, Test Loss: 1.0718
Epoch 16/100 - Train Loss: 0.8198, Test Loss: 0.9764
Epoch 17/100 - Train Loss: 0.8060, Test Loss: 0.9686
Epoch 18/100 - Train Loss: 0.7784, Test Loss: 0.9473
Epoch 19/100 - Train Loss: 0.7566, Test Loss: 0.9464
Epoch 20/100 - Train Loss: 0.7360, Test Loss: 0.9279
Epoch 21/100 - Train Loss: 0.7152, Test Loss: 0.9263
Epoch 22/100 - Train Loss: 0.7125, Test Loss: 0.9373
Epoch 23/100 - Train Loss: 0.6514, Test Loss: 0.9023
Epoch 24/100 - Train Loss: 0.6887, Test Loss: 0.9507
Epoch 25/100 - Train Loss: 0.6467, Test Loss: 0.9312
Epoch 26/100 - Train Loss: 0.6308, Test Loss: 0.9376
Epoch 27/100 - Train Loss: 0.5666, Test Loss: 0.8980
Epoch 28/100 - Train Loss: 0.5798, Test Loss: 0.9201
Epoch 29/100 - Train Loss: 0.6686, Test Loss: 1.0239
Epoch 30/100 - Train Loss: 0.5159, Test Loss: 0.8942
Epoch 31/100 - Train Loss: 0.5776, Test Loss: 0.9667
Epoch 32/100 - Train Loss: 0.4680, Test Loss: 0.9130
Epoch 33/100 - Train Loss: 0.4707, Test Loss: 0.9265
Epoch 34/100 - Train Loss: 0.4623, Test Loss: 0.9454
Epoch 35/100 - Train Loss: 0.4387, Test Loss: 0.9597
Epoch 36/100 - Train Loss: 0.4238, Test Loss: 0.9448
Epoch 37/100 - Train Loss: 0.3777, Test Loss: 0.9461
Epoch 38/100 - Train Loss: 0.4154, Test Loss: 0.9815
Epoch 39/100 - Train Loss: 0.3835, Test Loss: 0.9912
Epoch 40/100 - Train Loss: 0.3603, Test Loss: 1.0071
Epoch 41/100 - Train Loss: 0.3442, Test Loss: 1.0257
Epoch 42/100 - Train Loss: 0.2928, Test Loss: 0.9956
Epoch 43/100 - Train Loss: 0.2950, Test Loss: 1.0310
Epoch 44/100 - Train Loss: 0.3575, Test Loss: 1.1487
Epoch 45/100 - Train Loss: 0.2419, Test Loss: 1.0398
Epoch 46/100 - Train Loss: 0.2415, Test Loss: 1.1022
Epoch 47/100 - Train Loss: 0.2016, Test Loss: 1.0603
Epoch 48/100 - Train Loss: 0.2629, Test Loss: 1.1872
Epoch 49/100 - Train Loss: 0.2056, Test Loss: 1.1359
Epoch 50/100 - Train Loss: 0.1744, Test Loss: 1.1614
Epoch 51/100 - Train Loss: 0.0978, Test Loss: 1.1235
Epoch 52/100 - Train Loss: 0.0900, Test Loss: 1.1410
Epoch 53/100 - Train Loss: 0.0865, Test Loss: 1.1496
Epoch 54/100 - Train Loss: 0.0832, Test Loss: 1.1684
Epoch 55/100 - Train Loss: 0.0803, Test Loss: 1.1729
Epoch 56/100 - Train Loss: 0.0789, Test Loss: 1.1839
Epoch 57/100 - Train Loss: 0.0768, Test Loss: 1.1949
Epoch 58/100 - Train Loss: 0.0753, Test Loss: 1.2083
Epoch 59/100 - Train Loss: 0.0732, Test Loss: 1.2167
Epoch 60/100 - Train Loss: 0.0702, Test Loss: 1.2222
Epoch 61/100 - Train Loss: 0.0691, Test Loss: 1.2231
Epoch 62/100 - Train Loss: 0.0663, Test Loss: 1.2349
Epoch 63/100 - Train Loss: 0.0653, Test Loss: 1.2409
Epoch 64/100 - Train Loss: 0.0648, Test Loss: 1.2527
Epoch 65/100 - Train Loss: 0.0618, Test Loss: 1.2602
Epoch 66/100 - Train Loss: 0.0606, Test Loss: 1.2648
Epoch 67/100 - Train Loss: 0.0606, Test Loss: 1.2758
Epoch 68/100 - Train Loss: 0.0574, Test Loss: 1.2773
Epoch 69/100 - Train Loss: 0.0565, Test Loss: 1.2839
Epoch 70/100 - Train Loss: 0.0549, Test Loss: 1.2941
Epoch 71/100 - Train Loss: 0.0540, Test Loss: 1.3014
Epoch 72/100 - Train Loss: 0.0538, Test Loss: 1.3101
Epoch 73/100 - Train Loss: 0.0518, Test Loss: 1.3195
Epoch 74/100 - Train Loss: 0.0509, Test Loss: 1.3210
Epoch 75/100 - Train Loss: 0.0507, Test Loss: 1.3353
Epoch 76/100 - Train Loss: 0.0481, Test Loss: 1.3263
Epoch 77/100 - Train Loss: 0.0480, Test Loss: 1.3272
Epoch 78/100 - Train Loss: 0.0478, Test Loss: 1.3287
Epoch 79/100 - Train Loss: 0.0476, Test Loss: 1.3290
Epoch 80/100 - Train Loss: 0.0475, Test Loss: 1.3298
Epoch 81/100 - Train Loss: 0.0474, Test Loss: 1.3315
Epoch 82/100 - Train Loss: 0.0473, Test Loss: 1.3316
Epoch 83/100 - Train Loss: 0.0473, Test Loss: 1.3320
Epoch 84/100 - Train Loss: 0.0470, Test Loss: 1.3331
Epoch 85/100 - Train Loss: 0.0470, Test Loss: 1.3339
Epoch 86/100 - Train Loss: 0.0469, Test Loss: 1.3348
Epoch 87/100 - Train Loss: 0.0467, Test Loss: 1.3354
Epoch 88/100 - Train Loss: 0.0467, Test Loss: 1.3356
Epoch 89/100 - Train Loss: 0.0465, Test Loss: 1.3366
Epoch 90/100 - Train Loss: 0.0464, Test Loss: 1.3378
Epoch 91/100 - Train Loss: 0.0463, Test Loss: 1.3382
Epoch 92/100 - Train Loss: 0.0463, Test Loss: 1.3393
Epoch 93/100 - Train Loss: 0.0461, Test Loss: 1.3400
Epoch 94/100 - Train Loss: 0.0460, Test Loss: 1.3404
Epoch 95/100 - Train Loss: 0.0459, Test Loss: 1.3412
Epoch 96/100 - Train Loss: 0.0458, Test Loss: 1.3421
Epoch 97/100 - Train Loss: 0.0457, Test Loss: 1.3426
Epoch 98/100 - Train Loss: 0.0456, Test Loss: 1.3428
Epoch 99/100 - Train Loss: 0.0455, Test Loss: 1.3439
Epoch 100/100 - Train Loss: 0.0455, Test Loss: 1.3447
total size: 42.617958068847656
