device is cuda:0
Files already downloaded and verified
Files already downloaded and verified
SGD (
Parameter Group 0
    dampening: 0
    differentiable: False
    foreach: None
    initial_lr: 0.0001
    lr: 0.0001
    maximize: False
    momentum: 0.9
    nesterov: False
    weight_decay: 0
)
Epoch 1/50 - Train Loss: 2.2649, Test Loss: 2.2642
Epoch 2/50 - Train Loss: 2.1996, Test Loss: 2.1975
Epoch 3/50 - Train Loss: 2.0705, Test Loss: 2.0647
Epoch 4/50 - Train Loss: 1.8966, Test Loss: 1.8897
Epoch 5/50 - Train Loss: 1.7868, Test Loss: 1.7795
Epoch 6/50 - Train Loss: 1.6914, Test Loss: 1.6857
Epoch 7/50 - Train Loss: 1.6505, Test Loss: 1.6486
Epoch 8/50 - Train Loss: 1.5890, Test Loss: 1.5887
Epoch 9/50 - Train Loss: 1.5485, Test Loss: 1.5510
Epoch 10/50 - Train Loss: 1.5032, Test Loss: 1.5087
Epoch 11/50 - Train Loss: 1.5086, Test Loss: 1.5143
Epoch 12/50 - Train Loss: 1.4647, Test Loss: 1.4716
Epoch 13/50 - Train Loss: 1.4400, Test Loss: 1.4475
Epoch 14/50 - Train Loss: 1.4094, Test Loss: 1.4163
Epoch 15/50 - Train Loss: 1.3968, Test Loss: 1.4074
Epoch 16/50 - Train Loss: 1.3813, Test Loss: 1.3936
Epoch 17/50 - Train Loss: 1.3748, Test Loss: 1.3893
Epoch 18/50 - Train Loss: 1.3340, Test Loss: 1.3446
Epoch 19/50 - Train Loss: 1.3078, Test Loss: 1.3222
Epoch 20/50 - Train Loss: 1.3099, Test Loss: 1.3230
Epoch 21/50 - Train Loss: 1.2758, Test Loss: 1.2944
Epoch 22/50 - Train Loss: 1.2461, Test Loss: 1.2689
Epoch 23/50 - Train Loss: 1.2285, Test Loss: 1.2531
Epoch 24/50 - Train Loss: 1.2482, Test Loss: 1.2740
Epoch 25/50 - Train Loss: 1.2311, Test Loss: 1.2627
Epoch 26/50 - Train Loss: 1.1733, Test Loss: 1.2059
Epoch 27/50 - Train Loss: 1.1738, Test Loss: 1.2070
Epoch 28/50 - Train Loss: 1.1688, Test Loss: 1.2027
Epoch 29/50 - Train Loss: 1.1689, Test Loss: 1.2033
Epoch 30/50 - Train Loss: 1.1656, Test Loss: 1.2000
Epoch 31/50 - Train Loss: 1.1626, Test Loss: 1.1986
Epoch 32/50 - Train Loss: 1.1598, Test Loss: 1.1953
Epoch 33/50 - Train Loss: 1.1591, Test Loss: 1.1956
Epoch 34/50 - Train Loss: 1.1610, Test Loss: 1.1979
Epoch 35/50 - Train Loss: 1.1554, Test Loss: 1.1929
Epoch 36/50 - Train Loss: 1.1533, Test Loss: 1.1912
Epoch 37/50 - Train Loss: 1.1513, Test Loss: 1.1892
Epoch 38/50 - Train Loss: 1.1483, Test Loss: 1.1863
Epoch 39/50 - Train Loss: 1.1480, Test Loss: 1.1860
Epoch 40/50 - Train Loss: 1.1479, Test Loss: 1.1860
Epoch 41/50 - Train Loss: 1.1482, Test Loss: 1.1865
Epoch 42/50 - Train Loss: 1.1475, Test Loss: 1.1859
Epoch 43/50 - Train Loss: 1.1473, Test Loss: 1.1857
Epoch 44/50 - Train Loss: 1.1472, Test Loss: 1.1856
Epoch 45/50 - Train Loss: 1.1470, Test Loss: 1.1853
Epoch 46/50 - Train Loss: 1.1468, Test Loss: 1.1852
Epoch 47/50 - Train Loss: 1.1466, Test Loss: 1.1852
Epoch 48/50 - Train Loss: 1.1463, Test Loss: 1.1849
Epoch 49/50 - Train Loss: 1.1462, Test Loss: 1.1849
Epoch 50/50 - Train Loss: 1.1459, Test Loss: 1.1847
total size: 42.617958068847656
