device is cuda:0
Files already downloaded and verified
Files already downloaded and verified
SGD (
Parameter Group 0
    dampening: 0
    differentiable: False
    foreach: None
    initial_lr: 0.0001
    lr: 0.0001
    maximize: False
    momentum: 0.9
    nesterov: False
    weight_decay: 0
)
Epoch 1/100 - Train Loss: 2.2698, Test Loss: 2.2692
Epoch 2/100 - Train Loss: 2.2268, Test Loss: 2.2251
Epoch 3/100 - Train Loss: 2.1547, Test Loss: 2.1512
Epoch 4/100 - Train Loss: 2.0503, Test Loss: 2.0448
Epoch 5/100 - Train Loss: 1.9369, Test Loss: 1.9305
Epoch 6/100 - Train Loss: 1.8610, Test Loss: 1.8535
Epoch 7/100 - Train Loss: 1.7963, Test Loss: 1.7884
Epoch 8/100 - Train Loss: 1.7422, Test Loss: 1.7335
Epoch 9/100 - Train Loss: 1.7084, Test Loss: 1.7001
Epoch 10/100 - Train Loss: 1.6830, Test Loss: 1.6753
Epoch 11/100 - Train Loss: 1.6670, Test Loss: 1.6607
Epoch 12/100 - Train Loss: 1.6529, Test Loss: 1.6475
Epoch 13/100 - Train Loss: 1.6487, Test Loss: 1.6443
Epoch 14/100 - Train Loss: 1.6338, Test Loss: 1.6288
Epoch 15/100 - Train Loss: 1.6262, Test Loss: 1.6221
Epoch 16/100 - Train Loss: 1.6141, Test Loss: 1.6105
Epoch 17/100 - Train Loss: 1.6161, Test Loss: 1.6136
Epoch 18/100 - Train Loss: 1.6143, Test Loss: 1.6095
Epoch 19/100 - Train Loss: 1.6049, Test Loss: 1.6013
Epoch 20/100 - Train Loss: 1.5994, Test Loss: 1.5952
Epoch 21/100 - Train Loss: 1.5939, Test Loss: 1.5912
Epoch 22/100 - Train Loss: 1.5914, Test Loss: 1.5899
Epoch 23/100 - Train Loss: 1.5875, Test Loss: 1.5837
Epoch 24/100 - Train Loss: 1.5950, Test Loss: 1.5921
Epoch 25/100 - Train Loss: 1.5857, Test Loss: 1.5846
Epoch 26/100 - Train Loss: 1.6006, Test Loss: 1.5968
Epoch 27/100 - Train Loss: 1.5923, Test Loss: 1.5900
Epoch 28/100 - Train Loss: 1.6060, Test Loss: 1.6035
Epoch 29/100 - Train Loss: 1.5844, Test Loss: 1.5821
Epoch 30/100 - Train Loss: 1.5811, Test Loss: 1.5782
Epoch 31/100 - Train Loss: 1.5859, Test Loss: 1.5828
Epoch 32/100 - Train Loss: 1.5908, Test Loss: 1.5864
Epoch 33/100 - Train Loss: 1.5840, Test Loss: 1.5813
Epoch 34/100 - Train Loss: 1.5863, Test Loss: 1.5846
Epoch 35/100 - Train Loss: 1.6013, Test Loss: 1.5989
Epoch 36/100 - Train Loss: 1.5917, Test Loss: 1.5888
Epoch 37/100 - Train Loss: 1.5931, Test Loss: 1.5919
Epoch 38/100 - Train Loss: 1.5900, Test Loss: 1.5867
Epoch 39/100 - Train Loss: 1.5930, Test Loss: 1.5912
Epoch 40/100 - Train Loss: 1.5921, Test Loss: 1.5889
Epoch 41/100 - Train Loss: 1.5949, Test Loss: 1.5921
Epoch 42/100 - Train Loss: 1.5994, Test Loss: 1.5966
Epoch 43/100 - Train Loss: 1.6024, Test Loss: 1.6000
Epoch 44/100 - Train Loss: 1.6108, Test Loss: 1.6074
Epoch 45/100 - Train Loss: 1.6035, Test Loss: 1.5999
Epoch 46/100 - Train Loss: 1.6032, Test Loss: 1.6007
Epoch 47/100 - Train Loss: 1.6062, Test Loss: 1.6038
Epoch 48/100 - Train Loss: 1.6095, Test Loss: 1.6067
Epoch 49/100 - Train Loss: 1.6071, Test Loss: 1.6042
Epoch 50/100 - Train Loss: 1.6111, Test Loss: 1.6075
Epoch 51/100 - Train Loss: 1.6072, Test Loss: 1.6042
Epoch 52/100 - Train Loss: 1.6072, Test Loss: 1.6041
Epoch 53/100 - Train Loss: 1.6074, Test Loss: 1.6044
Epoch 54/100 - Train Loss: 1.6078, Test Loss: 1.6047
Epoch 55/100 - Train Loss: 1.6073, Test Loss: 1.6043
Epoch 56/100 - Train Loss: 1.6075, Test Loss: 1.6044
Epoch 57/100 - Train Loss: 1.6085, Test Loss: 1.6052
Epoch 58/100 - Train Loss: 1.6082, Test Loss: 1.6047
Epoch 59/100 - Train Loss: 1.6076, Test Loss: 1.6046
Epoch 60/100 - Train Loss: 1.6076, Test Loss: 1.6045
Epoch 61/100 - Train Loss: 1.6086, Test Loss: 1.6061
Epoch 62/100 - Train Loss: 1.6082, Test Loss: 1.6050
Epoch 63/100 - Train Loss: 1.6081, Test Loss: 1.6047
Epoch 64/100 - Train Loss: 1.6088, Test Loss: 1.6060
Epoch 65/100 - Train Loss: 1.6080, Test Loss: 1.6052
Epoch 66/100 - Train Loss: 1.6100, Test Loss: 1.6072
Epoch 67/100 - Train Loss: 1.6086, Test Loss: 1.6054
Epoch 68/100 - Train Loss: 1.6086, Test Loss: 1.6056
Epoch 69/100 - Train Loss: 1.6086, Test Loss: 1.6055
Epoch 70/100 - Train Loss: 1.6096, Test Loss: 1.6069
Epoch 71/100 - Train Loss: 1.6092, Test Loss: 1.6061
Epoch 72/100 - Train Loss: 1.6098, Test Loss: 1.6069
Epoch 73/100 - Train Loss: 1.6091, Test Loss: 1.6062
Epoch 74/100 - Train Loss: 1.6101, Test Loss: 1.6073
Epoch 75/100 - Train Loss: 1.6097, Test Loss: 1.6068
Epoch 76/100 - Train Loss: 1.6092, Test Loss: 1.6062
Epoch 77/100 - Train Loss: 1.6093, Test Loss: 1.6062
Epoch 78/100 - Train Loss: 1.6092, Test Loss: 1.6062
Epoch 79/100 - Train Loss: 1.6093, Test Loss: 1.6062
Epoch 80/100 - Train Loss: 1.6093, Test Loss: 1.6063
Epoch 81/100 - Train Loss: 1.6093, Test Loss: 1.6063
Epoch 82/100 - Train Loss: 1.6093, Test Loss: 1.6063
Epoch 83/100 - Train Loss: 1.6093, Test Loss: 1.6063
Epoch 84/100 - Train Loss: 1.6093, Test Loss: 1.6063
Epoch 85/100 - Train Loss: 1.6093, Test Loss: 1.6063
Epoch 86/100 - Train Loss: 1.6093, Test Loss: 1.6063
Epoch 87/100 - Train Loss: 1.6094, Test Loss: 1.6063
Epoch 88/100 - Train Loss: 1.6094, Test Loss: 1.6063
Epoch 89/100 - Train Loss: 1.6094, Test Loss: 1.6064
Epoch 90/100 - Train Loss: 1.6094, Test Loss: 1.6064
Epoch 91/100 - Train Loss: 1.6094, Test Loss: 1.6064
Epoch 92/100 - Train Loss: 1.6094, Test Loss: 1.6064
Epoch 93/100 - Train Loss: 1.6094, Test Loss: 1.6065
Epoch 94/100 - Train Loss: 1.6094, Test Loss: 1.6064
Epoch 95/100 - Train Loss: 1.6094, Test Loss: 1.6064
Epoch 96/100 - Train Loss: 1.6095, Test Loss: 1.6065
Epoch 97/100 - Train Loss: 1.6095, Test Loss: 1.6065
Epoch 98/100 - Train Loss: 1.6095, Test Loss: 1.6065
Epoch 99/100 - Train Loss: 1.6095, Test Loss: 1.6065
Epoch 100/100 - Train Loss: 1.6095, Test Loss: 1.6065
