device is cuda:0
Files already downloaded and verified
Files already downloaded and verified
SGD (
Parameter Group 0
    dampening: 0
    differentiable: False
    foreach: None
    initial_lr: 0.001
    lr: 0.001
    maximize: False
    momentum: 0.9
    nesterov: False
    weight_decay: 0
)
Epoch 1/50 - Train Loss: 1.6242, Test Loss: 1.6234
Epoch 2/50 - Train Loss: 1.4262, Test Loss: 1.4331
Epoch 3/50 - Train Loss: 1.2938, Test Loss: 1.3241
Epoch 4/50 - Train Loss: 1.1958, Test Loss: 1.2388
Epoch 5/50 - Train Loss: 1.0909, Test Loss: 1.1541
Epoch 6/50 - Train Loss: 1.0445, Test Loss: 1.1232
Epoch 7/50 - Train Loss: 1.0178, Test Loss: 1.1255
Epoch 8/50 - Train Loss: 0.8648, Test Loss: 0.9997
Epoch 9/50 - Train Loss: 0.8534, Test Loss: 1.0037
Epoch 10/50 - Train Loss: 0.8169, Test Loss: 0.9885
Epoch 11/50 - Train Loss: 0.7527, Test Loss: 0.9652
Epoch 12/50 - Train Loss: 0.6973, Test Loss: 0.9464
Epoch 13/50 - Train Loss: 0.6730, Test Loss: 0.9451
Epoch 14/50 - Train Loss: 0.7078, Test Loss: 1.0214
Epoch 15/50 - Train Loss: 0.6504, Test Loss: 0.9981
Epoch 16/50 - Train Loss: 0.5362, Test Loss: 0.9310
Epoch 17/50 - Train Loss: 0.5414, Test Loss: 0.9846
Epoch 18/50 - Train Loss: 0.4959, Test Loss: 0.9702
Epoch 19/50 - Train Loss: 0.4189, Test Loss: 0.9635
Epoch 20/50 - Train Loss: 0.3960, Test Loss: 0.9476
Epoch 21/50 - Train Loss: 0.3544, Test Loss: 0.9737
Epoch 22/50 - Train Loss: 0.3277, Test Loss: 1.0330
Epoch 23/50 - Train Loss: 0.3158, Test Loss: 1.0928
Epoch 24/50 - Train Loss: 0.2684, Test Loss: 1.0956
Epoch 25/50 - Train Loss: 0.2440, Test Loss: 1.1661
Epoch 26/50 - Train Loss: 0.1154, Test Loss: 1.1508
Epoch 27/50 - Train Loss: 0.1010, Test Loss: 1.1908
Epoch 28/50 - Train Loss: 0.0941, Test Loss: 1.2151
Epoch 29/50 - Train Loss: 0.0856, Test Loss: 1.2456
Epoch 30/50 - Train Loss: 0.0796, Test Loss: 1.2727
Epoch 31/50 - Train Loss: 0.0742, Test Loss: 1.2949
Epoch 32/50 - Train Loss: 0.0689, Test Loss: 1.3262
Epoch 33/50 - Train Loss: 0.0649, Test Loss: 1.3348
Epoch 34/50 - Train Loss: 0.0616, Test Loss: 1.3589
Epoch 35/50 - Train Loss: 0.0577, Test Loss: 1.3814
Epoch 36/50 - Train Loss: 0.0534, Test Loss: 1.4026
Epoch 37/50 - Train Loss: 0.0515, Test Loss: 1.4445
Epoch 38/50 - Train Loss: 0.0484, Test Loss: 1.4303
Epoch 39/50 - Train Loss: 0.0479, Test Loss: 1.4322
Epoch 40/50 - Train Loss: 0.0475, Test Loss: 1.4367
Epoch 41/50 - Train Loss: 0.0471, Test Loss: 1.4388
Epoch 42/50 - Train Loss: 0.0468, Test Loss: 1.4433
Epoch 43/50 - Train Loss: 0.0465, Test Loss: 1.4452
Epoch 44/50 - Train Loss: 0.0462, Test Loss: 1.4477
Epoch 45/50 - Train Loss: 0.0459, Test Loss: 1.4509
Epoch 46/50 - Train Loss: 0.0456, Test Loss: 1.4536
Epoch 47/50 - Train Loss: 0.0453, Test Loss: 1.4552
Epoch 48/50 - Train Loss: 0.0450, Test Loss: 1.4576
Epoch 49/50 - Train Loss: 0.0447, Test Loss: 1.4605
Epoch 50/50 - Train Loss: 0.0444, Test Loss: 1.4623
total size: 42.617958068847656
